24:31  "[Net 接受]"  0  "0,211,12,0,0"  
9,183,1,1"  
24:31  "[Net 接受]"  0  "0,0,2,0"  
,67,57,70,57,45,48,68,57,48,66,56,67,51,53,48,67,66,135,191,73,0,1"  
,1,0"  
24:31  "[Net 接受]"  496  "240,3,36,49,53,53,69,55,51,70,66,45,50,65,56,48,45,48,48,51,56,45,67,57,70,57,45,48,68,57,48,66,56,67,51,53,48,67,66,182,175,73,0,1"  
24:31  "[Net 接受]"  496  "240,3,36,49,53,53,69,55,51,70,66,45,50,65,56,48,45,48,48,51,56,45,67,57,70,57,45,48,68,57,48,66,56,67,51,53,48,67,66,184,175,73,171,130,1,1"  
7,138,233,143,131,231,69"  
Net 接受]"  498  "242,3,36,49,53,53,69,55,51,70,66,45,50,65,56,48,45,48,48,51,56,45,67,57,70,57,45,48,68,57,48,66,56,67,51,53,48,67,66,203,153,67,133,136,174,253,231,69"  
24:31  "[Net 接受]"  498  "242,3,36,49,53,53,69,55,51,70,66,45,50,65,56,48,45,48,48,51,56,45,67,57,70,57,45,48,68,57,48,66,56,67,51,53,48,67,66,145,155,67,0"  
16,144,96,0,227,229,164,1,144,78,0,228,229,164,1,128,220,204,20,0,229,229,164,1,128,148,230,61,0,230,229,164,1,0,0,234,229,164,1,144,78,0"  
,44,34,110,97,109,101,34,58,34,230,178,153,230,188,160,34,44,34,112,111,115,34,58,123,34,120,34,58,45,51,48,57,44,34,121,34,58,54,49,49,125,44,34,116,97,103,34,58,102,97,108,115,101,125,125,93,125,200,1,13,49,52,55,56,56,53,53,57,50,56,57,49,51,201,1,13,49,52,55,56,56,53,53,57,51,53,54,49,54,202,1,7,49,55,48,49,48,48,50,0,16,1,0"  
 "240,3,36,49,53,53,69,55,51,70,66,45,50,65,56,48,45,48,48,51,56,45,67,57,70,57,45,48,68,57,48,66,56,67,51,53,48,67,66,135,191,73,0,1"  
17:0  "[Net 接受]"  495  "239,3,36,49,53,53,69,55,51,70,66,45,50,65,56,48,45,48,48,51,56,45,67,57,70,57,45,48,68,57,48,66,56,67,51,53,48,67,66,3,0,0,0,0"  
17:0  "[Net 接受]"  494  "238,3,36,49,53,53,69,55,51,70,66,45,50,65,56,48,45,48,48,51,56,45,67,57,70,57,45,48,68,57,48,66,56,67,51,53,48,67,66,184,175,73,12"  
17:0  "[Net 接受]"  397  "141,3,36,49,53,53,69,56,70,70,55,45,53,66,55,57,45,48,67,52,48,45,70,49,66,70,45,65,69,51,48,48,56,49,70,49,53,57,53,137,198,73,36,49,53,50,52,52,68,66,48,45,66,48,52,48,45,48,48,57,52,45,70,51,56,65,45,53,50,68,56,65,55,68,70,67,52,49,67,36,49,53,53,69,55,51,70,66,45,50,65,56,48,45,48,48,51,56,45,67,57,70,57,45,48,68,57,48,66,56,67,51,53,48,67,66,22,230,136,145,232,166,129,229,142,187,229,185,180,231,154,132,229,136,134,229,159,142,49,254,255,255,255,15,254,255,255,255,15,12,161,203,152,1,230,119,167,203,152,1,42,171,203,152,1,2,237,203,152,1,2,238,203,152,1,10,163,204,152,1,163,5,164,204,152,1,188,8,175,204,152,1,160,209,25,176,204,152,1,128,199,140,2,177,204,152,1,192,154,12,192,204,152,1,128,199,140,2,193,204,152,1,192,154,12,1,0,0,0"  
17:0  "[Net 接受]"  493  "237,3,36,49,53,53,69,56,70,70,55,45,53,66,55,57,45,48,67,52,48,45,70,49,66,70,45,65,69,51,48,48,56,49,70,49,53,57,53,0,0,0"  
17:0  "[Net 接受]"  397  "141,3,36,49,53,53,69,56,70,70,55,45,53,66,55,57,45,48,67,52,48,45,70,49,66,70,45,65,69,51,48,48,56,49,70,49,53,57,53,137,198,73,36,49,53,50,52,52,68,66,48,45,66,48,52,48,45,48,48,57,52,45,70,51,56,65,45,53,50,68,56,65,55,68,70,67,52,49,67,36,49,53,53,69,55,51,70,66,45,50,65,56,48,45,48,48,51,56,45,67,57,70,57,45,48,68,57,48,66,56,67,51,53,48,67,66,22,230,136,145,232,166,129,229,142,187,229,185,180,231,154,132,229,136,134,229,159,142,49,254,255,255,255,15,254,255,255,255,15,12,161,203,152,1,230,119,167,203,152,1,42,171,203,152,1,2,237,203,152,1,2,238,203,152,1,10,163,204,152,1,163,5,164,204,152,1,188,8,175,204,152,1,160,209,25,176,204,152,1,128,199,140,2,177,204,152,1,192,154,12,192,204,152,1,128,199,140,2,193,204,152,1,192,154,12,1,0,0,0"  
17:0  "[Net 接受]"  397  "141,3,36,49,53,54,68,65,49,50,49,45,68,54,68,51,45,48,49,66,49,45,70,69,56,54,45,53,65,49,66,66,52,49,67,52,67,48,67,181,175,73,36,49,53,50,52,52,68,66,48,45,66,48,52,48,45,48,48,57,52,45,70,51,56,65,45,53,50,68,56,65,55,68,70,67,52,49,67,36,49,53,53,69,55,51,70,66,45,50,65,56,48,45,48,48,51,56,45,67,57,70,57,45,48,68,57,48,66,56,67,51,53,48,67,66,0,207,8,178,7,6,171,203,152,1,200,1,237,203,152,1,200,1,153,204,152,1,80,175,204,152,1,224,18,176,204,152,1,0,194,204,152,1,220,1,1,0,0,0"  
17:0  "[Net 接受]"  397  "141,3,36,49,53,54,68,65,55,70,70,45,57,52,68,48,45,48,67,67,52,45,67,53,55,48,45,69,69,56,56,69,54,50,67,66,52,50,57,162,176,73,36,49,53,50,52,52,68,66,48,45,66,48,52,48,45,48,48,57,52,45,70,51,56,65,45,53,50,68,56,65,55,68,70,67,52,49,67,36,49,53,53,69,55,51,70,66,45,50,65,56,48,45,48,48,51,56,45,67,57,70,57,45,48,68,57,48,66,56,67,51,53,48,67,66,0,207,8,178,7,5,171,203,152,1,152,17,237,203,152,1,152,17,153,204,152,1,80,175,204,152,1,128,133,15,194,204,152,1,220,1,1,0,0,1,227,229,164,1,144,78,0"  
17:0  "[Net 接受]"  397  "141,3,36,49,53,56,65,57,67,54,56,45,55,50,65,52,45,48,49,55,48,45,69,51,57,67,45,53,48,53,57,70,50,69,69,65,55,55,48,162,176,73,36,49,53,50,52,52,68,66,48,45,66,48,52,48,45,48,48,57,52,45,70,51,56,65,45,53,50,68,56,65,55,68,70,67,52,49,67,36,49,53,53,69,55,51,70,66,45,50,65,56,48,45,48,48,51,56,45,67,57,70,57,45,48,68,57,48,66,56,67,51,53,48,67,66,0,207,8,178,7,5,171,203,152,1,232,7,237,203,152,1,232,7,153,204,152,1,80,175,204,152,1,128,235,6,194,204,152,1,220,1,1,0,0,0"  
17:0  "[Net 接受]"  397  "141,3,36,49,53,56,65,57,67,54,56,45,55,51,55,52,45,48,49,55,56,45,69,51,57,67,45,49,51,51,49,50,51,66,70,68,57,51,69,162,176,73,36,49,53,50,52,52,68,66,48,45,66,48,52,48,45,48,48,57,52,45,70,51,56,65,45,53,50,68,56,65,55,68,70,67,52,49,67,36,49,53,53,69,55,51,70,66,45,50,65,56,48,45,48,48,51,56,45,67,57,70,57,45,48,68,57,48,66,56,67,51,53,48,67,66,0,207,8,178,7,3,171,203,152,1,232,7,237,203,152,1,232,7,175,204,152,1,128,235,6,1,0,0,0"  
17:0  "[Net 接受]"  0  "0,144,3,0,0"  
17:0  "[Net 发送]"  2000  "[208,15,211,219,183,1]"  
17:0  "[Net 接受]"  0  "0,222,12,214,244,8,0"  
17:0  "[Net 接受]"  0  "0,208,15,0,0"  
17:0  "[Net 发送]"  0  "[0,0,0,0]"  
17:0  "[Net 发送]"  1619  "[211,12]"  
17:0  "[Net 接受]"  1658  "250,12,0"  
17:2  "[Net 发送]"  0  "[0,0,0,0]"  
17:2  "[Net 接受]"  0  "0,0,2,0"  
17:3  "[Net 发送]"  1401  "[249,10]"  
17:3  "[Net 接受]"  1498  "218,11,0,0,0,0"  
17:4  "[Net 发送]"  0  "[0,0,0,0]"  
17:4  "[Net 接受]"  0  "0,0,2,0"  
17:6  "[Net 发送]"  0  "[0,0,0,0]"  
17:6  "[Net 接受]"  0  "0,0,2,0"  
17:8  "[Net 发送]"  0  "[0,0,0,0]"  
17:8  "[Net 接受]"  0  "0,0,2,0"  
17:10  "[Net 发送]"  0  "[0,0,0,0]"  
17:10  "[Net 接受]"  0  "0,0,2,0"  
17:12  "[Net 发送]"  0  "[0,0,0,0]"  
17:12  "[Net 接受]"  0  "0,0,2,0"  
17:13  "[Net 发送]"  206  "[206,1,3,97,98,99]"  
17:13  "[Net 接受]"  296  "168,2,3,97,98,99,228,188,214,130,147,43"  
17:14  "[Net 发送]"  0  "[0,0,0,0]"  
17:14  "[Net 接受]"  0  "0,0,2,0"  
17:16  "[Net 发送]"  0  "[0,0,0,0]"  
17:16  "[Net 接受]"  0  "0,0,2,0"  
17:18  "[Net 发送]"  0  "[0,0,0,0]"  
17:18  "[Net 接受]"  0  "0,0,2,0"  
17:20  "[Net 发送]"  0  "[0,0,0,0]"  
17:20  "[Net 接受]"  0  "0,0,2,0"  
17:22  "[Net 发送]"  0  "[0,0,0,0]"  
17:22  "[Net 接受]"  0  "0,0,2,0"  
17:23  "[Net 发送]"  1403  "[251,10]"  
17:23  "[Net 接受]"  1496  "216,11,128,246,216,214,146,43,0,0,0,0"  
17:24  "[Net 发送]"  0  "[0,0,0,0]"  
17:24  "[Net 接受]"  0  "0,0,2,0"  
17:26  "[Net 发送]"  0  "[0,0,0,0]"  
17:26  "[Net 接受]"  0  "0,0,2,0"  
17:28  "[Net 发送]"  0  "[0,0,0,0]"  
17:28  "[Net 接受]"  0  "0,0,2,0"  
17:28  "[Net 发送]"  206  "[206,1,3,97,98,99]"  
17:28  "[Net 接受]"  296  "168,2,3,97,98,99,177,178,215,130,147,43"  
17:30  "[Net 发送]"  0  "[0,0,0,0]"  
17:30  "[Net 接受]"  0  "0,0,2,0"  
17:32  "[Net 发送]"  0  "[0,0,0,0]"  
17:32  "[Net 接受]"  0  "0,0,2,0"  
17:34  "[Net 发送]"  0  "[0,0,0,0]"  
17:34  "[Net 接受]"  0  "0,0,2,0"  
17:36  "[Net 发送]"  0  "[0,0,0,0]"  
17:36  "[Net 接受]"  0  "0,0,2,0"  
17:38  "[Net 发送]"  0  "[0,0,0,0]"  
17:38  "[Net 接受]"  0  "0,0,2,0"  
17:40  "[Net 发送]"  0  "[0,0,0,0]"  
17:40  "[Net 接受]"  0  "0,0,2,0"  
17:42  "[Net 发送]"  0  "[0,0,0,0]"  
17:42  "[Net 接受]"  0  "0,0,2,0"  
17:43  "[Net 发送]"  206  "[206,1,3,97,98,99]"  
17:43  "[Net 接受]"  296  "168,2,3,97,98,99,172,167,216,130,147,43"  
17:44  "[Net 发送]"  0  "[0,0,0,0]"  
17:44  "[Net 接受]"  0  "0,0,2,0"  
17:46  "[Net 发送]"  0  "[0,0,0,0]"  
17:46  "[Net 接受]"  0  "0,0,2,0"  
17:48  "[Net 发送]"  0  "[0,0,0,0]"  
17:48  "[Net 接受]"  0  "0,0,2,0"  
17:50  "[Net 发送]"  0  "[0,0,0,0]"  
17:50  "[Net 接受]"  0  "0,0,2,0"  
17:52  "[Net 发送]"  0  "[0,0,0,0]"  
17:52  "[Net 接受]"  0  "0,0,2,0"  
17:53  "[Net 发送]"  1403  "[251,10]"  
17:53  "[Net 接受]"  1496  "216,11,128,246,216,214,146,43,0,0,0,0"  
17:54  "[Net 发送]"  0  "[0,0,0,0]"  
17:54  "[Net 接受]"  0  "0,0,2,0"  
17:56  "[Net 发送]"  0  "[0,0,0,0]"  
17:56  "[Net 接受]"  0  "0,0,2,0"  
17:58  "[Net 发送]"  0  "[0,0,0,0]"  
17:58  "[Net 接受]"  0  "0,0,2,0"  
17:58  "[Net 发送]"  206  "[206,1,3,97,98,99]"  
17:58  "[Net 接受]"  296  "168,2,3,97,98,99,223,156,217,130,147,43"  
18:0  "[Net 发送]"  0  "[0,0,0,0]"  
18:0  "[Net 接受]"  0  "0,0,2,0"  
18:2  "[Net 发送]"  0  "[0,0,0,0]"  
18:2  "[Net 接受]"  0  "0,0,2,0"  
18:4  "[Net 发送]"  0  "[0,0,0,0]"  
18:4  "[Net 接受]"  0  "0,0,2,0"  
18:6  "[Net 发送]"  0  "[0,0,0,0]"  
18:6  "[Net 接受]"  0  "0,0,2,0"  
18:8  "[Net 发送]"  0  "[0,0,0,0]"  
18:8  "[Net 接受]"  0  "0,0,2,0"  
18:10  "[Net 发送]"  0  "[0,0,0,0]"  
18:10  "[Net 接受]"  0  "0,0,2,0"  
18:12  "[Net 发送]"  0  "[0,0,0,0]"  
18:12  "[Net 接受]"  0  "0,0,2,0"  
18:13  "[Net 发送]"  206  "[206,1,3,97,98,99]"  
18:13  "[Net 接受]"  296  "168,2,3,97,98,99,155,146,218,130,147,43"  
18:14  "[Net 发送]"  0  "[0,0,0,0]"  
18:14  "[Net 接受]"  0  "0,0,2,0"  
18:16  "[Net 发送]"  0  "[0,0,0,0]"  
18:16  "[Net 接受]"  0  "0,0,2,0"  
18:18  "[Net 发送]"  0  "[0,0,0,0]"  
18:18  "[Net 接受]"  0  "0,0,2,0"  
18:20  "[Net 发送]"  0  "[0,0,0,0]"  
18:20  "[Net 接受]"  0  "0,0,2,0"  
18:22  "[Net 发送]"  0  "[0,0,0,0]"  
18:22  "[Net 接受]"  0  "0,0,2,0"  
18:23  "[Net 发送]"  1403  "[251,10]"  
18:23  "[Net 接受]"  1496  "216,11,128,246,216,214,146,43,0,0,0,0"  
18:24  "[Net 发送]"  0  "[0,0,0,0]"  
18:24  "[Net 接受]"  0  "0,0,2,0"  
18:26  "[Net 发送]"  0  "[0,0,0,0]"  
18:26  "[Net 接受]"  0  "0,0,2,0"  
18:28  "[Net 发送]"  0  "[0,0,0,0]"  
18:28  "[Net 接受]"  0  "0,0,2,0"  
18:28  "[Net 发送]"  206  "[206,1,3,97,98,99]"  
18:28  "[Net 接受]"  296  "168,2,3,97,98,99,153,135,219,130,147,43"  
18:30  "[Net 发送]"  0  "[0,0,0,0]"  
18:30  "[Net 接受]"  0  "0,0,2,0"  
18:32  "[Net 发送]"  0  "[0,0,0,0]"  
18:32  "[Net 接受]"  0  "0,0,2,0"  
18:34  "[Net 发送]"  0  "[0,0,0,0]"  
18:34  "[Net 接受]"  0  "0,0,2,0"  
18:36  "[Net 发送]"  0  "[0,0,0,0]"  
18:36  "[Net 接受]"  0  "0,0,2,0"  
18:38  "[Net 发送]"  0  "[0,0,0,0]"  
18:38  "[Net 接受]"  0  "0,0,2,0"  
18:40  "[Net 发送]"  0  "[0,0,0,0]"  
18:40  "[Net 接受]"  0  "0,0,2,0"  
18:42  "[Net 发送]"  0  "[0,0,0,0]"  
18:42  "[Net 接受]"  0  "0,0,2,0"  
18:43  "[Net 发送]"  206  "[206,1,3,97,98,99]"  
18:43  "[Net 接受]"  296  "168,2,3,97,98,99,180,252,219,130,147,43"  
18:44  "[Net 发送]"  0  "[0,0,0,0]"  
18:44  "[Net 接受]"  0  "0,0,2,0"  
18:46  "[Net 发送]"  0  "[0,0,0,0]"  
18:46  "[Net 接受]"  0  "0,0,2,0"  
18:48  "[Net 发送]"  0  "[0,0,0,0]"  
18:48  "[Net 接受]"  0  "0,0,2,0"  
18:50  "[Net 发送]"  0  "[0,0,0,0]"  
18:50  "[Net 接受]"  0  "0,0,2,0"  
18:52  "[Net 发送]"  0  "[0,0,0,0]"  
18:52  "[Net 接受]"  0  "0,0,2,0"  
18:53  "[Net 发送]"  1403  "[251,10]"  
18:53  "[Net 接受]"  1496  "216,11,128,246,216,214,146,43,0,0,0,0"  
18:54  "[Net 发送]"  0  "[0,0,0,0]"  
18:54  "[Net 接受]"  0  "0,0,2,0"  
18:56  "[Net 发送]"  0  "[0,0,0,0]"  
18:56  "[Net 接受]"  0  "0,0,2,0"  
18:58  "[Net 发送]"  0  "[0,0,0,0]"  
18:58  "[Net 接受]"  0  "0,0,2,0"  
18:58  "[Net 接受]"  0  "0,206,1,0,0"  
19:0  "[Net 发送]"  0  "[0,0,0,0]"  
19:0  "[Net 接受]"  0  "0,0,2,0"  
19:2  "[Net 发送]"  0  "[0,0,0,0]"  
19:2  "[Net 接受]"  0  "0,0,2,0"  
19:4  "[Net 发送]"  0  "[0,0,0,0]"  
19:4  "[Net 接受]"  0  "0,0,2,0"  
19:6  "[Net 发送]"  0  "[0,0,0,0]"  
19:6  "[Net 接受]"  0  "0,0,2,0"  
19:8  "[Net 发送]"  0  "[0,0,0,0]"  
19:8  "[Net 接受]"  0  "0,0,2,0"  
19:10  "[Net 发送]"  0  "[0,0,0,0]"  
19:10  "[Net 接受]"  0  "0,0,2,0"  
19:12  "[Net 发送]"  0  "[0,0,0,0]"  
19:12  "[Net 接受]"  0  "0,0,2,0"  
19:13  "[Net 发送]"  206  "[206,1,3,97,98,99]"  
19:13  "[Net 接受]"  296  "168,2,3,97,98,99,251,230,221,130,147,43"  
19:14  "[Net 发送]"  0  "[0,0,0,0]"  
19:14  "[Net 接受]"  0  "0,0,2,0"  
19:16  "[Net 发送]"  0  "[0,0,0,0]"  
19:16  "[Net 接受]"  0  "0,0,2,0"  
19:18  "[Net 发送]"  0  "[0,0,0,0]"  
19:19  "[Net 接受]"  0  "0,0,2,0"  
19:20  "[Net 发送]"  0  "[0,0,0,0]"  
19:20  "[Net 接受]"  0  "0,0,2,0"  
19:22  "[Net 发送]"  0  "[0,0,0,0]"  
19:22  "[Net 接受]"  0  "0,0,2,0"  
19:23  "[Net 发送]"  1403  "[251,10]"  
19:23  "[Net 接受]"  1496  "216,11,128,246,216,214,146,43,0,0,0,0"  
19:24  "[Net 发送]"  0  "[0,0,0,0]"  
19:25  "[Net 接受]"  0  "0,0,2,0"  
19:26  "[Net 发送]"  0  "[0,0,0,0]"  
19:27  "[Net 接受]"  0  "0,0,2,0"  
19:28  "[Net 发送]"  206  "[206,1,3,97,98,99]"  
19:28  "[Net 接受]"  296  "168,2,3,97,98,99,162,220,222,130,147,43"  
19:28  "[Net 发送]"  0  "[0,0,0,0]"  
19:29  "[Net 接受]"  0  "0,0,2,0"  
19:30  "[Net 发送]"  0  "[0,0,0,0]"  
19:31  "[Net 接受]"  0  "0,0,2,0"  
19:32  "[Net 发送]"  0  "[0,0,0,0]"  
19:33  "[Net 接受]"  0  "0,0,2,0"  
19:35  "[Net 发送]"  0  "[0,0,0,0]"  
19:35  "[Net 接受]"  0  "0,0,2,0"  
19:36  "[Net 发送]"  0  "[0,0,0,0]"  
19:37  "[Net 接受]"  0  "0,0,2,0"  
19:39  "[Net 发送]"  0  "[0,0,0,0]"  
19:39  "[Net 接受]"  0  "0,0,2,0"  
19:41  "[Net 发送]"  0  "[0,0,0,0]"  
19:41  "[Net 接受]"  0  "0,0,2,0"  
19:43  "[Net 发送]"  0  "[0,0,0,0]"  
19:43  "[Net 接受]"  0  "0,0,2,0"  
19:43  "[Net 发送]"  206  "[206,1,3,97,98,99]"  
19:43  "[Net 接受]"  296  "168,2,3,97,98,99,197,209,223,130,147,43"  
19:45  "[Net 发送]"  0  "[0,0,0,0]"  
19:45  "[Net 接受]"  0  "0,0,2,0"  
19:47  "[Net 发送]"  0  "[0,0,0,0]"  
19:47  "[Net 接受]"  0  "0,0,2,0"  
19:49  "[Net 发送]"  0  "[0,0,0,0]"  
19:49  "[Net 接受]"  0  "0,0,2,0"  
19:51  "[Net 发送]"  0  "[0,0,0,0]"  
19:51  "[Net 接受]"  0  "0,0,2,0"  
19:53  "[Net 发送]"  0  "[0,0,0,0]"  
19:53  "[Net 接受]"  0  "0,0,2,0"  
19:53  "[Net 发送]"  1403  "[251,10]"  
19:53  "[Net 接受]"  1496  "216,11,128,246,216,214,146,43,0,0,0,0"  
19:55  "[Net 发送]"  0  "[0,0,0,0]"  
19:55  "[Net 接受]"  0  "0,0,2,0"  
19:57  "[Net 发送]"  0  "[0,0,0,0]"  
19:57  "[Net 接受]"  0  "0,0,2,0"  
19:58  "[Net 发送]"  206  "[206,1,3,97,98,99]"  
19:58  "[Net 接受]"  296  "168,2,3,97,98,99,137,199,224,130,147,43"  
19:59  "[Net 发送]"  0  "[0,0,0,0]"  
19:59  "[Net 接受]"  0  "0,0,2,0"  
20:1  "[Net 发送]"  0  "[0,0,0,0]"  
20:1  "[Net 接受]"  0  "0,0,2,0"  
20:3  "[Net 发送]"  0  "[0,0,0,0]"  
20:3  "[Net 接受]"  0  "0,0,2,0"  
20:5  "[Net 发送]"  0  "[0,0,0,0]"  
20:5  "[Net 接受]"  0  "0,0,2,0"  
20:7  "[Net 发送]"  0  "[0,0,0,0]"  
20:7  "[Net 接受]"  0  "0,0,2,0"  
20:9  "[Net 发送]"  0  "[0,0,0,0]"  
20:9  "[Net 接受]"  0  "0,0,2,0"  
20:11  "[Net 发送]"  0  "[0,0,0,0]"  
20:11  "[Net 接受]"  0  "0,0,2,0"  
20:13  "[Net 发送]"  0  "[0,0,0,0]"  
20:13  "[Net 接受]"  0  "0,0,2,0"  
20:13  "[Net 发送]"  206  "[206,1,3,97,98,99]"  
20:13  "[Net 接受]"  296  "168,2,3,97,98,99,152,188,225,130,147,43"  
20:15  "[Net 发送]"  0  "[0,0,0,0]"  
20:15  "[Net 接受]"  0  "0,0,2,0"  
20:17  "[Net 发送]"  0  "[0,0,0,0]"  
20:17  "[Net 接受]"  0  "0,0,2,0"  
20:19  "[Net 发送]"  0  "[0,0,0,0]"  
20:19  "[Net 接受]"  0  "0,0,2,0"  
20:21  "[Net 发送]"  0  "[0,0,0,0]"  
20:21  "[Net 接受]"  0  "0,0,2,0"  
20:23  "[Net 发送]"  0  "[0,0,0,0]"  
20:23  "[Net 接受]"  0  "0,0,2,0"  
20:23  "[Net 发送]"  1403  "[251,10]"  
20:23  "[Net 接受]"  1496  "216,11,128,246,216,214,146,43,0,0,0,0"  
20:25  "[Net 发送]"  0  "[0,0,0,0]"  
20:25  "[Net 接受]"  0  "0,0,2,0"  
20:27  "[Net 发送]"  0  "[0,0,0,0]"  
20:27  "[Net 接受]"  0  "0,0,2,0"  
20:28  "[Net 发送]"  206  "[206,1,3,97,98,99]"  
20:29  "[Net 接受]"  296  "168,2,3,97,98,99,215,179,226,130,147,43"  
20:29  "[Net 发送]"  0  "[0,0,0,0]"  
20:29  "[Net 接受]"  0  "0,0,2,0"  
20:31  "[Net 发送]"  0  "[0,0,0,0]"  
20:31  "[Net 接受]"  0  "0,0,2,0"  
20:33  "[Net 发送]"  0  "[0,0,0,0]"  
20:33  "[Net 接受]"  0  "0,0,2,0"  
20:35  "[Net 发送]"  0  "[0,0,0,0]"  
20:35  "[Net 接受]"  0  "0,0,2,0"  
20:37  "[Net 发送]"  0  "[0,0,0,0]"  
20:37  "[Net 接受]"  0  "0,0,2,0"  
20:39  "[Net 发送]"  0  "[0,0,0,0]"  
20:39  "[Net 接受]"  0  "0,0,2,0"  
20:41  "[Net 发送]"  0  "[0,0,0,0]"  
20:41  "[Net 接受]"  0  "0,0,2,0"  
20:43  "[Net 发送]"  0  "[0,0,0,0]"  
20:43  "[Net 接受]"  0  "0,0,2,0"  
20:43  "[Net 发送]"  206  "[206,1,3,97,98,99]"  
20:43  "[Net 接受]"  296  "168,2,3,97,98,99,206,166,227,130,147,43"  
20:45  "[Net 接受]"  298  "170,2,36,49,53,50,52,52,68,66,48,45,66,48,52,48,45,48,48,57,52,45,70,51,56,65,45,53,50,68,56,65,55,68,70,67,52,49,67,12,230,136,145,232,166,129,229,142,187,229,185,180,12,102,1,48,106,1,48,108,0,120,1,49,122,1,49,181,1,1,49,196,1,0,197,1,2,49,54,199,1,203,1,123,34,105,110,100,101,120,34,58,50,44,34,108,105,115,116,34,58,91,123,125,44,123,34,49,34,58,123,34,105,100,34,58,49,44,34,116,121,112,101,34,58,49,52,48,49,48,48,50,44,34,110,97,109,101,34,58,34,232,141,146,229,142,159,230,148,182,230,139,190,230,148,182,230,139,190,34,44,34,112,111,115,34,58,123,34,120,34,58,45,50,57,53,44,34,121,34,58,49,51,56,125,44,34,116,97,103,34,58,116,114,117,101,125,125,44,123,125,44,123,34,50,34,58,123,34,105,100,34,58,50,44,34,116,121,112,101,34,58,49,52,48,49,48,48,52,44,34,110,97,109,101,34,58,34,232,141,146,229,142,159,34,44,34,112,111,115,34,58,123,34,120,34,58,45,51,51,52,44,34,121,34,58,49,51,55,125,44,34,116,97,103,34,58,102,97,108,115,101,125,125,93,125,200,1,13,49,52,56,50,53,55,52,54,49,54,55,50,49,201,1,0,202,1,7,49,55,48,50,48,48,50,0,17,1,1"  
20:45  "[Net 接受]"  498  "242,3,36,49,53,53,69,55,51,70,66,45,50,65,56,48,45,48,48,51,56,45,67,57,70,57,45,48,68,57,48,66,56,67,51,53,48,67,66,201,153,67,132,132,171,143,251,63"  
20:45  "[Net 接受]"  493  "237,3,36,49,53,53,69,55,51,70,66,45,50,65,56,48,45,48,48,51,56,45,67,57,70,57,45,48,68,57,48,66,56,67,51,53,48,67,66,1,184,175,73,0,0,0"  
20:45  "[Net 发送]"  0  "[0,0,0,0]"  
20:45  "[Net 接受]"  0  "0,0,2,0"  
20:47  "[Net 发送]"  0  "[0,0,0,0]"  
20:47  "[Net 接受]"  0  "0,0,2,0"  
20:49  "[Net 发送]"  0  "[0,0,0,0]"  
20:49  "[Net 接受]"  0  "0,0,2,0"  
20:51  "[Net 发送]"  0  "[0,0,0,0]"  
20:51  "[Net 接受]"  0  "0,0,2,0"  
20:53  "[Net 发送]"  0  "[0,0,0,0]"  
20:53  "[Net 接受]"  0  "0,0,2,0"  
20:53  "[Net 发送]"  1403  "[251,10]"  
20:53  "[Net 接受]"  1496  "216,11,128,246,216,214,146,43,0,0,0,0"  
20:55  "[Net 发送]"  0  "[0,0,0,0]"  
20:55  "[Net 接受]"  0  "0,0,2,0"  
20:57  "[Net 发送]"  0  "[0,0,0,0]"  
20:57  "[Net 接受]"  0  "0,0,2,0"  
20:58  "[Net 发送]"  206  "[206,1,3,97,98,99]"  
20:58  "[Net 接受]"  296  "168,2,3,97,98,99,236,155,228,130,147,43"  
20:59  "[Net 发送]"  0  "[0,0,0,0]"  
20:59  "[Net 接受]"  0  "0,0,2,0"  
21:1  "[Net 发送]"  0  "[0,0,0,0]"  
21:1  "[Net 接受]"  0  "0,0,2,0"  
21:3  "[Net 发送]"  0  "[0,0,0,0]"  
21:3  "[Net 接受]"  0  "0,0,2,0"  
21:5  "[Net 发送]"  0  "[0,0,0,0]"  
21:5  "[Net 接受]"  0  "0,0,2,0"  
21:7  "[Net 发送]"  0  "[0,0,0,0]"  
21:7  "[Net 接受]"  0  "0,0,2,0"  
21:9  "[Net 发送]"  0  "[0,0,0,0]"  
21:9  "[Net 接受]"  0  "0,0,2,0"  
21:11  "[Net 发送]"  0  "[0,0,0,0]"  
21:11  "[Net 接受]"  0  "0,0,2,0"  
21:13  "[Net 发送]"  0  "[0,0,0,0]"  
21:13  "[Net 接受]"  0  "0,0,2,0"  
21:13  "[Net 发送]"  206  "[206,1,3,97,98,99]"  
21:13  "[Net 接受]"  296  "168,2,3,97,98,99,142,145,229,130,147,43"  
21:15  "[Net 发送]"  0  "[0,0,0,0]"  
21:15  "[Net 接受]"  0  "0,0,2,0"  
21:17  "[Net 发送]"  0  "[0,0,0,0]"  
21:17  "[Net 接受]"  0  "0,0,2,0"  
21:19  "[Net 发送]"  0  "[0,0,0,0]"  
21:19  "[Net 接受]"  0  "0,0,2,0"  
21:21  "[Net 发送]"  0  "[0,0,0,0]"  
21:21  "[Net 接受]"  0  "0,0,2,0"  
21:23  "[Net 发送]"  0  "[0,0,0,0]"  
21:23  "[Net 接受]"  0  "0,0,2,0"  
21:23  "[Net 接受]"  1496  "216,11,128,246,216,214,146,43,0,0,0,0"  
21:25  "[Net 发送]"  0  "[0,0,0,0]"  
21:25  "[Net 接受]"  0  "0,0,2,0"  
21:27  "[Net 发送]"  0  "[0,0,0,0]"  
21:27  "[Net 接受]"  0  "0,0,2,0"  
21:28  "[Net 发送]"  206  "[206,1,3,97,98,99]"  
21:29  "[Net 接受]"  296  "168,2,3,97,98,99,202,134,230,130,147,43"  
21:29  "[Net 发送]"  0  "[0,0,0,0]"  
21:29  "[Net 接受]"  0  "0,0,2,0"  
21:31  "[Net 发送]"  0  "[0,0,0,0]"  
21:31  "[Net 接受]"  0  "0,0,2,0"  
21:33  "[Net 发送]"  0  "[0,0,0,0]"  
21:33  "[Net 接受]"  0  "0,0,2,0"  
21:35  "[Net 发送]"  0  "[0,0,0,0]"  
21:35  "[Net 接受]"  0  "0,0,2,0"  
21:37  "[Net 发送]"  0  "[0,0,0,0]"  
21:37  "[Net 接受]"  0  "0,0,2,0"  
21:39  "[Net 发送]"  0  "[0,0,0,0]"  
21:39  "[Net 接受]"  0  "0,0,2,0"  
21:41  "[Net 发送]"  0  "[0,0,0,0]"  
21:41  "[Net 接受]"  0  "0,0,2,0"  
21:43  "[Net 发送]"  0  "[0,0,0,0]"  
21:43  "[Net 接受]"  0  "0,0,2,0"  
21:43  "[Net 发送]"  206  "[206,1,3,97,98,99]"  
21:44  "[Net 接受]"  296  "168,2,3,97,98,99,224,251,230,130,147,43"  
21:45  "[Net 发送]"  0  "[0,0,0,0]"  
21:45  "[Net 接受]"  0  "0,0,2,0"  
21:47  "[Net 发送]"  0  "[0,0,0,0]"  
21:47  "[Net 接受]"  0  "0,0,2,0"  
21:49  "[Net 发送]"  0  "[0,0,0,0]"  
21:49  "[Net 接受]"  0  "0,0,2,0"  
21:51  "[Net 发送]"  0  "[0,0,0,0]"  
21:51  "[Net 接受]"  0  "0,0,2,0"  
21:53  "[Net 发送]"  1403  "[251,10]"  
21:53  "[Net 接受]"  1496  "216,11,128,246,216,214,146,43,0,0,0,0"  
21:53  "[Net 接受]"  0  "0,0,2,0"  
21:55  "[Net 发送]"  0  "[0,0,0,0]"  
21:55  "[Net 接受]"  0  "0,0,2,0"  
21:57  "[Net 发送]"  0  "[0,0,0,0]"  
21:57  "[Net 接受]"  0  "0,0,2,0"  
21:58  "[Net 发送]"  206  "[206,1,3,97,98,99]"  
21:58  "[Net 接受]"  296  "168,2,3,97,98,99,255,240,231,130,147,43"  
21:59  "[Net 发送]"  0  "[0,0,0,0]"  
21:59  "[Net 接受]"  0  "0,0,2,0"  
22:1  "[Net 发送]"  0  "[0,0,0,0]"  
22:1  "[Net 接受]"  0  "0,0,2,0"  
22:3  "[Net 发送]"  0  "[0,0,0,0]"  
22:3  "[Net 接受]"  0  "0,0,2,0"  
22:5  "[Net 发送]"  0  "[0,0,0,0]"  
22:5  "[Net 接受]"  0  "0,0,2,0"  
22:7  "[Net 发送]"  0  "[0,0,0,0]"  
22:7  "[Net 接受]"  0  "0,0,2,0"  
22:9  "[Net 发送]"  0  "[0,0,0,0]"  
22:9  "[Net 接受]"  0  "0,0,2,0"  
22:11  "[Net 发送]"  0  "[0,0,0,0]"  
22:11  "[Net 接受]"  0  "0,0,2,0"  
22:13  "[Net 发送]"  0  "[0,0,0,0]"  
22:13  "[Net 接受]"  0  "0,0,2,0"  
22:13  "[Net 发送]"  206  "[206,1,3,97,98,99]"  
22:13  "[Net 接受]"  296  "168,2,3,97,98,99,160,230,232,130,147,43"  
22:15  "[Net 发送]"  0  "[0,0,0,0]"  
22:15  "[Net 接受]"  0  "0,0,2,0"  
22:17  "[Net 发送]"  0  "[0,0,0,0]"  
22:17  "[Net 接受]"  0  "0,0,2,0"  
22:19  "[Net 发送]"  0  "[0,0,0,0]"  
22:19  "[Net 接受]"  0  "0,0,2,0"  
22:21  "[Net 发送]"  0  "[0,0,0,0]"  
22:21  "[Net 接受]"  0  "0,0,2,0"  
22:23  "[Net 发送]"  1403  "[251,10]"  
22:23  "[Net 接受]"  1496  "216,11,128,246,216,214,146,43,0,0,0,0"  
22:23  "[Net 发送]"  0  "[0,0,0,0]"  
22:23  "[Net 接受]"  0  "0,0,2,0"  
22:25  "[Net 发送]"  0  "[0,0,0,0]"  
22:25  "[Net 接受]"  0  "0,0,2,0"  
22:27  "[Net 发送]"  0  "[0,0,0,0]"  
22:27  "[Net 接受]"  0  "0,0,2,0"  
22:28  "[Net 发送]"  206  "[206,1,3,97,98,99]"  
22:29  "[Net 接受]"  296  "168,2,3,97,98,99,202,219,233,130,147,43"  
22:29  "[Net 发送]"  0  "[0,0,0,0]"  
22:29  "[Net 接受]"  0  "0,0,2,0"  
22:31  "[Net 发送]"  0  "[0,0,0,0]"  
22:31  "[Net 接受]"  0  "0,0,2,0"  
22:33  "[Net 发送]"  0  "[0,0,0,0]"  
22:33  "[Net 接受]"  0  "0,0,2,0"  
22:35  "[Net 发送]"  0  "[0,0,0,0]"  
22:35  "[Net 接受]"  0  "0,0,2,0"  
22:37  "[Net 发送]"  0  "[0,0,0,0]"  
22:37  "[Net 接受]"  0  "0,0,2,0"  
22:39  "[Net 发送]"  0  "[0,0,0,0]"  
22:39  "[Net 接受]"  0  "0,0,2,0"  
22:41  "[Net 发送]"  0  "[0,0,0,0]"  
22:41  "[Net 接受]"  0  "0,0,2,0"  
22:43  "[Net 发送]"  0  "[0,0,0,0]"  
22:43  "[Net 接受]"  0  "0,0,2,0"  
22:43  "[Net 发送]"  206  "[206,1,3,97,98,99]"  
22:44  "[Net 接受]"  296  "168,2,3,97,98,99,228,208,234,130,147,43"  
22:45  "[Net 发送]"  0  "[0,0,0,0]"  
22:45  "[Net 接受]"  0  "0,0,2,0"  
22:47  "[Net 发送]"  0  "[0,0,0,0]"  
22:47  "[Net 接受]"  0  "0,0,2,0"  
22:49  "[Net 发送]"  0  "[0,0,0,0]"  
22:49  "[Net 接受]"  0  "0,0,2,0"  
22:51  "[Net 发送]"  0  "[0,0,0,0]"  
22:51  "[Net 接受]"  0  "0,0,2,0"  
22:53  "[Net 发送]"  1403  "[251,10]"  
22:53  "[Net 接受]"  1496  "216,11,128,246,216,214,146,43,0,0,0,0"  
22:53  "[Net 发送]"  0  "[0,0,0,0]"  
22:53  "[Net 接受]"  0  "0,0,2,0"  
22:55  "[Net 发送]"  0  "[0,0,0,0]"  
22:55  "[Net 接受]"  0  "0,0,2,0"  
22:57  "[Net 发送]"  0  "[0,0,0,0]"  
22:57  "[Net 接受]"  0  "0,0,2,0"  
22:58  "[Net 发送]"  206  "[206,1,3,97,98,99]"  
22:59  "[Net 接受]"  296  "168,2,3,97,98,99,134,198,235,130,147,43"  
22:59  "[Net 发送]"  0  "[0,0,0,0]"  
22:59  "[Net 接受]"  0  "0,0,2,0"  
23:1  "[Net 发送]"  0  "[0,0,0,0]"  
23:1  "[Net 接受]"  0  "0,0,2,0"  
23:3  "[Net 发送]"  0  "[0,0,0,0]"  
23:3  "[Net 接受]"  0  "0,0,2,0"  
23:5  "[Net 发送]"  0  "[0,0,0,0]"  
23:5  "[Net 接受]"  0  "0,0,2,0"  
23:7  "[Net 发送]"  0  "[0,0,0,0]"  
23:8  "[Net 接受]"  0  "0,0,2,0"  
23:9  "[Net 发送]"  0  "[0,0,0,0]"  
23:10  "[Net 接受]"  0  "0,0,2,0"  
23:11  "[Net 发送]"  0  "[0,0,0,0]"  
23:12  "[Net 接受]"  0  "0,0,2,0"  
23:13  "[Net 发送]"  206  "[206,1,3,97,98,99]"  
23:14  "[Net 接受]"  296  "168,2,3,97,98,99,161,187,236,130,147,43"  
23:14  "[Net 接受]"  0  "0,0,2,0"  
23:15  "[Net 发送]"  0  "[0,0,0,0]"  
23:16  "[Net 接受]"  0  "0,0,2,0"  
23:17  "[Net 发送]"  0  "[0,0,0,0]"  
23:18  "[Net 接受]"  0  "0,0,2,0"  
23:19  "[Net 发送]"  0  "[0,0,0,0]"  
23:20  "[Net 接受]"  0  "0,0,2,0"  
23:21  "[Net 发送]"  0  "[0,0,0,0]"  
23:22  "[Net 接受]"  0  "0,0,2,0"  
23:23  "[Net 发送]"  1403  "[251,10]"  
23:23  "[Net 接受]"  1496  "216,11,128,246,216,214,146,43,0,0,0,0"  
23:23  "[Net 发送]"  0  "[0,0,0,0]"  
23:24  "[Net 接受]"  0  "0,0,2,0"  
23:25  "[Net 发送]"  0  "[0,0,0,0]"  
23:26  "[Net 接受]"  0  "0,0,2,0"  
23:28  "[Net 发送]"  0  "[0,0,0,0]"  
23:28  "[Net 接受]"  0  "0,0,2,0"  
23:28  "[Net 发送]"  206  "[206,1,3,97,98,99]"  
23:29  "[Net 接受]"  296  "168,2,3,97,98,99,170,176,237,130,147,43"  
23:30  "[Net 发送]"  0  "[0,0,0,0]"  
23:30  "[Net 接受]"  0  "0,0,2,0"  
23:32  "[Net 发送]"  0  "[0,0,0,0]"  
23:32  "[Net 接受]"  0  "0,0,2,0"  
23:34  "[Net 发送]"  0  "[0,0,0,0]"  
23:34  "[Net 接受]"  0  "0,0,2,0"  
23:36  "[Net 发送]"  0  "[0,0,0,0]"  
23:36  "[Net 接受]"  0  "0,0,2,0"  
23:38  "[Net 发送]"  0  "[0,0,0,0]"  
23:38  "[Net 接受]"  0  "0,0,2,0"  
23:40  "[Net 发送]"  0  "[0,0,0,0]"  
23:40  "[Net 接受]"  0  "0,0,2,0"  
23:42  "[Net 发送]"  0  "[0,0,0,0]"  
23:42  "[Net 接受]"  0  "0,0,2,0"  
23:43  "[Net 发送]"  206  "[206,1,3,97,98,99]"  
23:44  "[Net 接受]"  296  "168,2,3,97,98,99,228,165,238,130,147,43"  
23:44  "[Net 发送]"  0  "[0,0,0,0]"  
23:44  "[Net 接受]"  0  "0,0,2,0"  
23:46  "[Net 发送]"  0  "[0,0,0,0]"  
23:46  "[Net 接受]"  0  "0,0,2,0"  
23:48  "[Net 发送]"  0  "[0,0,0,0]"  
23:48  "[Net 接受]"  0  "0,0,2,0"  
23:50  "[Net 发送]"  0  "[0,0,0,0]"  
23:50  "[Net 接受]"  0  "0,0,2,0"  
23:52  "[Net 发送]"  0  "[0,0,0,0]"  
23:52  "[Net 接受]"  0  "0,0,2,0"  
23:53  "[Net 发送]"  1403  "[251,10]"  
23:53  "[Net 接受]"  1496  "216,11,128,246,216,214,146,43,0,0,0,0"  
23:54  "[Net 发送]"  0  "[0,0,0,0]"  
23:54  "[Net 接受]"  0  "0,0,2,0"  
23:56  "[Net 发送]"  0  "[0,0,0,0]"  
23:56  "[Net 接受]"  0  "0,0,2,0"  
23:58  "[Net 发送]"  0  "[0,0,0,0]"  
23:58  "[Net 接受]"  0  "0,0,2,0"  
23:58  "[Net 发送]"  206  "[206,1,3,97,98,99]"  
23:59  "[Net 接受]"  296  "168,2,3,97,98,99,233,154,239,130,147,43"  
24:0  "[Net 发送]"  0  "[0,0,0,0]"  
24:0  "[Net 接受]"  0  "0,0,2,0"  
24:2  "[Net 发送]"  0  "[0,0,0,0]"  
24:2  "[Net 接受]"  0  "0,0,2,0"  
24:4  "[Net 发送]"  0  "[0,0,0,0]"  
24:4  "[Net 接受]"  0  "0,0,2,0"  
24:6  "[Net 发送]"  0  "[0,0,0,0]"  
24:6  "[Net 接受]"  0  "0,0,2,0"  
24:8  "[Net 发送]"  0  "[0,0,0,0]"  
24:8  "[Net 接受]"  0  "0,0,2,0"  
24:10  "[Net 发送]"  0  "[0,0,0,0]"  
24:10  "[Net 接受]"  0  "0,0,2,0"  
24:12  "[Net 发送]"  0  "[0,0,0,0]"  
24:12  "[Net 接受]"  0  "0,0,2,0"  
24:13  "[Net 发送]"  206  "[206,1,3,97,98,99]"  
24:14  "[Net 接受]"  296  "168,2,3,97,98,99,255,143,240,130,147,43"  
24:14  "[Net 发送]"  0  "[0,0,0,0]"  
24:14  "[Net 接受]"  0  "0,0,2,0"  
24:16  "[Net 发送]"  0  "[0,0,0,0]"  
24:16  "[Net 接受]"  0  "0,0,2,0"  
24:29  "[Net 发送]"  700  "[188,5]"  
24:29  "[Net 发送]"  712  "[200,5]"  
24:29  "[Net 接受]"  298  "170,2,36,49,53,50,52,53,48,66,53,45,51,52,52,48,45,48,48,49,67,45,70,54,65,66,45,69,52,65,53,55,68,65,54,56,50,49,56,6,232,140,151,232,140,151,4,181,1,1,49,198,1,3,49,95,49,200,1,13,49,52,53,50,56,53,55,51,54,54,55,55,54,201,1,13,49,52,53,50,56,53,55,51,55,49,54,51,51,0,1,0,0"  
24:29  "[Net 接受]"  799  "159,6,36,49,53,50,52,53,48,66,53,45,51,52,52,48,45,48,48,49,67,45,70,54,65,66,45,69,52,65,53,55,68,65,54,56,50,49,56,2,0,192,144,254,186,225,42,0"  
24:29  "[Net 接受]"  298  "170,2,36,49,53,50,54,55,51,55,49,45,51,69,54,48,45,48,48,50,56,45,70,50,67,67,45,48,53,52,66,51,49,55,53,48,54,67,55,12,230,136,144,231,165,165,230,172,167,229,183,180,2,122,1,49,181,1,1,49,0,6,0,0"  
24:29  "[Net 接受]"  799  "159,6,36,49,53,50,54,55,51,55,49,45,51,69,54,48,45,48,48,50,56,45,70,50,67,67,45,48,53,52,66,51,49,55,53,48,54,67,55,2,0,136,129,182,229,223,42,0"  
24:29  "[Net 接受]"  0  "0,188,5,0,0"  
24:29  "[Net 接受]"  795  "155,6,0"  
24:30  "[Net 发送]"  713  "[201,5]"  
24:30  "[Net 发送]"  1500  "[220,11]"  
24:30  "[Net 接受]"  0  "0,201,5,0,0"  
24:30  "[Net 发送]"  1200  "[176,9]"  
24:30  "[Net 接受]"  1599  "191,12,193,194,207,1,17,1,1,181,202,207,1"  
24:30  "[Net 接受]"  0  "0,220,11,0,0"  
24:30  "[Net 接受]"  1299  "147,10,211,219,183,1,1,184,209,231,183,143,43,141,237,142,253,236,212,255,255,255,1,153,147,116,1,0,0"  
24:30  "[Net 接受]"  1299  "147,10,233,169,184,1,2,239,230,166,130,147,43,142,150,151,18,0,0,0"  
24:30  "[Net 接受]"  1299  "147,10,237,169,184,1,2,239,230,166,130,147,43,142,150,151,18,0,0,0"  
24:30  "[Net 接受]"  1299  "147,10,209,204,188,1,3,235,230,166,130,147,43,141,237,142,253,236,212,255,255,255,0,0,0"  
24:30  "[Net 接受]"  1299  "147,10,210,204,188,1,3,235,230,166,130,147,43,141,237,142,253,236,212,255,255,255,0,0,0"  
24:30  "[Net 接受]"  1299  "147,10,211,204,188,1,3,235,230,166,130,147,43,141,237,142,253,236,212,255,255,255,0,0,0"  
24:30  "[Net 接受]"  1299  "147,10,212,204,188,1,3,235,230,166,130,147,43,141,237,142,253,236,212,255,255,255,0,0,0"  
24:30  "[Net 接受]"  1299  "147,10,213,204,188,1,3,235,230,166,130,147,43,141,237,142,253,236,212,255,255,255,0,0,0"  
24:30  "[Net 接受]"  0  "0,176,9,0,0"  
24:31  "[Net 发送]"  400  "[144,3,36,49,53,53,69,55,51,70,66,45,50,65,56,48,45,48,48,51,56,45,67,57,70,57,45,48,68,57,48,66,56,67,51,53,48,67,66]"  
24:31  "[Net 发送]"  413  "[157,3,36,49,53,53,69,55,51,70,66,45,50,65,56,48,45,48,48,51,56,45,67,57,70,57,45,48,68,57,48,66,56,67,51,53,48,67,66]"  
24:31  "[Net 发送]"  1630  "[222,12]"  
24:31  "[Net 接受]"  493  "237,3,36,49,53,53,69,55,51,70,66,45,50,65,56,48,45,48,48,51,56,45,67,57,70,57,45,48,68,57,48,66,56,67,51,53,48,67,66,1,184,175,73,0,0,0"  
24:31  "[Net 接受]"  493  "237,3,36,49,53,53,69,55,51,70,66,45,50,65,56,48,45,48,48,51,56,45,67,57,70,57,45,48,68,57,48,66,56,67,51,53,48,67,66,1,184,175,73,0,0,0"  
24:31  "[Net 接受]"  499  "243,3,36,49,53,53,69,55,51,70,66,45,50,65,56,48,45,48,48,51,56,45,67,57,70,57,45,48,68,57,48,66,56,67,51,53,48,67,66,1,249,240,116,1,0,0,0,0,0"  
24:31  "[Net 接受]"  499  "243,3,36,49,53,53,69,55,51,70,66,45,50,65,56,48,45,48,48,51,56,45,67,57,70,57,45,48,68,57,48,66,56,67,51,53,48,67,66,2,178,139,116,1,0,0,0,0,0"  
24:31  "[Net 接受]"  499  "243,3,36,49,53,53,69,55,51,70,66,45,50,65,56,48,45,48,48,51,56,45,67,57,70,57,45,48,68,57,48,66,56,67,51,53,48,67,66,3,179,139,116,1,0,0,0,0,0"  
24:31  "[Net 接受]"  499  "243,3,36,49,53,53,69,55,51,70,66,45,50,65,56,48,45,48,48,51,56,45,67,57,70,57,45,48,68,57,48,66,56,67,51,53,48,67,66,4,180,139,116,15,0,0,0,0,0"  
24:31  "[Net 接受]"  499  "243,3,36,49,53,53,69,55,51,70,66,45,50,65,56,48,45,48,48,51,56,45,67,57,70,57,45,48,68,57,48,66,56,67,51,53,48,67,66,5,177,139,116,30,0,0,0,0,0"  
24:31  "[Net 接受]"  499  "243,3,36,49,53,53,69,55,51,70,66,45,50,65,56,48,45,48,48,51,56,45,67,57,70,57,45,48,68,57,48,66,56,67,51,53,48,67,66,6,217,209,116,1,0,0,0,0,0"  
24:31  "[Net 接受]"  499  "243,3,36,49,53,53,69,55,51,70,66,45,50,65,56,48,45,48,48,51,56,45,67,57,70,57,45,48,68,57,48,66,56,67,51,53,48,67,66,7,0,0,0,0,0,0,0"  
24:31  "[Net 接受]"  499  "243,3,36,49,53,53,69,55,51,70,66,45,50,65,56,48,45,48,48,51,56,45,67,57,70,57,45,48,68,57,48,66,56,67,51,53,48,67,66,9,153,147,116,30,0,0,0,0,0"  
24:31  "[Net 接受]"  499  "243,3,36,49,53,53,69,55,51,70,66,45,50,65,56,48,45,48,48,51,56,45,67,57,70,57,45,48,68,57,48,66,56,67,51,53,48,67,66,11,129,155,116,5,0,0,0,0,0"  
24:31  "[Net 接受]"  499  "243,3,36,49,53,53,69,55,51,70,66,45,50,65,56,48,45,48,48,51,56,45,67,57,70,57,45,48,68,57,48,66,56,67,51,53,48,67,66,13,129,155,116,1,0,0,0,0,0"  
24:31  "[Net 接受]"  499  "243,3,36,49,53,53,69,55,51,70,66,45,50,65,56,48,45,48,48,51,56,45,67,57,70,57,45,48,68,57,48,66,56,67,51,53,48,67,66,15,185,178,116,30,0,0,0,0,0"  
24:31  "[Net 接受]"  499  "243,3,36,49,53,53,69,55,51,70,66,45,50,65,56,48,45,48,48,51,56,45,67,57,70,57,45,48,68,57,48,66,56,67,51,53,48,67,66,16,201,131,116,30,0,0,0,0,0"  
24:31  "[Net 接受]"  499  "243,3,36,49,53,53,69,55,51,70,66,45,50,65,56,48,45,48,48,51,56,45,67,57,70,57,45,48,68,57,48,66,56,67,51,53,48,67,66,18,169,225,116,5,0,0,0,0,0"  
24:31  "[Net 接受]"  499  "243,3,36,49,53,53,69,55,51,70,66,45,50,65,56,48,45,48,48,51,56,45,67,57,70,57,45,48,68,57,48,66,56,67,51,53,48,67,66,20,0,0,0,0,0,0,0"  
24:31  "[Net 接受]"  499  "243,3,36,49,53,53,69,55,51,70,66,45,50,65,56,48,45,48,48,51,56,45,67,57,70,57,45,48,68,57,48,66,56,67,51,53,48,67,66,21,204,128,117,1,0,0,0,0,0"  
24:31  "[Net 接受]"  499  "243,3,36,49,53,53,69,55,51,70,66,45,50,65,56,48,45,48,48,51,56,45,67,57,70,57,45,48,68,57,48,66,56,67,51,53,48,67,66,22,0,0,0,0,0,0,0"  
24:31  "[Net 接受]"  499  "243,3,36,49,53,53,69,55,51,70,66,45,50,65,56,48,45,48,48,51,56,45,67,57,70,57,45,48,68,57,48,66,56,67,51,53,48,67,66,23,0,0,0,0,0,0,0"  
24:31  "[Net 接受]"  499  "243,3,36,49,53,53,69,55,51,70,66,45,50,65,56,48,45,48,48,51,56,45,67,57,70,57,45,48,68,57,48,66,56,67,51,53,48,67,66,24,177,136,117,1,0,0,0,0,0"  
24:31  "[Net 接受]"  499  "243,3,36,49,53,53,69,55,51,70,66,45,50,65,56,48,45,48,48,51,56,45,67,57,70,57,45,48,68,57,48,66,56,67,51,53,48,67,66,25,202,128,117,1,0,0,0,0,0"  
24:31  "[Net 接受]"  499  "243,3,36,49,53,53,69,55,51,70,66,45,50,65,56,48,45,48,48,51,56,45,67,57,70,57,45,48,68,57,48,66,56,67,51,53,48,67,66,27,201,128,117,1,0,0,0,0,0"  
24:31  "[Net 接受]"  499  "243,3,36,49,53,53,69,55,51,70,66,45,50,65,56,48,45,48,48,51,56,45,67,57,70,57,45,48,68,57,48,66,56,67,51,53,48,67,66,28,177,136,117,1,0,0,0,0,0"  
24:31  "[Net 接受]"  499  "243,3,36,49,53,53,69,55,51,70,66,45,50,65,56,48,45,48,48,51,56,45,67,57,70,57,45,48,68,57,48,66,56,67,51,53,48,67,66,29,177,136,117,1,0,0,0,0,0"  
24:31  "[Net 接受]"  499  "243,3,36,49,53,53,69,55,51,70,66,45,50,65,56,48,45,48,48,51,56,45,67,57,70,57,45,48,68,57,48,66,56,67,51,53,48,67,66,30,0,0,0,0,0,0,0"  
24:31  "[Net 接受]"  499  "243,3,36,49,53,53,69,55,51,70,66,45,50,65,56,48,45,48,48,51,56,45,67,57,70,57,45,48,68,57,48,66,56,67,51,53,48,67,66,31,0,0,0,0,0,0,0"  
24:31  "[Net 接受]"  499  "243,3,36,49,53,53,69,55,51,70,66,45,50,65,56,48,45,48,48,51,56,45,67,57,70,57,45,48,68,57,48,66,56,67,51,53,48,67,66,32,177,136,117,1,0,0,0,0,0"  
24:31  "[Net 接受]"  499  "243,3,36,49,53,53,69,55,51,70,66,45,50,65,56,48,45,48,48,51,56,45,67,57,70,57,45,48,68,57,48,66,56,67,51,53,48,67,66,33,177,136,117,1,0,0,0,0,0"  
24:31  "[Net 接受]"  499  "243,3,36,49,53,53,69,55,51,70,66,45,50,65,56,48,45,48,48,51,56,45,67,57,70,57,45,48,68,57,48,66,56,67,51,53,48,67,66,35,153,144,117,1,0,0,0,0,0"  
24:31  "[Net 接受]"  499  "243,3,36,49,53,53,69,55,51,70,66,45,50,65,56,48,45,48,48,51,56,45,67,57,70,57,45,48,68,57,48,66,56,67,51,53,48,67,66,37,185,175,117,1,0,0,0,0,0"  
24:31  "[Net 接受]"  497  "241,3,36,49,53,53,69,55,51,70,66,45,50,65,56,48,45,48,48,51,56,45,67,57,70,57,45,48,68,57,48,66,56,67,51,53,48,67,66,137,180,79,3,0,0,0,0,0"  
24:31  "[Net 接受]"  497  "241,3,36,49,53,53,69,55,51,70,66,45,50,65,56,48,45,48,48,51,56,45,67,57,70,57,45,48,68,57,48,66,56,67,51,53,48,67,66,145,180,79,2,0,0,0,0,0"  
24:31  "[Net 接受]"  497  "241,3,36,49,53,53,69,55,51,70,66,45,50,65,56,48,45,48,48,51,56,45,67,57,70,57,45,48,68,57,48,66,56,67,51,53,48,67,66,153,130,80,1,0,0,0,0,0"  
24:31  "[Net 接受]"  498  "242,3,36,49,53,53,69,55,51,70,66,45,50,65,56,48,45,48,48,51,56,45,67,57,70,57,45,48,68,57,48,66,56,67,51,53,48,67,66,202,153,67,175,186,151,134,244,98"  
24:31  "[Net 接受]"  498  "242,3,36,49,53,53,69,55,51,70,66,45,50,65,56,48,45,48,48,51,56,45,67,57,70,57,45,48,68,57,48,66,56,67,51,53,48,67,66,204,153,67,218,196,221,247,211,43"  
24:31  "[Net 接受]"  498  "242,3,36,49,53,53,69,55,51,70,66,45,50,65,56,48,45,48,48,51,56,45,67,57,70,57,45,48,68,57,48,66,56,67,51,53,48,67,66,146,155,67,0"  
24:31  "[Net 接受]"  498  "242,3,36,49,53,53,69,55,51,70,66,45,50,65,56,48,45,48,48,51,56,45,67,57,70,57,45,48,68,57,48,66,56,67,51,53,48,67,66,177,161,67,229,158,206,238,136,29"  
24:31  "[Net 接受]"  498  "242,3,36,49,53,53,69,55,51,70,66,45,50,65,56,48,45,48,48,51,56,45,67,57,70,57,45,48,68,57,48,66,56,67,51,53,48,67,66,179,161,67,180,246,148,224,159,88"  
24:31  "[Net 接受]"  498  "242,3,36,49,53,53,69,55,51,70,66,45,50,65,56,48,45,48,48,51,56,45,67,57,70,57,45,48,68,57,48,66,56,67,51,53,48,67,66,154,169,67,148,4"  
24:31  "[Net 接受]"  498  "242,3,36,49,53,53,69,55,51,70,66,45,50,65,56,48,45,48,48,51,56,45,67,57,70,57,45,48,68,57,48,66,56,67,51,53,48,67,66,233,184,67,10"  
24:31  "[Net 接受]"  496  "240,3,36,49,53,53,69,55,51,70,66,45,50,65,56,48,45,48,48,51,56,45,67,57,70,57,45,48,68,57,48,66,56,67,51,53,48,67,66,181,175,73,0,0"  
24:31  "[Net 接受]"  496  "240,3,36,49,53,53,69,55,51,70,66,45,50,65,56,48,45,48,48,51,56,45,67,57,70,57,45,48,68,57,48,66,56,67,51,53,48,67,66,183,175,73,0,1"  
24:31  "[Net 接受]"  496  "240,3,36,49,53,53,69,55,51,70,66,45,50,65,56,48,45,48,48,51,56,45,67,57,70,57,45,48,68,57,48,66,56,67,51,53,48,67,66,185,175,73,0,1"  
24:31  "[Net 接受]"  496  "240,3,36,49,53,53,69,55,51,70,66,45,50,65,56,48,45,48,48,51,56,45,67,57,70,57,45,48,68,57,48,66,56,67,51,53,48,67,66,186,175,73,0,1"  
24:31  "[Net 接受]"  496  "240,3,36,49,53,53,69,55,51,70,66,45,50,65,56,48,45,48,48,51,56,45,67,57,70,57,45,48,68,57,48,66,56,67,51,53,48,67,66,187,175,73,0,1"  
24:31  "[Net 接受]"  496  "240,3,36,49,53,53,69,55,51,70,66,45,50,65,56,48,45,48,48,51,56,45,67,57,70,57,45,48,68,57,48,66,56,67,51,53,48,67,66,188,175,73,0,1"  
24:31  "[Net 接受]"  496  "240,3,36,49,53,53,69,55,51,70,66,45,50,65,56,48,45,48,48,51,56,45,67,57,70,57,45,48,68,57,48,66,56,67,51,53,48,67,66,190,175,73,178,23,1"  
24:31  "[Net 接受]"  496  "240,3,36,49,53,53,69,55,51,70,66,45,50,65,56,48,45,48,48,51,56,45,67,57,70,57,45,48,68,57,48,66,56,67,51,53,48,67,66,154,176,73,0,1"  
24:31  "[Net 接受]"  496  "240,3,36,49,53,53,69,55,51,70,66,45,50,65,56,48,45,48,48,51,56,45,67,57,70,57,45,48,68,57,48,66,56,67,51,53,48,67,66,156,176,73,0,1"  
24:31  "[Net 接受]"  496  "240,3,36,49,53,53,69,55,51,70,66,45,50,65,56,48,45,48,48,51,56,45,67,57,70,57,45,48,68,57,48,66,56,67,51,53,48,67,66,158,176,73,0,1"  
24:31  "[Net 接受]"  496  "240,3,36,49,53,53,69,55,51,70,66,45,50,65,56,48,45,48,48,51,56,45,67,57,70,57,45,48,68,57,48,66,56,67,51,53,48,67,66,160,176,73,0,1"  
24:31  "[Net 接受]"  496  "240,3,36,49,53,53,69,55,51,70,66,45,50,65,56,48,45,48,48,51,56,45,67,57,70,57,45,48,68,57,48,66,56,67,51,53,48,67,66,161,176,73,0,1"  
24:31  "[Net 接受]"  496  "240,3,36,49,53,53,69,55,51,70,66,45,50,65,56,48,45,48,48,51,56,45,67,57,70,57,45,48,68,57,48,66,56,67,51,53,48,67,66,157,183,73,128,130,1,0"  
24:31  "[Net 接受]"  496  "240,3,36,49,53,53,69,55,51,70,66,45,50,65,56,48,45,48,48,51,56,45,67,57,70,57,45,48,68,57,48,66,56,67,51,53,48,67,66,134,191,73,0,1"  
24:31  "[Net 接受]"  496  "240,3,36,49,53,53,69,55,51,70,66,45,50,65,56,48,45,48,48,51,56,45,67,57,70,57,45,48,68,57,48,66,56,67,51,53,48,67,66,136,191,73,0,1"  
24:31  "[Net 接受]"  495  "239,3,36,49,53,53,69,55,51,70,66,45,50,65,56,48,45,48,48,51,56,45,67,57,70,57,45,48,68,57,48,66,56,67,51,53,48,67,66,3,0,0,0,0"  
24:31  "[Net 接受]"  494  "238,3,36,49,53,53,69,55,51,70,66,45,50,65,56,48,45,48,48,51,56,45,67,57,70,57,45,48,68,57,48,66,56,67,51,53,48,67,66,184,175,73,12"  
24:31  "[Net 接受]"  397  "141,3,36,49,53,53,69,56,70,70,55,45,53,66,55,57,45,48,67,52,48,45,70,49,66,70,45,65,69,51,48,48,56,49,70,49,53,57,53,137,198,73,36,49,53,50,52,52,68,66,48,45,66,48,52,48,45,48,48,57,52,45,70,51,56,65,45,53,50,68,56,65,55,68,70,67,52,49,67,36,49,53,53,69,55,51,70,66,45,50,65,56,48,45,48,48,51,56,45,67,57,70,57,45,48,68,57,48,66,56,67,51,53,48,67,66,22,230,136,145,232,166,129,229,142,187,229,185,180,231,154,132,229,136,134,229,159,142,49,254,255,255,255,15,254,255,255,255,15,12,161,203,152,1,230,119,167,203,152,1,42,171,203,152,1,2,237,203,152,1,2,238,203,152,1,10,163,204,152,1,163,5,164,204,152,1,188,8,175,204,152,1,160,209,25,176,204,152,1,128,199,140,2,177,204,152,1,192,154,12,192,204,152,1,128,199,140,2,193,204,152,1,192,154,12,1,0,0,0"  
24:31  "[Net 接受]"  493  "237,3,36,49,53,53,69,56,70,70,55,45,53,66,55,57,45,48,67,52,48,45,70,49,66,70,45,65,69,51,48,48,56,49,70,49,53,57,53,0,0,0"  
24:31  "[Net 接受]"  493  "237,3,36,49,53,53,69,56,70,70,55,45,53,66,55,57,45,48,67,52,48,45,70,49,66,70,45,65,69,51,48,48,56,49,70,49,53,57,53,0,0,0"  
24:31  "[Net 接受]"  397  "141,3,36,49,53,53,69,56,70,70,55,45,53,66,55,57,45,48,67,52,48,45,70,49,66,70,45,65,69,51,48,48,56,49,70,49,53,57,53,137,198,73,36,49,53,50,52,52,68,66,48,45,66,48,52,48,45,48,48,57,52,45,70,51,56,65,45,53,50,68,56,65,55,68,70,67,52,49,67,36,49,53,53,69,55,51,70,66,45,50,65,56,48,45,48,48,51,56,45,67,57,70,57,45,48,68,57,48,66,56,67,51,53,48,67,66,22,230,136,145,232,166,129,229,142,187,229,185,180,231,154,132,229,136,134,229,159,142,49,254,255,255,255,15,254,255,255,255,15,12,161,203,152,1,230,119,167,203,152,1,42,171,203,152,1,2,237,203,152,1,2,238,203,152,1,10,163,204,152,1,163,5,164,204,152,1,188,8,175,204,152,1,160,209,25,176,204,152,1,128,199,140,2,177,204,152,1,192,154,12,192,204,152,1,128,199,140,2,193,204,152,1,192,154,12,1,0,0,0"  
24:31  "[Net 接受]"  380  "252,2,36,49,53,53,69,56,70,70,55,45,53,66,55,57,45,48,67,52,48,45,70,49,66,70,45,65,69,51,48,48,56,49,70,49,53,57,53,0,0,0,0,36,48,48,48,48,48,48,48,48,45,48,48,48,48,45,48,48,48,48,45,48,48,48,48,45,48,48,48,48,48,48,48,48,48,48,48,48"  
24:31  "[Net 接受]"  397  "141,3,36,49,53,54,68,65,49,50,49,45,68,54,68,51,45,48,49,66,49,45,70,69,56,54,45,53,65,49,66,66,52,49,67,52,67,48,67,181,175,73,36,49,53,50,52,52,68,66,48,45,66,48,52,48,45,48,48,57,52,45,70,51,56,65,45,53,50,68,56,65,55,68,70,67,52,49,67,36,49,53,53,69,55,51,70,66,45,50,65,56,48,45,48,48,51,56,45,67,57,70,57,45,48,68,57,48,66,56,67,51,53,48,67,66,0,207,8,178,7,6,171,203,152,1,200,1,237,203,152,1,200,1,153,204,152,1,80,175,204,152,1,224,18,176,204,152,1,0,194,204,152,1,220,1,1,0,0,0"  
24:31  "[Net 接受]"  397  "141,3,36,49,53,54,68,65,49,50,50,45,57,67,65,51,45,48,49,66,53,45,70,69,56,54,45,52,50,51,50,68,51,65,65,65,53,52,56,157,183,73,36,49,53,50,52,52,68,66,48,45,66,48,52,48,45,48,48,57,52,45,70,51,56,65,45,53,50,68,56,65,55,68,70,67,52,49,67,36,49,53,53,69,55,51,70,66,45,50,65,56,48,45,48,48,51,56,45,67,57,70,57,45,48,68,57,48,66,56,67,51,53,48,67,66,0,207,8,178,7,5,171,203,152,1,216,4,237,203,152,1,216,4,153,204,152,1,80,175,204,152,1,232,32,194,204,152,1,220,1,1,0,0,0"  
24:31  "[Net 接受]"  397  "141,3,36,49,53,54,68,65,55,70,70,45,57,52,68,48,45,48,67,67,52,45,67,53,55,48,45,69,69,56,56,69,54,50,67,66,52,50,57,162,176,73,36,49,53,50,52,52,68,66,48,45,66,48,52,48,45,48,48,57,52,45,70,51,56,65,45,53,50,68,56,65,55,68,70,67,52,49,67,36,49,53,53,69,55,51,70,66,45,50,65,56,48,45,48,48,51,56,45,67,57,70,57,45,48,68,57,48,66,56,67,51,53,48,67,66,0,207,8,178,7,5,171,203,152,1,152,17,237,203,152,1,152,17,153,204,152,1,80,175,204,152,1,128,133,15,194,204,152,1,220,1,1,0,0,1,227,229,164,1,144,78,0"  
24:31  "[Net 接受]"  397  "141,3,36,49,53,56,65,57,67,54,56,45,55,50,52,52,45,48,49,54,67,45,69,51,57,67,45,53,49,55,70,68,57,69,54,49,69,51,69,162,176,73,36,49,53,50,52,52,68,66,48,45,66,48,52,48,45,48,48,57,52,45,70,51,56,65,45,53,50,68,56,65,55,68,70,67,52,49,67,36,49,53,53,69,55,51,70,66,45,50,65,56,48,45,48,48,51,56,45,67,57,70,57,45,48,68,57,48,66,56,67,51,53,48,67,66,0,207,8,178,7,3,171,203,152,1,232,7,237,203,152,1,232,7,175,204,152,1,128,235,6,1,0,0,0"  
24:31  "[Net 接受]"  397  "141,3,36,49,53,56,65,57,67,54,56,45,55,51,48,52,45,48,49,55,52,45,69,51,57,67,45,66,65,56,55,70,68,54,54,55,48,49,70,162,176,73,36,49,53,50,52,52,68,66,48,45,66,48,52,48,45,48,48,57,52,45,70,51,56,65,45,53,50,68,56,65,55,68,70,67,52,49,67,36,49,53,53,69,55,51,70,66,45,50,65,56,48,45,48,48,51,56,45,67,57,70,57,45,48,68,57,48,66,56,67,51,53,48,67,66,0,207,8,178,7,3,171,203,152,1,232,7,237,203,152,1,232,7,175,204,152,1,128,235,6,1,0,0,0"  
24:31  "[Net 接受]"  397  "141,3,36,49,53,56,65,57,67,54,56,45,55,51,55,52,45,48,49,55,56,45,69,51,57,67,45,49,51,51,49,50,51,66,70,68,57,51,69,162,176,73,36,49,53,50,52,52,68,66,48,45,66,48,52,48,45,48,48,57,52,45,70,51,56,65,45,53,50,68,56,65,55,68,70,67,52,49,67,36,49,53,53,69,55,51,70,66,45,50,65,56,48,45,48,48,51,56,45,67,57,70,57,45,48,68,57,48,66,56,67,51,53,48,67,66,0,207,8,178,7,3,171,203,152,1,232,7,237,203,152,1,232,7,175,204,152,1,128,235,6,1,0,0,0"  
24:31  "[Net 接受]"  397  "141,3,36,49,53,56,65,57,67,54,56,45,55,51,68,52,45,48,49,55,67,45,69,51,57,67,45,69,69,54,54,57,51,52,57,51,67,51,69,162,176,73,36,49,53,50,52,52,68,66,48,45,66,48,52,48,45,48,48,57,52,45,70,51,56,65,45,53,50,68,56,65,55,68,70,67,52,49,67,36,49,53,53,69,55,51,70,66,45,50,65,56,48,45,48,48,51,56,45,67,57,70,57,45,48,68,57,48,66,56,67,51,53,48,67,66,0,207,8,178,7,5,171,203,152,1,226,14,237,203,152,1,232,7,153,204,152,1,80,175,204,152,1,168,230,6,194,204,152,1,220,1,1,0,0,0"  
24:31  "[Net 接受]"  0  "0,144,3,0,0"  
24:31  "[Net 接受]"  0  "0,157,3,248,219,8,36,49,53,53,69,55,51,70,66,45,50,65,56,48,45,48,48,51,56,45,67,57,70,57,45,48,68,57,48,66,56,67,51,53,48,67,66"  
24:31  "[Net 接受]"  0  "0,222,12,214,244,8,0"  
24:31  "[Net 发送]"  1619  "[211,12]"  
24:31  "[Net 接受]"  0  "0,208,15,0,0"  
24:31  "[Net 接受]"  1658  "250,12,0"  
