"[Net 接受]"  397  "141,3,36,49,53,54,68,65,49,50,49,45,68,54,68,51,45,48,49,66,49,45,70,69,56,54,45,53,65,49,66,66,52,49,67,52,67,48,67,181,175,73,36,49,53,50,52,52,68,66,48,45,66,48,52,48,45,48,48,57,52,45,70,51,56,65,45,53,50,68,56,65,55,68,70,67,52,49,67,36,49,53,53,69,55,51,70,66,45,50,65,56,48,45,48,48,51,56,45,67,57,70,57,45,48,68,57,48,66,56,67,51,53,48,67,66,0,207,8,178,7,6,171,203,152,1,200,1,237,203,152,1,200,1,153,204,152,1,80,175,204,152,1,224,18,176,204,152,1,0,194,204,152,1,220,1,1,0,0,0"  
,155,204,152,1,20,163,204,152,1,207,8,164,204,152,1,178,7,175,204,152,1,192,207,36,176,204,152,1,128,208,134,3,177,204,152,1,224,167,18,188,204,152,1,208,134,3,189,204,152,1,160,31,192,204,152,1,128,208,134,3,193,204,152,1,224,167,18,194,204,152,1,220,1,197,204,152,1,128,181,24,221,204,152,1,192,154,12,137,211,152,1,248,60,0,0,0,6,226,229,164,1,128,216,144,96,0,227,229,164,1,144,78,0,228,229,164,1,128,220,204,20,0,229,229,164,1,128,148,230,61,0,230,229,164,1,0,0,234,229,164,1,144,78,0"  
234,229,164,1,144,78,0"  
8,34,230,178,153,230,188,160,34,44,34,112,111,115,34,58,123,34,120,34,58,45,51,48,57,44,34,121,34,58,54,49,49,125,44,34,116,97,103,34,58,102,97,108,115,101,125,125,93,125,200,1,13,49,52,55,56,56,53,53,57,50,56,57,49,51,201,1,13,49,52,55,56,56,53,53,57,51,53,54,49,54,202,1,7,49,55,48,49,48,48,50,0,16,1,0"  
"[Net 接受]"  799  "159,6,36,49,53,50,52,48,66,55,65,45,67,55,56,48,45,48,48,50,49,45,69,53,65,52,45,55,70,66,51,49,55,55,51,50,68,51,49,2,0,200,242,177,225,223,42,0"  
"[Net 接受]"  799  "159,6,36,49,53,50,52,53,48,66,53,45,51,52,52,48,45,48,48,49,67,45,70,54,65,66,45,69,52,65,53,55,68,65,54,56,50,49,56,2,0,192,144,254,186,225,42,0"  
"[Net 接受]"  799  "159,6,36,49,53,50,54,55,51,55,49,45,51,69,54,48,45,48,48,50,56,45,70,50,67,67,45,48,53,52,66,51,49,55,53,48,54,67,55,2,0,136,129,182,229,223,42,0"  
"[Net 接受]"  795  "155,6,0"  
"[Net 发送]"  1500  "[220,11]"  
"[Net 发送]"  1200  "[176,9]"  
"[Net 接受]"  0  "0,201,5,0,0"  
"[Net 接受]"  1599  "191,12,193,194,207,1,17,1,1,181,202,207,1"  
"[Net 接受]"  0  "0,220,11,0,0"  
"[Net 接受]"  1299  "147,10,211,219,183,1,1,184,209,231,183,143,43,140,252,216,253,236,212,255,255,255,1,153,147,116,1,0,0"  
"[Net 接受]"  1299  "147,10,229,169,184,1,2,239,230,166,130,147,43,141,165,225,18,0,0,0"  
"[Net 接受]"  1299  "147,10,233,169,184,1,2,239,230,166,130,147,43,141,165,225,18,0,0,0"  
"[Net 接受]"  1299  "147,10,237,169,184,1,2,239,230,166,130,147,43,141,165,225,18,0,0,0"  
"[Net 接受]"  1299  "147,10,209,204,188,1,3,235,230,166,130,147,43,140,252,216,253,236,212,255,255,255,0,0,0"  
"[Net 接受]"  1299  "147,10,211,204,188,1,3,235,230,166,130,147,43,140,252,216,253,236,212,255,255,255,0,0,0"  
"[Net 接受]"  1299  "147,10,212,204,188,1,3,235,230,166,130,147,43,140,252,216,253,236,212,255,255,255,0,0,0"  
"[Net 接受]"  1299  "147,10,213,204,188,1,3,235,230,166,130,147,43,140,252,216,253,236,212,255,255,255,0,0,0"  
"[Net 发送]"  400  "[144,3,36,49,53,53,69,55,51,70,66,45,50,65,56,48,45,48,48,51,56,45,67,57,70,57,45,48,68,57,48,66,56,67,51,53,48,67,66]"  
"[Net 发送]"  413  "[157,3,36,49,53,53,69,55,51,70,66,45,50,65,56,48,45,48,48,51,56,45,67,57,70,57,45,48,68,57,48,66,56,67,51,53,48,67,66]"  
"[Net 发送]"  1630  "[222,12]"  
"[Net 接受]"  493  "237,3,36,49,53,53,69,55,51,70,66,45,50,65,56,48,45,48,48,51,56,45,67,57,70,57,45,48,68,57,48,66,56,67,51,53,48,67,66,1,184,175,73,0,0,0"  
"[Net 接受]"  499  "243,3,36,49,53,53,69,55,51,70,66,45,50,65,56,48,45,48,48,51,56,45,67,57,70,57,45,48,68,57,48,66,56,67,51,53,48,67,66,2,178,139,116,1,0,0,0,0,0"  
"[Net 接受]"  499  "243,3,36,49,53,53,69,55,51,70,66,45,50,65,56,48,45,48,48,51,56,45,67,57,70,57,45,48,68,57,48,66,56,67,51,53,48,67,66,4,180,139,116,15,0,0,0,0,0"  
"[Net 接受]"  499  "243,3,36,49,53,53,69,55,51,70,66,45,50,65,56,48,45,48,48,51,56,45,67,57,70,57,45,48,68,57,48,66,56,67,51,53,48,67,66,6,217,209,116,1,0,0,0,0,0"  
"[Net 接受]"  499  "243,3,36,49,53,53,69,55,51,70,66,45,50,65,56,48,45,48,48,51,56,45,67,57,70,57,45,48,68,57,48,66,56,67,51,53,48,67,66,8,0,0,0,0,0,0,0"  
"[Net 接受]"  499  "243,3,36,49,53,53,69,55,51,70,66,45,50,65,56,48,45,48,48,51,56,45,67,57,70,57,45,48,68,57,48,66,56,67,51,53,48,67,66,10,209,170,116,30,0,0,0,0,0"  
"[Net 接受]"  499  "243,3,36,49,53,53,69,55,51,70,66,45,50,65,56,48,45,48,48,51,56,45,67,57,70,57,45,48,68,57,48,66,56,67,51,53,48,67,66,12,129,155,116,10,0,0,0,0,0"  
"[Net 接受]"  499  "243,3,36,49,53,53,69,55,51,70,66,45,50,65,56,48,45,48,48,51,56,45,67,57,70,57,45,48,68,57,48,66,56,67,51,53,48,67,66,14,129,155,116,1,0,0,0,0,0"  
"[Net 接受]"  499  "243,3,36,49,53,53,69,55,51,70,66,45,50,65,56,48,45,48,48,51,56,45,67,57,70,57,45,48,68,57,48,66,56,67,51,53,48,67,66,16,201,131,116,30,0,0,0,0,0"  
"[Net 接受]"  499  "243,3,36,49,53,53,69,55,51,70,66,45,50,65,56,48,45,48,48,51,56,45,67,57,70,57,45,48,68,57,48,66,56,67,51,53,48,67,66,18,169,225,116,5,0,0,0,0,0"  
"[Net 接受]"  499  "243,3,36,49,53,53,69,55,51,70,66,45,50,65,56,48,45,48,48,51,56,45,67,57,70,57,45,48,68,57,48,66,56,67,51,53,48,67,66,20,0,0,0,0,0,0,0"  
"[Net 接受]"  499  "243,3,36,49,53,53,69,55,51,70,66,45,50,65,56,48,45,48,48,51,56,45,67,57,70,57,45,48,68,57,48,66,56,67,51,53,48,67,66,22,0,0,0,0,0,0,0"  
"[Net 接受]"  499  "243,3,36,49,53,53,69,55,51,70,66,45,50,65,56,48,45,48,48,51,56,45,67,57,70,57,45,48,68,57,48,66,56,67,51,53,48,67,66,24,177,136,117,1,0,0,0,0,0"  
"[Net 接受]"  499  "243,3,36,49,53,53,69,55,51,70,66,45,50,65,56,48,45,48,48,51,56,45,67,57,70,57,45,48,68,57,48,66,56,67,51,53,48,67,66,26,177,136,117,1,0,0,0,0,0"  
"[Net 接受]"  499  "243,3,36,49,53,53,69,55,51,70,66,45,50,65,56,48,45,48,48,51,56,45,67,57,70,57,45,48,68,57,48,66,56,67,51,53,48,67,66,28,177,136,117,1,0,0,0,0,0"  
"[Net 接受]"  499  "243,3,36,49,53,53,69,55,51,70,66,45,50,65,56,48,45,48,48,51,56,45,67,57,70,57,45,48,68,57,48,66,56,67,51,53,48,67,66,30,0,0,0,0,0,0,0"  
"[Net 接受]"  499  "243,3,36,49,53,53,69,55,51,70,66,45,50,65,56,48,45,48,48,51,56,45,67,57,70,57,45,48,68,57,48,66,56,67,51,53,48,67,66,32,177,136,117,1,0,0,0,0,0"  
"[Net 接受]"  499  "243,3,36,49,53,53,69,55,51,70,66,45,50,65,56,48,45,48,48,51,56,45,67,57,70,57,45,48,68,57,48,66,56,67,51,53,48,67,66,35,153,144,117,1,0,0,0,0,0"  
"[Net 接受]"  499  "243,3,36,49,53,53,69,55,51,70,66,45,50,65,56,48,45,48,48,51,56,45,67,57,70,57,45,48,68,57,48,66,56,67,51,53,48,67,66,37,185,175,117,1,0,0,0,0,0"  
"[Net 接受]"  497  "241,3,36,49,53,53,69,55,51,70,66,45,50,65,56,48,45,48,48,51,56,45,67,57,70,57,45,48,68,57,48,66,56,67,51,53,48,67,66,144,180,79,1,0,0,0,0,0"  
"[Net 接受]"  497  "241,3,36,49,53,53,69,55,51,70,66,45,50,65,56,48,45,48,48,51,56,45,67,57,70,57,45,48,68,57,48,66,56,67,51,53,48,67,66,217,195,79,2,0,0,0,0,0"  
"[Net 接受]"  498  "242,3,36,49,53,53,69,55,51,70,66,45,50,65,56,48,45,48,48,51,56,45,67,57,70,57,45,48,68,57,48,66,56,67,51,53,48,67,66,201,153,67,254,239,173,143,251,63"  
"[Net 接受]"  498  "242,3,36,49,53,53,69,55,51,70,66,45,50,65,56,48,45,48,48,51,56,45,67,57,70,57,45,48,68,57,48,66,56,67,51,53,48,67,66,203,153,67,133,136,174,253,231,69"  
"[Net 接受]"  498  "242,3,36,49,53,53,69,55,51,70,66,45,50,65,56,48,45,48,48,51,56,45,67,57,70,57,45,48,68,57,48,66,56,67,51,53,48,67,66,145,155,67,0"  
"[Net 接受]"  498  "242,3,36,49,53,53,69,55,51,70,66,45,50,65,56,48,45,48,48,51,56,45,67,57,70,57,45,48,68,57,48,66,56,67,51,53,48,67,66,147,155,67,176,216,7"  
"[Net 接受]"  498  "242,3,36,49,53,53,69,55,51,70,66,45,50,65,56,48,45,48,48,51,56,45,67,57,70,57,45,48,68,57,48,66,56,67,51,53,48,67,66,178,161,67,254,255,151,207,154,58"  
"[Net 接受]"  498  "242,3,36,49,53,53,69,55,51,70,66,45,50,65,56,48,45,48,48,51,56,45,67,57,70,57,45,48,68,57,48,66,56,67,51,53,48,67,66,180,161,67,138,233,143,131,231,69"  
"[Net 接受]"  498  "242,3,36,49,53,53,69,55,51,70,66,45,50,65,56,48,45,48,48,51,56,45,67,57,70,57,45,48,68,57,48,66,56,67,51,53,48,67,66,233,184,67,10"  
"[Net 接受]"  496  "240,3,36,49,53,53,69,55,51,70,66,45,50,65,56,48,45,48,48,51,56,45,67,57,70,57,45,48,68,57,48,66,56,67,51,53,48,67,66,181,175,73,0,0"  
"[Net 接受]"  496  "240,3,36,49,53,53,69,55,51,70,66,45,50,65,56,48,45,48,48,51,56,45,67,57,70,57,45,48,68,57,48,66,56,67,51,53,48,67,66,183,175,73,0,1"  
"[Net 接受]"  496  "240,3,36,49,53,53,69,55,51,70,66,45,50,65,56,48,45,48,48,51,56,45,67,57,70,57,45,48,68,57,48,66,56,67,51,53,48,67,66,185,175,73,0,1"  
"[Net 接受]"  496  "240,3,36,49,53,53,69,55,51,70,66,45,50,65,56,48,45,48,48,51,56,45,67,57,70,57,45,48,68,57,48,66,56,67,51,53,48,67,66,187,175,73,0,1"  
"[Net 接受]"  496  "240,3,36,49,53,53,69,55,51,70,66,45,50,65,56,48,45,48,48,51,56,45,67,57,70,57,45,48,68,57,48,66,56,67,51,53,48,67,66,189,175,73,0,1"  
"[Net 接受]"  496  "240,3,36,49,53,53,69,55,51,70,66,45,50,65,56,48,45,48,48,51,56,45,67,57,70,57,45,48,68,57,48,66,56,67,51,53,48,67,66,154,176,73,0,1"  
"[Net 接受]"  496  "240,3,36,49,53,53,69,55,51,70,66,45,50,65,56,48,45,48,48,51,56,45,67,57,70,57,45,48,68,57,48,66,56,67,51,53,48,67,66,156,176,73,0,1"  
"[Net 接受]"  496  "240,3,36,49,53,53,69,55,51,70,66,45,50,65,56,48,45,48,48,51,56,45,67,57,70,57,45,48,68,57,48,66,56,67,51,53,48,67,66,158,176,73,0,1"  
"[Net 接受]"  496  "240,3,36,49,53,53,69,55,51,70,66,45,50,65,56,48,45,48,48,51,56,45,67,57,70,57,45,48,68,57,48,66,56,67,51,53,48,67,66,160,176,73,0,1"  
"[Net 接受]"  496  "240,3,36,49,53,53,69,55,51,70,66,45,50,65,56,48,45,48,48,51,56,45,67,57,70,57,45,48,68,57,48,66,56,67,51,53,48,67,66,162,176,73,193,112,1"  
"[Net 接受]"  496  "240,3,36,49,53,53,69,55,51,70,66,45,50,65,56,48,45,48,48,51,56,45,67,57,70,57,45,48,68,57,48,66,56,67,51,53,48,67,66,134,191,73,0,1"  
"[Net 接受]"  496  "240,3,36,49,53,53,69,55,51,70,66,45,50,65,56,48,45,48,48,51,56,45,67,57,70,57,45,48,68,57,48,66,56,67,51,53,48,67,66,136,191,73,0,1"  
"[Net 接受]"  495  "239,3,36,49,53,53,69,55,51,70,66,45,50,65,56,48,45,48,48,51,56,45,67,57,70,57,45,48,68,57,48,66,56,67,51,53,48,67,66,5,0,0,0,0"  
"[Net 接受]"  493  "237,3,36,49,53,53,69,55,51,70,66,45,50,65,56,48,45,48,48,51,56,45,67,57,70,57,45,48,68,57,48,66,56,67,51,53,48,67,66,1,184,175,73,0,0,0"  
"[Net 接受]"  380  "252,2,36,49,53,53,69,56,70,70,55,45,53,66,55,57,45,48,67,52,48,45,70,49,66,70,45,65,69,51,48,48,56,49,70,49,53,57,53,0,0,0,0,36,48,48,48,48,48,48,48,48,45,48,48,48,48,45,48,48,48,48,45,48,48,48,48,45,48,48,48,48,48,48,48,48,48,48,48,48"  
"[Net 接受]"  493  "237,3,36,49,53,53,69,56,70,70,55,45,53,66,55,57,45,48,67,52,48,45,70,49,66,70,45,65,69,51,48,48,56,49,70,49,53,57,53,0,0,0"  
"[Net 接受]"  380  "252,2,36,49,53,53,69,56,70,70,55,45,53,66,55,57,45,48,67,52,48,45,70,49,66,70,45,65,69,51,48,48,56,49,70,49,53,57,53,0,0,0,0,36,48,48,48,48,48,48,48,48,45,48,48,48,48,45,48,48,48,48,45,48,48,48,48,45,48,48,48,48,48,48,48,48,48,48,48,48"  
"[Net 接受]"  397  "141,3,36,49,53,54,68,65,49,50,50,45,57,67,65,51,45,48,49,66,53,45,70,69,56,54,45,52,50,51,50,68,51,65,65,65,53,52,56,157,183,73,36,49,53,50,52,52,68,66,48,45,66,48,52,48,45,48,48,57,52,45,70,51,56,65,45,53,50,68,56,65,55,68,70,67,52,49,67,36,49,53,53,69,55,51,70,66,45,50,65,56,48,45,48,48,51,56,45,67,57,70,57,45,48,68,57,48,66,56,67,51,53,48,67,66,0,254,255,255,255,15,254,255,255,255,15,5,171,203,152,1,216,4,237,203,152,1,216,4,153,204,152,1,80,175,204,152,1,232,32,194,204,152,1,220,1,1,0,0,0"  
"[Net 接受]"  397  "141,3,36,49,53,56,65,57,67,54,56,45,55,50,52,52,45,48,49,54,67,45,69,51,57,67,45,53,49,55,70,68,57,69,54,49,69,51,69,162,176,73,36,49,53,50,52,52,68,66,48,45,66,48,52,48,45,48,48,57,52,45,70,51,56,65,45,53,50,68,56,65,55,68,70,67,52,49,67,36,49,53,53,69,55,51,70,66,45,50,65,56,48,45,48,48,51,56,45,67,57,70,57,45,48,68,57,48,66,56,67,51,53,48,67,66,0,254,255,255,255,15,254,255,255,255,15,3,171,203,152,1,232,7,237,203,152,1,232,7,175,204,152,1,128,235,6,1,0,0,0"  
"[Net 接受]"  397  "141,3,36,49,53,56,65,57,67,54,56,45,55,51,48,52,45,48,49,55,52,45,69,51,57,67,45,66,65,56,55,70,68,54,54,55,48,49,70,162,176,73,36,49,53,50,52,52,68,66,48,45,66,48,52,48,45,48,48,57,52,45,70,51,56,65,45,53,50,68,56,65,55,68,70,67,52,49,67,36,49,53,53,69,55,51,70,66,45,50,65,56,48,45,48,48,51,56,45,67,57,70,57,45,48,68,57,48,66,56,67,51,53,48,67,66,0,254,255,255,255,15,254,255,255,255,15,3,171,203,152,1,232,7,237,203,152,1,232,7,175,204,152,1,128,235,6,1,0,0,0"  
"[Net 接受]"  397  "141,3,36,49,53,56,65,57,67,54,56,45,55,51,68,52,45,48,49,55,67,45,69,51,57,67,45,69,69,54,54,57,51,52,57,51,67,51,69,162,176,73,36,49,53,50,52,52,68,66,48,45,66,48,52,48,45,48,48,57,52,45,70,51,56,65,45,53,50,68,56,65,55,68,70,67,52,49,67,36,49,53,53,69,55,51,70,66,45,50,65,56,48,45,48,48,51,56,45,67,57,70,57,45,48,68,57,48,66,56,67,51,53,48,67,66,0,254,255,255,255,15,254,255,255,255,15,5,171,203,152,1,226,14,237,203,152,1,232,7,153,204,152,1,80,175,204,152,1,168,230,6,194,204,152,1,220,1,1,0,0,0"  
"[Net 发送]"  437  "[181,3,36,49,53,53,69,55,51,70,66,45,50,65,56,48,45,48,48,51,56,45,67,57,70,57,45,48,68,57,48,66,56,67,51,53,48,67,66]"  
"[Net 接受]"  0  "0,222,12,214,244,8,0"  
"[Net 发送]"  2000  "[208,15,211,219,183,1]"  
"[Net 发送]"  0  "[0,0,0,0]"  
"[Net 发送]"  1619  "[211,12]"  
"[Net 接受]"  397  "141,3,36,49,53,53,69,55,51,70,66,45,50,65,56,48,45,48,48,51,56,45,67,57,70,57,45,48,68,57,48,66,56,67,51,53,48,67,66,137,198,73,36,49,53,50,52,52,68,66,48,45,66,48,52,48,45,48,48,57,52,45,70,51,56,65,45,53,50,68,56,65,55,68,70,67,52,49,67,0,9,229,156,168,228,184,128,232,181,183,254,255,255,255,15,254,255,255,255,15,25,161,203,152,1,210,132,2,163,203,152,1,60,166,203,152,1,20,167,203,152,1,60,168,203,152,1,152,2,171,203,152,1,2,237,203,152,1,2,139,204,152,1,0,148,204,152,1,20,149,204,152,1,208,15,153,204,152,1,80,155,204,152,1,20,163,204,152,1,207,8,164,204,152,1,178,7,175,204,152,1,192,207,36,176,204,152,1,128,208,134,3,177,204,152,1,224,167,18,188,204,152,1,208,134,3,189,204,152,1,160,31,192,204,152,1,128,208,134,3,193,204,152,1,224,167,18,194,204,152,1,220,1,197,204,152,1,128,181,24,221,204,152,1,192,154,12,137,211,152,1,248,60,1,0,0,6,226,229,164,1,128,216,144,96,0,227,229,164,1,144,78,0,228,229,164,1,128,220,204,20,0,229,229,164,1,128,148,230,61,0,230,229,164,1,0,0,234,229,164,1,144,78,0"  
"[Net 接受]"  493  "237,3,36,49,53,53,69,55,51,70,66,45,50,65,56,48,45,48,48,51,56,45,67,57,70,57,45,48,68,57,48,66,56,67,51,53,48,67,66,1,184,175,73,0,0,0"  
"[Net 接受]"  380  "252,2,36,49,53,53,69,55,51,70,66,45,50,65,56,48,45,48,48,51,56,45,67,57,70,57,45,48,68,57,48,66,56,67,51,53,48,67,66,0,0,0,0,36,48,48,48,48,48,48,48,48,45,48,48,48,48,45,48,48,48,48,45,48,48,48,48,45,48,48,48,48,48,48,48,48,48,48,48,48"  
"[Net 接受]"  380  "252,2,36,49,53,53,69,55,51,70,66,45,50,65,56,48,45,48,48,51,56,45,67,57,70,57,45,48,68,57,48,66,56,67,51,53,48,67,66,0,0,0,0,36,48,48,48,48,48,48,48,48,45,48,48,48,48,45,48,48,48,48,45,48,48,48,48,45,48,48,48,48,48,48,48,48,48,48,48,48"  
"[Net 接受]"  397  "141,3,36,49,53,54,68,65,49,50,50,45,57,67,65,51,45,48,49,66,53,45,70,69,56,54,45,52,50,51,50,68,51,65,65,65,53,52,56,157,183,73,36,49,53,50,52,52,68,66,48,45,66,48,52,48,45,48,48,57,52,45,70,51,56,65,45,53,50,68,56,65,55,68,70,67,52,49,67,36,49,53,53,69,55,51,70,66,45,50,65,56,48,45,48,48,51,56,45,67,57,70,57,45,48,68,57,48,66,56,67,51,53,48,67,66,0,207,8,178,7,5,171,203,152,1,216,4,237,203,152,1,216,4,153,204,152,1,80,175,204,152,1,232,32,194,204,152,1,220,1,1,0,0,0"  
