"[Net 接受]"  0  "0,249,10,0,0"  
8,36,49,53,56,50,51,55,49,57,45,53,56,48,49,45,48,66,51,48,45,69,68,56,52,45,50,57,48,53,51,53,52,50,50,69,56,50"  
,49,53,56,50,51,55,49,54,45,69,50,49,49,45,48,66,50,52,45,69,68,56,52,45,52,55,57,66,54,69,54,69,50,67,50,69,36,49,53,56,50,51,55,49,57,45,53,56,48,49,45,48,66,51,48,45,69,68,56,52,45,50,57,48,53,51,53,52,50,50,69,56,50,0,195,8,203,6,3,171,203,152,1,154,7,237,203,152,1,232,7,175,204,152,1,212,139,3,1,0,0,0"  
,140,2,177,204,152,1,224,167,18,192,204,152,1,128,199,140,2,193,204,152,1,224,167,18,0,0,0,1,230,229,164,1,0,0"  
2,10,1,170,202,207,1"  
"[Net 接受]"  1599  "191,12,167,195,207,1,29,6,1,171,202,207,1"  
"[Net 接受]"  1599  "191,12,169,195,207,1,37,4,1,173,202,207,1"  
"[Net 接受]"  1599  "191,12,170,195,207,1,44,9,1,174,202,207,1"  
"[Net 接受]"  1599  "191,12,137,196,207,1,8,6,1,175,202,207,1"  
"[Net 接受]"  1599  "191,12,138,196,207,1,28,3,1,176,202,207,1"  
"[Net 接受]"  1599  "191,12,139,196,207,1,30,12,1,177,202,207,1"  
"[Net 接受]"  1599  "191,12,140,196,207,1,41,4,1,178,202,207,1"  
"[Net 接受]"  1599  "191,12,141,196,207,1,19,3,1,179,202,207,1"  
"[Net 接受]"  1599  "191,12,237,196,207,1,26,2,1,187,202,207,1"  
"[Net 接受]"  1599  "191,12,238,196,207,1,13,1,1,188,202,207,1"  
"[Net 接受]"  1599  "191,12,240,196,207,1,9,2,1,190,202,207,1"  
"[Net 接受]"  1599  "191,12,241,196,207,1,22,2,1,191,202,207,1"  
"[Net 接受]"  1599  "191,12,242,196,207,1,21,4,1,192,202,207,1"  
"[Net 接受]"  1599  "191,12,209,197,207,1,7,1,1,193,202,207,1"  
"[Net 接受]"  1599  "191,12,210,197,207,1,6,1,1,194,202,207,1"  
"[Net 接受]"  1599  "191,12,211,197,207,1,7,2,1,195,202,207,1"  
"[Net 接受]"  1299  "147,10,211,219,183,1,1,184,209,231,183,143,43,212,229,219,253,236,212,255,255,255,1,153,147,116,1,0,0"  
"[Net 接受]"  1299  "147,10,233,169,184,1,2,160,181,152,246,146,43,213,142,228,18,1,203,153,67,144,78,0,0"  
"[Net 接受]"  1299  "147,10,241,169,184,1,2,160,181,152,246,146,43,213,142,228,18,1,177,161,67,196,19,0,0"  
"[Net 接受]"  1299  "147,10,209,204,188,1,1,248,250,140,168,145,43,212,229,219,253,236,212,255,255,255,0,0,0"  
"[Net 接受]"  1299  "147,10,211,204,188,1,1,248,250,140,168,145,43,212,229,219,253,236,212,255,255,255,0,0,0"  
"[Net 接受]"  1299  "147,10,213,204,188,1,1,248,250,140,168,145,43,212,229,219,253,236,212,255,255,255,0,0,0"  
"[Net 发送]"  400  "[144,3,36,49,53,56,50,51,55,49,57,45,53,56,48,49,45,48,66,51,48,45,69,68,56,52,45,50,57,48,53,51,53,52,50,50,69,56,50]"  
"[Net 发送]"  413  "[157,3,36,49,53,56,50,51,55,49,57,45,53,56,48,49,45,48,66,51,48,45,69,68,56,52,45,50,57,48,53,51,53,52,50,50,69,56,50]"  
"[Net 发送]"  1630  "[222,12]"  
"[Net 接受]"  380  "252,2,36,49,53,56,50,51,55,49,57,45,53,56,48,49,45,48,66,51,48,45,69,68,56,52,45,50,57,48,53,51,53,52,50,50,69,56,50,0,0,0,0,36,48,48,48,48,48,48,48,48,45,48,48,48,48,45,48,48,48,48,45,48,48,48,48,45,48,48,48,48,48,48,48,48,48,48,48,48"  
"[Net 接受]"  493  "237,3,36,49,53,56,50,51,55,49,57,45,53,56,48,49,45,48,66,51,48,45,69,68,56,52,45,50,57,48,53,51,53,52,50,50,69,56,50,0,0,0"  
"[Net 接受]"  499  "243,3,36,49,53,56,50,51,55,49,57,45,53,56,48,49,45,48,66,51,48,45,69,68,56,52,45,50,57,48,53,51,53,52,50,50,69,56,50,2,177,139,116,30,0,0,0,0,0"  
"[Net 接受]"  499  "243,3,36,49,53,56,50,51,55,49,57,45,53,56,48,49,45,48,66,51,48,45,69,68,56,52,45,50,57,48,53,51,53,52,50,50,69,56,50,4,179,139,116,1,0,0,0,0,0"  
"[Net 接受]"  499  "243,3,36,49,53,56,50,51,55,49,57,45,53,56,48,49,45,48,66,51,48,45,69,68,56,52,45,50,57,48,53,51,53,52,50,50,69,56,50,6,217,209,116,1,0,0,0,0,0"  
"[Net 接受]"  499  "243,3,36,49,53,56,50,51,55,49,57,45,53,56,48,49,45,48,66,51,48,45,69,68,56,52,45,50,57,48,53,51,53,52,50,50,69,56,50,8,193,217,116,1,0,0,0,0,0"  
"[Net 接受]"  499  "243,3,36,49,53,56,50,51,55,49,57,45,53,56,48,49,45,48,66,51,48,45,69,68,56,52,45,50,57,48,53,51,53,52,50,50,69,56,50,10,209,170,116,30,0,0,0,0,0"  
"[Net 接受]"  499  "243,3,36,49,53,56,50,51,55,49,57,45,53,56,48,49,45,48,66,51,48,45,69,68,56,52,45,50,57,48,53,51,53,52,50,50,69,56,50,12,129,155,116,1,0,0,0,0,0"  
"[Net 接受]"  499  "243,3,36,49,53,56,50,51,55,49,57,45,53,56,48,49,45,48,66,51,48,45,69,68,56,52,45,50,57,48,53,51,53,52,50,50,69,56,50,14,129,155,116,1,0,0,0,0,0"  
"[Net 接受]"  499  "243,3,36,49,53,56,50,51,55,49,57,45,53,56,48,49,45,48,66,51,48,45,69,68,56,52,45,50,57,48,53,51,53,52,50,50,69,56,50,16,201,131,116,30,0,0,0,0,0"  
"[Net 接受]"  499  "243,3,36,49,53,56,50,51,55,49,57,45,53,56,48,49,45,48,66,51,48,45,69,68,56,52,45,50,57,48,53,51,53,52,50,50,69,56,50,18,169,225,116,1,0,0,0,0,0"  
"[Net 接受]"  499  "243,3,36,49,53,56,50,51,55,49,57,45,53,56,48,49,45,48,66,51,48,45,69,68,56,52,45,50,57,48,53,51,53,52,50,50,69,56,50,20,177,136,117,1,0,0,0,0,0"  
"[Net 接受]"  499  "243,3,36,49,53,56,50,51,55,49,57,45,53,56,48,49,45,48,66,51,48,45,69,68,56,52,45,50,57,48,53,51,53,52,50,50,69,56,50,22,177,136,117,1,0,0,0,0,0"  
"[Net 接受]"  499  "243,3,36,49,53,56,50,51,55,49,57,45,53,56,48,49,45,48,66,51,48,45,69,68,56,52,45,50,57,48,53,51,53,52,50,50,69,56,50,24,177,136,117,1,0,0,0,0,0"  
"[Net 接受]"  499  "243,3,36,49,53,56,50,51,55,49,57,45,53,56,48,49,45,48,66,51,48,45,69,68,56,52,45,50,57,48,53,51,53,52,50,50,69,56,50,26,177,136,117,1,0,0,0,0,0"  
"[Net 接受]"  499  "243,3,36,49,53,56,50,51,55,49,57,45,53,56,48,49,45,48,66,51,48,45,69,68,56,52,45,50,57,48,53,51,53,52,50,50,69,56,50,28,177,136,117,1,0,0,0,0,0"  
"[Net 接受]"  499  "243,3,36,49,53,56,50,51,55,49,57,45,53,56,48,49,45,48,66,51,48,45,69,68,56,52,45,50,57,48,53,51,53,52,50,50,69,56,50,30,177,136,117,1,0,0,0,0,0"  
"[Net 接受]"  499  "243,3,36,49,53,56,50,51,55,49,57,45,53,56,48,49,45,48,66,51,48,45,69,68,56,52,45,50,57,48,53,51,53,52,50,50,69,56,50,35,153,144,117,1,0,0,0,0,0"  
"[Net 接受]"  499  "243,3,36,49,53,56,50,51,55,49,57,45,53,56,48,49,45,48,66,51,48,45,69,68,56,52,45,50,57,48,53,51,53,52,50,50,69,56,50,37,185,175,117,1,0,0,0,0,0"  
"[Net 接受]"  498  "242,3,36,49,53,56,50,51,55,49,57,45,53,56,48,49,45,48,66,51,48,45,69,68,56,52,45,50,57,48,53,51,53,52,50,50,69,56,50,202,153,67,247,152,240,234,151,26"  
"[Net 接受]"  498  "242,3,36,49,53,56,50,51,55,49,57,45,53,56,48,49,45,48,66,51,48,45,69,68,56,52,45,50,57,48,53,51,53,52,50,50,69,56,50,204,153,67,192,67"  
"[Net 接受]"  498  "242,3,36,49,53,56,50,51,55,49,57,45,53,56,48,49,45,48,66,51,48,45,69,68,56,52,45,50,57,48,53,51,53,52,50,50,69,56,50,146,155,67,232,166,123"  
"[Net 接受]"  498  "242,3,36,49,53,56,50,51,55,49,57,45,53,56,48,49,45,48,66,51,48,45,69,68,56,52,45,50,57,48,53,51,53,52,50,50,69,56,50,177,161,67,192,155,196,223,217,8"  
"[Net 接受]"  498  "242,3,36,49,53,56,50,51,55,49,57,45,53,56,48,49,45,48,66,51,48,45,69,68,56,52,45,50,57,48,53,51,53,52,50,50,69,56,50,179,161,67,180,225,157,171,229,28"  
"[Net 接受]"  498  "242,3,36,49,53,56,50,51,55,49,57,45,53,56,48,49,45,48,66,51,48,45,69,68,56,52,45,50,57,48,53,51,53,52,50,50,69,56,50,153,169,67,214,15"  
"[Net 接受]"  496  "240,3,36,49,53,56,50,51,55,49,57,45,53,56,48,49,45,48,66,51,48,45,69,68,56,52,45,50,57,48,53,51,53,52,50,50,69,56,50,205,167,73,225,161,1,0"  
"[Net 接受]"  496  "240,3,36,49,53,56,50,51,55,49,57,45,53,56,48,49,45,48,66,51,48,45,69,68,56,52,45,50,57,48,53,51,53,52,50,50,69,56,50,182,175,73,0,1"  
"[Net 接受]"  496  "240,3,36,49,53,56,50,51,55,49,57,45,53,56,48,49,45,48,66,51,48,45,69,68,56,52,45,50,57,48,53,51,53,52,50,50,69,56,50,184,175,73,152,12,1"  
"[Net 接受]"  496  "240,3,36,49,53,56,50,51,55,49,57,45,53,56,48,49,45,48,66,51,48,45,69,68,56,52,45,50,57,48,53,51,53,52,50,50,69,56,50,186,175,73,0,1"  
"[Net 接受]"  496  "240,3,36,49,53,56,50,51,55,49,57,45,53,56,48,49,45,48,66,51,48,45,69,68,56,52,45,50,57,48,53,51,53,52,50,50,69,56,50,188,175,73,0,1"  
"[Net 接受]"  496  "240,3,36,49,53,56,50,51,55,49,57,45,53,56,48,49,45,48,66,51,48,45,69,68,56,52,45,50,57,48,53,51,53,52,50,50,69,56,50,190,175,73,208,40,1"  
"[Net 接受]"  496  "240,3,36,49,53,56,50,51,55,49,57,45,53,56,48,49,45,48,66,51,48,45,69,68,56,52,45,50,57,48,53,51,53,52,50,50,69,56,50,166,183,73,217,21,0"  
"[Net 接受]"  495  "239,3,36,49,53,56,50,51,55,49,57,45,53,56,48,49,45,48,66,51,48,45,69,68,56,52,45,50,57,48,53,51,53,52,50,50,69,56,50,3,0,0,0,0"  
"[Net 接受]"  397  "141,3,36,49,53,57,50,66,51,53,70,45,55,55,69,56,45,48,53,57,53,45,68,56,68,49,45,55,54,53,48,48,68,67,69,65,49,55,66,166,183,73,36,49,53,56,50,51,55,49,54,45,69,50,49,49,45,48,66,50,52,45,69,68,56,52,45,52,55,57,66,54,69,54,69,50,67,50,69,36,49,53,56,50,51,55,49,57,45,53,56,48,49,45,48,66,51,48,45,69,68,56,52,45,50,57,48,53,51,53,52,50,50,69,56,50,0,195,8,203,6,3,171,203,152,1,232,7,237,203,152,1,232,7,175,204,152,1,216,173,3,1,0,0,0"  
"[Net 接受]"  397  "141,3,36,49,53,57,50,66,51,53,69,45,68,70,52,56,45,48,53,56,57,45,68,56,68,49,45,54,68,57,51,66,57,50,57,52,48,50,70,166,183,73,36,49,53,56,50,51,55,49,54,45,69,50,49,49,45,48,66,50,52,45,69,68,56,52,45,52,55,57,66,54,69,54,69,50,67,50,69,36,49,53,56,50,51,55,49,57,45,53,56,48,49,45,48,66,51,48,45,69,68,56,52,45,50,57,48,53,51,53,52,50,50,69,56,50,0,195,8,203,6,3,171,203,152,1,232,7,237,203,152,1,232,7,175,204,152,1,216,173,3,1,0,0,0"  
"[Net 接受]"  397  "141,3,36,49,53,57,50,66,51,53,69,45,51,69,54,56,45,48,53,56,49,45,68,56,68,49,45,49,65,68,48,68,65,51,54,57,54,54,55,166,183,73,36,49,53,56,50,51,55,49,54,45,69,50,49,49,45,48,66,50,52,45,69,68,56,52,45,52,55,57,66,54,69,54,69,50,67,50,69,36,49,53,56,50,51,55,49,57,45,53,56,48,49,45,48,66,51,48,45,69,68,56,52,45,50,57,48,53,51,53,52,50,50,69,56,50,0,195,8,203,6,3,171,203,152,1,138,7,237,203,152,1,232,7,175,204,152,1,204,132,3,1,0,0,0"  
"[Net 接受]"  397  "141,3,36,49,53,57,49,54,54,52,49,45,53,49,51,53,45,48,50,66,67,45,70,48,67,68,45,54,50,57,56,50,69,49,51,57,53,65,56,166,183,73,36,49,53,56,50,51,55,49,54,45,69,50,49,49,45,48,66,50,52,45,69,68,56,52,45,52,55,57,66,54,69,54,69,50,67,50,69,36,49,53,56,50,51,55,49,57,45,53,56,48,49,45,48,66,51,48,45,69,68,56,52,45,50,57,48,53,51,53,52,50,50,69,56,50,0,195,8,203,6,3,171,203,152,1,232,7,237,203,152,1,232,7,175,204,152,1,216,173,3,1,0,0,0"  
"[Net 接受]"  0  "0,144,3,0,0"  
"[Net 发送]"  0  "[0,0,0,0]"  
"[Net 接受]"  0  "0,222,12,214,244,8,0"  
"[Net 发送]"  1619  "[211,12]"  
"[Net 接受]"  1658  "250,12,0"  
"[Net 发送]"  0  "[0,0,0,0]"  
"[Net 接受]"  0  "0,0,2,0"  
"[Net 发送]"  1401  "[249,10]"  
"[Net 接受]"  1498  "218,11,0,0,0,0"  
"[Net 发送]"  0  "[0,0,0,0]"  
"[Net 接受]"  0  "0,0,2,0"  
