16:53  "[Net Receive]"  380  "252,2,36,49,53,57,51,48,55,57,50,45,54,66,68,66,45,48,67,56,68,45,69,50,52,54,45,55,67,51,54,54,66,70,49,49,65,51,69,0,0,0,0,36,48,48,48,48,48,48,48,48,45,48,48,48,48,45,48,48,48,48,45,48,48,48,48,45,48,48,48,48,48,48,48,48,48,48,48,48"  
36,49,53,56,67,68,68,51,65,45,68,57,48,57,45,48,67,50,53,45,67,52,57,68,45,67,69,69,54,67,68,54,57,54,69,51,48,0,164,7,204,9,13,171,203,152,1,174,2,237,203,152,1,196,4,138,204,152,1,120,153,204,152,1,40,166,204,152,1,0,175,204,152,1,228,117,176,204,152,1,192,87,177,204,152,1,224,93,184,204,152,1,172,2,187,204,152,1,224,181,5,194,204,152,1,80,195,204,152,1,216,4,196,204,152,1,172,2,1,0,0,3,227,229,164,1,144,78,0,234,229,164,1,144,78,0,235,229,164,1,208,15,0"  
177,204,152,1,208,247,7,188,204,152,1,240,147,9,189,204,152,1,160,31,192,204,152,1,192,150,177,2,193,204,152,1,208,247,7,194,204,152,1,80,137,211,152,1,160,131,1,138,211,152,1,192,87,139,211,152,1,192,112,140,211,152,1,128,100,141,211,152,1,200,26,142,211,152,1,128,150,1,144,211,152,1,144,178,1,151,211,152,1,168,142,2,158,211,152,1,232,204,2,241,218,152,1,128,75,242,218,152,1,224,93,243,218,152,1,224,68,244,218,152,1,192,112,246,218,152,1,128,50,248,218,152,1,144,103,255,218,152,1,248,160,1,134,219,152,1,240,196,1,217,226,152,1,224,237,3,218,226,152,1,224,181,5,219,226,152,1,224,212,3,220,226,152,1,192,128,4,222,226,152,1,128,247,2,224,226,152,1,192,178,4,231,226,152,1,200,139,5,238,226,152,1,232,195,5,193,234,152,1,216,4,194,234,152,1,216,4,195,234,152,1,216,4,196,234,152,1,216,4,198,234,152,1,216,4,200,234,152,1,172,2,214,234,152,1,216,4,169,242,152,1,172,2,170,242,152,1,172,2,171,242,152,1,172,2,172,242,152,1,172,2,174,242,152,1,172,2,176,242,152,1,172,2,190,242,152,1,172,2,145,250,152,1,172,2,146,250,152,1,172,2,147,250,152,1,172,2,148,250,152,1,172,2,150,250,152,1,172,2,152,250,152,1,216,4,166,250,152,1,172,2,0,0,0,3,225,229,164,1,128,183,138,60,0,226,229,164,1,128,221,219,1,0,230,229,164,1,0,0"  
eceive]"  0  "0,220,11,0,0"  
16:30  "[Net Receive]"  1299  "147,10,211,219,183,1,1,184,209,231,183,143,43,167,198,140,176,236,212,255,255,255,1,153,147,116,1,1,0"  
16:30  "[Net Receive]"  1299  "147,10,214,219,183,1,1,184,140,136,136,144,43,167,198,140,176,236,212,255,255,255,1,129,155,116,1,1,0"  
16:30  "[Net Receive]"  1299  "147,10,216,219,183,1,1,240,163,136,136,144,43,167,198,140,176,236,212,255,255,255,0,0,0"  
16:30  "[Net Receive]"  1299  "147,10,225,169,184,1,2,208,236,159,205,147,43,168,223,199,23,1,201,153,67,160,141,6,0,0"  
16:30  "[Net Receive]"  1299  "147,10,233,169,184,1,2,232,191,204,214,145,43,0,1,203,153,67,144,78,0,0"  
16:30  "[Net Receive]"  1299  "147,10,245,169,184,1,2,208,236,159,205,147,43,168,223,199,23,0,0,0"  
16:30  "[Net Receive]"  1299  "147,10,210,204,188,1,3,232,191,204,214,145,43,167,198,140,176,236,212,255,255,255,0,0,0"  
16:30  "[Net Receive]"  1299  "147,10,212,204,188,1,3,232,191,204,214,145,43,167,198,140,176,236,212,255,255,255,0,0,0"  
16:30  "[Net Receive]"  1299  "147,10,169,243,219,2,4,208,236,159,205,147,43,168,223,199,23,0,0,0"  
16:30  "[Net Receive]"  1299  "147,10,221,243,219,2,4,208,236,159,205,147,43,168,223,199,23,0,0,0"  
16:30  "[Net Receive]"  1299  "147,10,198,128,226,2,5,240,139,160,205,147,43,168,153,255,26,0,0,0"  
16:30  "[Net Receive]"  1299  "147,10,200,128,226,2,5,240,139,160,205,147,43,168,153,255,26,0,0,0"  
16:30  "[Net Receive]"  1298  "146,10,7,0"  
16:30  "[Net Receive]"  1298  "146,10,12,0"  
16:30  "[Net Send]"  0  "[0,0,0,0]"  
16:30  "[Net Receive]"  0  "0,0,2,0"  
16:31  "[Net Send]"  400  "[144,3,36,49,53,56,67,68,68,51,65,45,68,57,48,57,45,48,67,50,53,45,67,52,57,68,45,67,69,69,54,67,68,54,57,54,69,51,48]"  
16:31  "[Net Send]"  413  "[157,3,36,49,53,56,67,68,68,51,65,45,68,57,48,57,45,48,67,50,53,45,67,52,57,68,45,67,69,69,54,67,68,54,57,54,69,51,48]"  
16:31  "[Net Send]"  1630  "[222,12]"  
16:31  "[Net Receive]"  493  "237,3,36,49,53,56,67,68,68,51,65,45,68,57,48,57,45,48,67,50,53,45,67,52,57,68,45,67,69,69,54,67,68,54,57,54,69,51,48,6,205,167,73,0,207,167,73,0,178,168,73,0,181,175,73,0,157,183,73,0,133,191,73,0,0,0"  
16:31  "[Net Receive]"  493  "237,3,36,49,53,56,67,68,68,51,65,45,68,57,48,57,45,48,67,50,53,45,67,52,57,68,45,67,69,69,54,67,68,54,57,54,69,51,48,6,205,167,73,0,207,167,73,0,178,168,73,0,181,175,73,0,157,183,73,0,133,191,73,0,0,0"  
16:31  "[Net Receive]"  499  "243,3,36,49,53,56,67,68,68,51,65,45,68,57,48,57,45,48,67,50,53,45,67,52,57,68,45,67,69,69,54,67,68,54,57,54,69,51,48,1,249,240,116,1,0,0,0,0,0"  
16:31  "[Net Receive]"  499  "243,3,36,49,53,56,67,68,68,51,65,45,68,57,48,57,45,48,67,50,53,45,67,52,57,68,45,67,69,69,54,67,68,54,57,54,69,51,48,2,177,139,116,4,0,0,0,0,0"  
16:31  "[Net Receive]"  499  "243,3,36,49,53,56,67,68,68,51,65,45,68,57,48,57,45,48,67,50,53,45,67,52,57,68,45,67,69,69,54,67,68,54,57,54,69,51,48,3,178,139,116,10,0,0,0,0,0"  
16:31  "[Net Receive]"  499  "243,3,36,49,53,56,67,68,68,51,65,45,68,57,48,57,45,48,67,50,53,45,67,52,57,68,45,67,69,69,54,67,68,54,57,54,69,51,48,4,179,139,116,1,0,0,0,0,0"  
16:31  "[Net Receive]"  499  "243,3,36,49,53,56,67,68,68,51,65,45,68,57,48,57,45,48,67,50,53,45,67,52,57,68,45,67,69,69,54,67,68,54,57,54,69,51,48,5,180,139,116,4,0,0,0,0,0"  
16:31  "[Net Receive]"  499  "243,3,36,49,53,56,67,68,68,51,65,45,68,57,48,57,45,48,67,50,53,45,67,52,57,68,45,67,69,69,54,67,68,54,57,54,69,51,48,6,217,209,116,1,0,0,0,0,0"  
16:31  "[Net Receive]"  499  "243,3,36,49,53,56,67,68,68,51,65,45,68,57,48,57,45,48,67,50,53,45,67,52,57,68,45,67,69,69,54,67,68,54,57,54,69,51,48,7,241,201,116,1,0,0,0,0,0"  
16:31  "[Net Receive]"  499  "243,3,36,49,53,56,67,68,68,51,65,45,68,57,48,57,45,48,67,50,53,45,67,52,57,68,45,67,69,69,54,67,68,54,57,54,69,51,48,8,193,217,116,1,0,0,0,0,0"  
16:31  "[Net Receive]"  499  "243,3,36,49,53,56,67,68,68,51,65,45,68,57,48,57,45,48,67,50,53,45,67,52,57,68,45,67,69,69,54,67,68,54,57,54,69,51,48,9,153,147,116,13,0,0,0,0,0"  
16:31  "[Net Receive]"  499  "243,3,36,49,53,56,67,68,68,51,65,45,68,57,48,57,45,48,67,50,53,45,67,52,57,68,45,67,69,69,54,67,68,54,57,54,69,51,48,10,209,170,116,12,0,0,0,0,0"  
16:31  "[Net Receive]"  499  "243,3,36,49,53,56,67,68,68,51,65,45,68,57,48,57,45,48,67,50,53,45,67,52,57,68,45,67,69,69,54,67,68,54,57,54,69,51,48,11,129,155,116,2,0,0,0,0,0"  
16:31  "[Net Receive]"  499  "243,3,36,49,53,56,67,68,68,51,65,45,68,57,48,57,45,48,67,50,53,45,67,52,57,68,45,67,69,69,54,67,68,54,57,54,69,51,48,12,129,155,116,1,0,0,0,0,0"  
16:31  "[Net Receive]"  499  "243,3,36,49,53,56,67,68,68,51,65,45,68,57,48,57,45,48,67,50,53,45,67,52,57,68,45,67,69,69,54,67,68,54,57,54,69,51,48,15,185,178,116,13,0,0,0,0,0"  
16:31  "[Net Receive]"  499  "243,3,36,49,53,56,67,68,68,51,65,45,68,57,48,57,45,48,67,50,53,45,67,52,57,68,45,67,69,69,54,67,68,54,57,54,69,51,48,16,201,131,116,13,0,0,0,0,0"  
16:31  "[Net Receive]"  499  "243,3,36,49,53,56,67,68,68,51,65,45,68,57,48,57,45,48,67,50,53,45,67,52,57,68,45,67,69,69,54,67,68,54,57,54,69,51,48,17,137,194,116,10,0,0,0,0,0"  
16:31  "[Net Receive]"  499  "243,3,36,49,53,56,67,68,68,51,65,45,68,57,48,57,45,48,67,50,53,45,67,52,57,68,45,67,69,69,54,67,68,54,57,54,69,51,48,18,169,225,116,1,0,0,0,0,0"  
16:31  "[Net Receive]"  499  "243,3,36,49,53,56,67,68,68,51,65,45,68,57,48,57,45,48,67,50,53,45,67,52,57,68,45,67,69,69,54,67,68,54,57,54,69,51,48,20,201,128,117,1,0,0,0,0,0"  
16:31  "[Net Receive]"  499  "243,3,36,49,53,56,67,68,68,51,65,45,68,57,48,57,45,48,67,50,53,45,67,52,57,68,45,67,69,69,54,67,68,54,57,54,69,51,48,21,203,128,117,8,0,0,0,0,0"  
16:31  "[Net Receive]"  499  "243,3,36,49,53,56,67,68,68,51,65,45,68,57,48,57,45,48,67,50,53,45,67,52,57,68,45,67,69,69,54,67,68,54,57,54,69,51,48,22,202,128,117,4,0,0,0,0,0"  
16:31  "[Net Receive]"  499  "243,3,36,49,53,56,67,68,68,51,65,45,68,57,48,57,45,48,67,50,53,45,67,52,57,68,45,67,69,69,54,67,68,54,57,54,69,51,48,24,204,128,117,3,0,0,0,0,0"  
16:31  "[Net Receive]"  499  "243,3,36,49,53,56,67,68,68,51,65,45,68,57,48,57,45,48,67,50,53,45,67,52,57,68,45,67,69,69,54,67,68,54,57,54,69,51,48,26,201,128,117,1,0,0,0,0,0"  
16:31  "[Net Receive]"  499  "243,3,36,49,53,56,67,68,68,51,65,45,68,57,48,57,45,48,67,50,53,45,67,52,57,68,45,67,69,69,54,67,68,54,57,54,69,51,48,27,201,128,117,2,0,0,0,0,0"  
16:31  "[Net Receive]"  499  "243,3,36,49,53,56,67,68,68,51,65,45,68,57,48,57,45,48,67,50,53,45,67,52,57,68,45,67,69,69,54,67,68,54,57,54,69,51,48,28,177,136,117,1,0,0,0,0,0"  
16:31  "[Net Receive]"  499  "243,3,36,49,53,56,67,68,68,51,65,45,68,57,48,57,45,48,67,50,53,45,67,52,57,68,45,67,69,69,54,67,68,54,57,54,69,51,48,29,177,136,117,1,0,0,0,0,0"  
16:31  "[Net Receive]"  499  "243,3,36,49,53,56,67,68,68,51,65,45,68,57,48,57,45,48,67,50,53,45,67,52,57,68,45,67,69,69,54,67,68,54,57,54,69,51,48,30,177,136,117,1,0,0,0,0,0"  
16:31  "[Net Receive]"  499  "243,3,36,49,53,56,67,68,68,51,65,45,68,57,48,57,45,48,67,50,53,45,67,52,57,68,45,67,69,69,54,67,68,54,57,54,69,51,48,31,177,136,117,1,0,0,0,0,0"  
16:31  "[Net Receive]"  499  "243,3,36,49,53,56,67,68,68,51,65,45,68,57,48,57,45,48,67,50,53,45,67,52,57,68,45,67,69,69,54,67,68,54,57,54,69,51,48,35,153,144,117,1,0,0,0,0,0"  
16:31  "[Net Receive]"  499  "243,3,36,49,53,56,67,68,68,51,65,45,68,57,48,57,45,48,67,50,53,45,67,52,57,68,45,67,69,69,54,67,68,54,57,54,69,51,48,37,185,175,117,1,0,0,0,0,0"  
16:31  "[Net Receive]"  497  "241,3,36,49,53,56,67,68,68,51,65,45,68,57,48,57,45,48,67,50,53,45,67,52,57,68,45,67,69,69,54,67,68,54,57,54,69,51,48,138,180,79,1,0,0,0,0,0"  
16:31  "[Net Receive]"  497  "241,3,36,49,53,56,67,68,68,51,65,45,68,57,48,57,45,48,67,50,53,45,67,52,57,68,45,67,69,69,54,67,68,54,57,54,69,51,48,145,180,79,2,0,0,0,0,0"  
16:31  "[Net Receive]"  497  "241,3,36,49,53,56,67,68,68,51,65,45,68,57,48,57,45,48,67,50,53,45,67,52,57,68,45,67,69,69,54,67,68,54,57,54,69,51,48,146,180,79,1,0,0,0,0,0"  
16:31  "[Net Receive]"  497  "241,3,36,49,53,56,67,68,68,51,65,45,68,57,48,57,45,48,67,50,53,45,67,52,57,68,45,67,69,69,54,67,68,54,57,54,69,51,48,241,187,79,13,0,0,0,0,0"  
16:31  "[Net Receive]"  497  "241,3,36,49,53,56,67,68,68,51,65,45,68,57,48,57,45,48,67,50,53,45,67,52,57,68,45,67,69,69,54,67,68,54,57,54,69,51,48,243,187,79,12,0,0,0,0,0"  
16:31  "[Net Receive]"  497  "241,3,36,49,53,56,67,68,68,51,65,45,68,57,48,57,45,48,67,50,53,45,67,52,57,68,45,67,69,69,54,67,68,54,57,54,69,51,48,218,195,79,3,0,0,0,0,0"  
16:31  "[Net Receive]"  497  "241,3,36,49,53,56,67,68,68,51,65,45,68,57,48,57,45,48,67,50,53,45,67,52,57,68,45,67,69,69,54,67,68,54,57,54,69,51,48,220,195,79,3,0,0,0,0,0"  
16:31  "[Net Receive]"  497  "241,3,36,49,53,56,67,68,68,51,65,45,68,57,48,57,45,48,67,50,53,45,67,52,57,68,45,67,69,69,54,67,68,54,57,54,69,51,48,221,195,79,1,0,0,0,0,0"  
16:31  "[Net Receive]"  497  "241,3,36,49,53,56,67,68,68,51,65,45,68,57,48,57,45,48,67,50,53,45,67,52,57,68,45,67,69,69,54,67,68,54,57,54,69,51,48,222,195,79,3,0,0,0,0,0"  
16:31  "[Net Receive]"  497  "241,3,36,49,53,56,67,68,68,51,65,45,68,57,48,57,45,48,67,50,53,45,67,52,57,68,45,67,69,69,54,67,68,54,57,54,69,51,48,224,195,79,3,0,0,0,0,0"  
16:31  "[Net Receive]"  497  "241,3,36,49,53,56,67,68,68,51,65,45,68,57,48,57,45,48,67,50,53,45,67,52,57,68,45,67,69,69,54,67,68,54,57,54,69,51,48,231,195,79,3,0,0,0,0,0"  
16:31  "[Net Receive]"  497  "241,3,36,49,53,56,67,68,68,51,65,45,68,57,48,57,45,48,67,50,53,45,67,52,57,68,45,67,69,69,54,67,68,54,57,54,69,51,48,238,195,79,3,0,0,0,0,0"  
16:31  "[Net Receive]"  497  "241,3,36,49,53,56,67,68,68,51,65,45,68,57,48,57,45,48,67,50,53,45,67,52,57,68,45,67,69,69,54,67,68,54,57,54,69,51,48,193,203,79,3,0,0,0,0,0"  
16:31  "[Net Receive]"  497  "241,3,36,49,53,56,67,68,68,51,65,45,68,57,48,57,45,48,67,50,53,45,67,52,57,68,45,67,69,69,54,67,68,54,57,54,69,51,48,196,203,79,3,0,0,0,0,0"  
16:31  "[Net Receive]"  497  "241,3,36,49,53,56,67,68,68,51,65,45,68,57,48,57,45,48,67,50,53,45,67,52,57,68,45,67,69,69,54,67,68,54,57,54,69,51,48,200,203,79,3,0,0,0,0,0"  
16:31  "[Net Receive]"  497  "241,3,36,49,53,56,67,68,68,51,65,45,68,57,48,57,45,48,67,50,53,45,67,52,57,68,45,67,69,69,54,67,68,54,57,54,69,51,48,214,203,79,3,0,0,0,0,0"  
16:31  "[Net Receive]"  497  "241,3,36,49,53,56,67,68,68,51,65,45,68,57,48,57,45,48,67,50,53,45,67,52,57,68,45,67,69,69,54,67,68,54,57,54,69,51,48,170,211,79,3,0,0,0,0,0"  
16:31  "[Net Receive]"  497  "241,3,36,49,53,56,67,68,68,51,65,45,68,57,48,57,45,48,67,50,53,45,67,52,57,68,45,67,69,69,54,67,68,54,57,54,69,51,48,172,211,79,3,0,0,0,0,0"  
16:31  "[Net Receive]"  497  "241,3,36,49,53,56,67,68,68,51,65,45,68,57,48,57,45,48,67,50,53,45,67,52,57,68,45,67,69,69,54,67,68,54,57,54,69,51,48,176,211,79,3,0,0,0,0,0"  
16:31  "[Net Receive]"  497  "241,3,36,49,53,56,67,68,68,51,65,45,68,57,48,57,45,48,67,50,53,45,67,52,57,68,45,67,69,69,54,67,68,54,57,54,69,51,48,190,211,79,3,0,0,0,0,0"  
16:31  "[Net Receive]"  497  "241,3,36,49,53,56,67,68,68,51,65,45,68,57,48,57,45,48,67,50,53,45,67,52,57,68,45,67,69,69,54,67,68,54,57,54,69,51,48,146,219,79,3,0,0,0,0,0"  
16:31  "[Net Receive]"  497  "241,3,36,49,53,56,67,68,68,51,65,45,68,57,48,57,45,48,67,50,53,45,67,52,57,68,45,67,69,69,54,67,68,54,57,54,69,51,48,148,219,79,3,0,0,0,0,0"  
16:31  "[Net Receive]"  497  "241,3,36,49,53,56,67,68,68,51,65,45,68,57,48,57,45,48,67,50,53,45,67,52,57,68,45,67,69,69,54,67,68,54,57,54,69,51,48,152,219,79,3,0,0,0,0,0"  
16:31  "[Net Receive]"  497  "241,3,36,49,53,56,67,68,68,51,65,45,68,57,48,57,45,48,67,50,53,45,67,52,57,68,45,67,69,69,54,67,68,54,57,54,69,51,48,166,219,79,3,0,0,0,0,0"  
16:31  "[Net Receive]"  497  "241,3,36,49,53,56,67,68,68,51,65,45,68,57,48,57,45,48,67,50,53,45,67,52,57,68,45,67,69,69,54,67,68,54,57,54,69,51,48,250,226,79,3,0,0,0,0,0"  
16:31  "[Net Receive]"  497  "241,3,36,49,53,56,67,68,68,51,65,45,68,57,48,57,45,48,67,50,53,45,67,52,57,68,45,67,69,69,54,67,68,54,57,54,69,51,48,252,226,79,3,0,0,0,0,0"  
16:31  "[Net Receive]"  497  "241,3,36,49,53,56,67,68,68,51,65,45,68,57,48,57,45,48,67,50,53,45,67,52,57,68,45,67,69,69,54,67,68,54,57,54,69,51,48,128,227,79,3,0,0,0,0,0"  
16:31  "[Net Receive]"  497  "241,3,36,49,53,56,67,68,68,51,65,45,68,57,48,57,45,48,67,50,53,45,67,52,57,68,45,67,69,69,54,67,68,54,57,54,69,51,48,225,234,79,3,0,0,0,0,0"  
16:31  "[Net Receive]"  497  "241,3,36,49,53,56,67,68,68,51,65,45,68,57,48,57,45,48,67,50,53,45,67,52,57,68,45,67,69,69,54,67,68,54,57,54,69,51,48,227,234,79,3,0,0,0,0,0"  
16:31  "[Net Receive]"  497  "241,3,36,49,53,56,67,68,68,51,65,45,68,57,48,57,45,48,67,50,53,45,67,52,57,68,45,67,69,69,54,67,68,54,57,54,69,51,48,230,234,79,3,0,0,0,0,0"  
16:31  "[Net Receive]"  497  "241,3,36,49,53,56,67,68,68,51,65,45,68,57,48,57,45,48,67,50,53,45,67,52,57,68,45,67,69,69,54,67,68,54,57,54,69,51,48,246,234,79,3,0,0,0,0,0"  
16:31  "[Net Receive]"  497  "241,3,36,49,53,56,67,68,68,51,65,45,68,57,48,57,45,48,67,50,53,45,67,52,57,68,45,67,69,69,54,67,68,54,57,54,69,51,48,202,242,79,3,0,0,0,0,0"  
16:31  "[Net Receive]"  497  "241,3,36,49,53,56,67,68,68,51,65,45,68,57,48,57,45,48,67,50,53,45,67,52,57,68,45,67,69,69,54,67,68,54,57,54,69,51,48,204,242,79,3,0,0,0,0,0"  
16:31  "[Net Receive]"  497  "241,3,36,49,53,56,67,68,68,51,65,45,68,57,48,57,45,48,67,50,53,45,67,52,57,68,45,67,69,69,54,67,68,54,57,54,69,51,48,208,242,79,3,0,0,0,0,0"  
16:31  "[Net Receive]"  498  "242,3,36,49,53,56,67,68,68,51,65,45,68,57,48,57,45,48,67,50,53,45,67,52,57,68,45,67,69,69,54,67,68,54,57,54,69,51,48,201,153,67,240,130,157,186,234,37"  
16:31  "[Net Receive]"  498  "242,3,36,49,53,56,67,68,68,51,65,45,68,57,48,57,45,48,67,50,53,45,67,52,57,68,45,67,69,69,54,67,68,54,57,54,69,51,48,203,153,67,253,203,161,133,200,46"  
16:31  "[Net Receive]"  498  "242,3,36,49,53,56,67,68,68,51,65,45,68,57,48,57,45,48,67,50,53,45,67,52,57,68,45,67,69,69,54,67,68,54,57,54,69,51,48,145,155,67,0"  
16:31  "[Net Receive]"  498  "242,3,36,49,53,56,67,68,68,51,65,45,68,57,48,57,45,48,67,50,53,45,67,52,57,68,45,67,69,69,54,67,68,54,57,54,69,51,48,147,155,67,240,248,17"  
16:31  "[Net Receive]"  498  "242,3,36,49,53,56,67,68,68,51,65,45,68,57,48,57,45,48,67,50,53,45,67,52,57,68,45,67,69,69,54,67,68,54,57,54,69,51,48,178,161,67,232,227,197,187,200,46"  
16:31  "[Net Receive]"  498  "242,3,36,49,53,56,67,68,68,51,65,45,68,57,48,57,45,48,67,50,53,45,67,52,57,68,45,67,69,69,54,67,68,54,57,54,69,51,48,180,161,67,130,195,154,134,212,65"  
16:31  "[Net Receive]"  498  "242,3,36,49,53,56,67,68,68,51,65,45,68,57,48,57,45,48,67,50,53,45,67,52,57,68,45,67,69,69,54,67,68,54,57,54,69,51,48,233,184,67,10"  
16:31  "[Net Receive]"  496  "240,3,36,49,53,56,67,68,68,51,65,45,68,57,48,57,45,48,67,50,53,45,67,52,57,68,45,67,69,69,54,67,68,54,57,54,69,51,48,206,167,73,0,1"  
16:31  "[Net Receive]"  496  "240,3,36,49,53,56,67,68,68,51,65,45,68,57,48,57,45,48,67,50,53,45,67,52,57,68,45,67,69,69,54,67,68,54,57,54,69,51,48,177,168,73,160,6,0"  
16:31  "[Net Receive]"  496  "240,3,36,49,53,56,67,68,68,51,65,45,68,57,48,57,45,48,67,50,53,45,67,52,57,68,45,67,69,69,54,67,68,54,57,54,69,51,48,179,168,73,98,1"  
16:31  "[Net Receive]"  496  "240,3,36,49,53,56,67,68,68,51,65,45,68,57,48,57,45,48,67,50,53,45,67,52,57,68,45,67,69,69,54,67,68,54,57,54,69,51,48,157,183,73,197,14,0"  
16:31  "[Net Receive]"  495  "239,3,36,49,53,56,67,68,68,51,65,45,68,57,48,57,45,48,67,50,53,45,67,52,57,68,45,67,69,69,54,67,68,54,57,54,69,51,48,2,0,0,0,0"  
16:31  "[Net Receive]"  495  "239,3,36,49,53,56,67,68,68,51,65,45,68,57,48,57,45,48,67,50,53,45,67,52,57,68,45,67,69,69,54,67,68,54,57,54,69,51,48,4,0,0,0,0"  
16:31  "[Net Receive]"  494  "238,3,36,49,53,56,67,68,68,51,65,45,68,57,48,57,45,48,67,50,53,45,67,52,57,68,45,67,69,69,54,67,68,54,57,54,69,51,48,205,167,73,0"  
16:31  "[Net Receive]"  494  "238,3,36,49,53,56,67,68,68,51,65,45,68,57,48,57,45,48,67,50,53,45,67,52,57,68,45,67,69,69,54,67,68,54,57,54,69,51,48,178,168,73,0"  
16:31  "[Net Receive]"  494  "238,3,36,49,53,56,67,68,68,51,65,45,68,57,48,57,45,48,67,50,53,45,67,52,57,68,45,67,69,69,54,67,68,54,57,54,69,51,48,181,175,73,0"  
16:31  "[Net Receive]"  494  "238,3,36,49,53,56,67,68,68,51,65,45,68,57,48,57,45,48,67,50,53,45,67,52,57,68,45,67,69,69,54,67,68,54,57,54,69,51,48,133,191,73,0"  
16:31  "[Net Receive]"  492  "236,3,36,49,53,56,67,68,68,51,65,45,68,57,48,57,45,48,67,50,53,45,67,52,57,68,45,67,69,69,54,67,68,54,57,54,69,51,48,2,1"  
16:31  "[Net Receive]"  492  "236,3,36,49,53,56,67,68,68,51,65,45,68,57,48,57,45,48,67,50,53,45,67,52,57,68,45,67,69,69,54,67,68,54,57,54,69,51,48,4,1"  
16:31  "[Net Receive]"  397  "141,3,36,49,53,56,68,51,49,56,52,45,50,70,56,57,45,48,50,68,48,45,67,52,53,66,45,53,65,54,52,52,48,70,50,54,65,56,53,207,167,73,36,49,53,56,67,68,68,51,53,45,70,50,65,57,45,48,66,68,49,45,67,52,57,68,45,66,52,54,54,48,51,70,65,51,70,56,53,36,49,53,56,67,68,68,51,65,45,68,57,48,57,45,48,67,50,53,45,67,52,57,68,45,67,69,69,54,67,68,54,57,54,69,51,48,0,164,7,204,9,14,171,203,152,1,196,4,237,203,152,1,196,4,134,204,152,1,0,138,204,152,1,130,1,139,204,152,1,120,153,204,152,1,40,175,204,152,1,144,163,1,176,204,152,1,160,131,1,177,204,152,1,128,75,184,204,152,1,172,2,187,204,152,1,224,237,3,194,204,152,1,80,195,204,152,1,216,4,196,204,152,1,172,2,1,0,0,1,235,229,164,1,208,15,0"  
16:31  "[Net Receive]"  397  "141,3,36,49,53,56,68,51,52,57,67,45,56,55,54,67,45,48,68,69,52,45,67,52,53,66,45,54,67,53,51,69,52,54,65,52,51,68,51,207,167,73,36,49,53,56,67,68,68,51,53,45,70,50,65,57,45,48,66,68,49,45,67,52,57,68,45,66,52,54,54,48,51,70,65,51,70,56,53,36,49,53,56,67,68,68,51,65,45,68,57,48,57,45,48,67,50,53,45,67,52,57,68,45,67,69,69,54,67,68,54,57,54,69,51,48,0,164,7,204,9,13,171,203,152,1,212,2,237,203,152,1,216,4,138,204,152,1,130,1,139,204,152,1,120,153,204,152,1,40,175,204,152,1,160,95,176,204,152,1,160,131,1,177,204,152,1,128,75,184,204,152,1,172,2,187,204,152,1,224,237,3,194,204,152,1,80,195,204,152,1,216,4,196,204,152,1,172,2,1,0,0,2,227,229,164,1,144,78,0,234,229,164,1,144,78,0"  
16:31  "[Net Receive]"  397  "141,3,36,49,53,56,68,51,52,57,68,45,68,66,51,67,45,48,69,67,52,45,67,52,53,66,45,48,51,56,54,67,52,69,68,66,56,70,56,178,168,73,36,49,53,56,67,68,68,51,53,45,70,50,65,57,45,48,66,68,49,45,67,52,57,68,45,66,52,54,54,48,51,70,65,51,70,56,53,36,49,53,56,67,68,68,51,65,45,68,57,48,57,45,48,67,50,53,45,67,52,57,68,45,67,69,69,54,67,68,54,57,54,69,51,48,0,164,7,204,9,12,171,203,152,1,182,1,237,203,152,1,132,3,138,204,152,1,120,153,204,152,1,40,175,204,152,1,214,70,176,204,152,1,192,87,177,204,152,1,224,93,184,204,152,1,172,2,187,204,152,1,224,181,5,194,204,152,1,80,195,204,152,1,216,4,196,204,152,1,172,2,1,0,0,2,227,229,164,1,144,78,0,234,229,164,1,144,78,0"  
16:31  "[Net Receive]"  397  "141,3,36,49,53,57,48,48,53,49,70,45,52,65,65,53,45,48,67,54,67,45,70,55,50,56,45,70,52,54,50,57,68,66,66,69,49,49,66,177,168,73,36,49,53,56,67,68,68,51,53,45,70,50,65,57,45,48,66,68,49,45,67,52,57,68,45,66,52,54,54,48,51,70,65,51,70,56,53,36,49,53,56,67,68,68,51,65,45,68,57,48,57,45,48,67,50,53,45,67,52,57,68,45,67,69,69,54,67,68,54,57,54,69,51,48,0,164,7,204,9,3,171,203,152,1,216,4,237,203,152,1,216,4,175,204,152,1,200,201,1,1,0,0,0"  
16:31  "[Net Send]"  1809  "[145,14]"  
16:31  "[Net Receive]"  0  "0,157,3,248,219,8,36,49,53,56,67,68,68,51,65,45,68,57,48,57,45,48,67,50,53,45,67,52,57,68,45,67,69,69,54,67,68,54,57,54,69,51,48"  
16:31  "[Net Receive]"  1662  "254,12,1,36,49,53,56,70,49,67,66,55,45,56,55,69,68,45,48,51,69,67,45,67,67,55,53,45,48,69,67,65,55,57,52,54,69,49,70,69,36,49,53,56,68,68,53,50,52,45,55,49,68,56,45,48,70,65,52,45,70,57,49,54,45,52,50,55,57,70,52,51,70,68,56,48,56,36,49,53,56,70,49,67,66,55,45,56,55,69,68,45,48,51,70,48,45,67,67,55,53,45,66,48,65,67,56,69,54,50,57,68,50,49,0,0,0,0,0,0,0,0,0"  
16:31  "[Net Receive]"  0  "0,145,14,0,0"  
16:31  "[Net Receive]"  1854  "190,14,0"  
16:32  "[Net Send]"  0  "[0,0,0,0]"  
16:32  "[Net Receive]"  0  "0,0,2,0"  
16:34  "[Net Send]"  0  "[0,0,0,0]"  
16:34  "[Net Receive]"  0  "0,0,2,0"  
16:36  "[Net Send]"  0  "[0,0,0,0]"  
16:36  "[Net Receive]"  0  "0,0,2,0"  
16:38  "[Net Send]"  0  "[0,0,0,0]"  
16:38  "[Net Receive]"  0  "0,0,2,0"  
16:40  "[Net Send]"  0  "[0,0,0,0]"  
16:40  "[Net Receive]"  0  "0,0,2,0"  
16:42  "[Net Send]"  0  "[0,0,0,0]"  
16:42  "[Net Receive]"  0  "0,0,2,0"  
16:44  "[Net Send]"  206  "[206,1,3,97,98,99]"  
16:44  "[Net Receive]"  296  "168,2,3,97,98,99,147,166,244,207,147,43"  
16:44  "[Net Send]"  0  "[0,0,0,0]"  
16:44  "[Net Receive]"  0  "0,0,2,0"  
16:46  "[Net Send]"  0  "[0,0,0,0]"  
16:46  "[Net Receive]"  0  "0,0,2,0"  
16:48  "[Net Send]"  0  "[0,0,0,0]"  
16:48  "[Net Receive]"  0  "0,0,2,0"  
16:50  "[Net Send]"  0  "[0,0,0,0]"  
16:50  "[Net Receive]"  0  "0,0,2,0"  
16:52  "[Net Send]"  0  "[0,0,0,0]"  
16:53  "[Net Receive]"  0  "0,0,2,0"  
16:53  "[Net Receive]"  397  "141,3,36,49,53,56,67,68,68,51,65,45,68,57,48,57,45,48,67,50,53,45,67,52,57,68,45,67,69,69,54,67,68,54,57,54,69,51,48,137,198,73,36,49,53,56,67,68,68,51,53,45,70,50,65,57,45,48,66,68,49,45,67,52,57,68,45,66,52,54,54,48,51,70,65,51,70,56,53,0,7,228,188,145,230,150,175,72,164,7,204,9,74,161,203,152,1,186,125,163,203,152,1,200,1,164,203,152,1,20,165,203,152,1,60,167,203,152,1,26,168,203,152,1,152,2,169,203,152,1,140,1,171,203,152,1,2,237,203,152,1,2,238,203,152,1,130,1,239,203,152,1,120,240,203,152,1,120,138,204,152,1,0,139,204,152,1,0,148,204,152,1,40,149,204,152,1,192,62,153,204,152,1,40,155,204,152,1,60,163,204,152,1,164,7,164,204,152,1,204,9,175,204,152,1,160,239,15,176,204,152,1,192,150,177,2,177,204,152,1,208,247,7,188,204,152,1,240,147,9,189,204,152,1,160,31,192,204,152,1,192,150,177,2,193,204,152,1,208,247,7,194,204,152,1,80,137,211,152,1,160,131,1,138,211,152,1,192,87,139,211,152,1,192,112,140,211,152,1,128,100,141,211,152,1,200,26,142,211,152,1,128,150,1,144,211,152,1,144,178,1,151,211,152,1,168,142,2,158,211,152,1,232,204,2,241,218,152,1,128,75,242,218,152,1,224,93,243,218,152,1,224,68,244,218,152,1,192,112,246,218,152,1,128,50,248,218,152,1,144,103,255,218,152,1,248,160,1,134,219,152,1,240,196,1,217,226,152,1,224,237,3,218,226,152,1,224,181,5,219,226,152,1,224,212,3,220,226,152,1,192,128,4,222,226,152,1,128,247,2,224,226,152,1,192,178,4,231,226,152,1,200,139,5,238,226,152,1,232,195,5,193,234,152,1,216,4,194,234,152,1,216,4,195,234,152,1,216,4,196,234,152,1,216,4,198,234,152,1,216,4,200,234,152,1,172,2,214,234,152,1,216,4,169,242,152,1,172,2,170,242,152,1,172,2,171,242,152,1,172,2,172,242,152,1,172,2,174,242,152,1,172,2,176,242,152,1,172,2,190,242,152,1,172,2,145,250,152,1,172,2,146,250,152,1,172,2,147,250,152,1,172,2,148,250,152,1,172,2,150,250,152,1,172,2,152,250,152,1,216,4,166,250,152,1,172,2,0,0,0,3,225,229,164,1,128,183,138,60,0,226,229,164,1,128,221,219,1,0,230,229,164,1,0,0"  
16:53  "[Net Receive]"  493  "237,3,36,49,53,56,67,68,68,51,65,45,68,57,48,57,45,48,67,50,53,45,67,52,57,68,45,67,69,69,54,67,68,54,57,54,69,51,48,6,205,167,73,0,207,167,73,0,178,168,73,0,181,175,73,0,157,183,73,0,133,191,73,0,0,0"  
16:53  "[Net Receive]"  298  "170,2,36,49,53,57,51,48,55,57,48,45,54,57,50,66,45,48,67,56,57,45,69,50,52,54,45,67,56,57,55,68,54,48,52,56,66,52,54,5,102,103,104,106,114,6,120,1,48,123,1,49,197,1,3,49,56,53,199,1,111,123,34,105,110,100,101,120,34,58,49,44,34,108,105,115,116,34,58,91,123,125,44,123,125,44,123,34,49,34,58,123,34,105,100,34,58,49,44,34,116,121,112,101,34,58,49,52,48,49,48,48,51,44,34,110,97,109,101,34,58,34,230,178,153,230,188,160,34,44,34,112,111,115,34,58,123,34,120,34,58,52,55,54,44,34,121,34,58,54,51,51,125,44,34,116,97,103,34,58,102,97,108,115,101,125,125,44,123,125,93,125,200,1,13,49,52,56,50,55,50,50,54,57,55,50,55,51,201,1,13,49,52,56,50,55,50,50,57,52,57,56,48,53,0,1,1,0"  
