7:1  "[Net Receive]"  1299  "147,10,163,243,219,2,4,192,151,215,201,147,43,218,224,142,22,0,0,0"  
255,255,255,1,193,194,207,1,1,1,0"  

207,1"  
7:1  "[Net Receive]"  1599  "191,12,168,195,207,1,1,1,1,172,202,207,1"  
,48,48,49,0,1,49,1,48,3,49,56,48,1,49,5,51,50,53,57,48,1,51,36,49,53,56,51,51,52,57,54,45,55,48,67,48,45,48,68,68,68,45,69,53,70,50,45,57,48,52,49,53,67,66,54,55,48,51,54"  
5,163,5,2,53,48,0"  
9,0"  
2:51  "[Net Receive]"  0  "0,217,4,0,0"  
2:51  "[Net Receive]"  698  "186,5,36,49,53,56,68,51,65,48,70,45,52,65,55,65,45,48,57,49,67,45,68,51,67,65,45,56,70,53,48,66,50,48,70,49,53,67,65,0,144,227,131,157,141,43,174,2,0,0,7,149,163,5,15,230,138,128,230,156,175,231,155,145,231,157,163,229,177,128,150,163,5,7,53,56,48,48,48,48,53,151,163,5,3,49,48,48,152,163,5,7,49,49,48,51,48,48,53,153,163,5,2,53,48,154,163,5,7,53,53,48,48,48,48,49,155,163,5,2,53,48,0"  
2:51  "[Net Receive]"  0  "0,217,4,0,0"  
2:51  "[Net Receive]"  698  "186,5,36,49,53,56,68,51,65,48,70,45,52,65,53,65,45,48,57,49,48,45,68,51,67,65,45,50,54,48,50,68,54,69,48,56,48,57,69,0,144,227,131,157,141,43,174,2,0,0,7,149,163,5,15,230,138,128,230,156,175,231,155,145,231,157,163,229,177,128,150,163,5,7,53,56,48,48,48,48,53,151,163,5,2,55,53,152,163,5,7,49,49,48,51,48,48,53,153,163,5,2,53,48,154,163,5,7,53,53,48,48,48,48,49,155,163,5,2,53,48,0"  
2:51  "[Net Send]"  601  "[217,4,1,36,49,53,56,68,51,65,48,70,45,52,65,52,65,45,48,57,48,52,45,68,51,67,65,45,50,56,54,50,49,57,55,52,49,67,66,67,1]"  
2:51  "[Net Receive]"  698  "186,5,36,49,53,56,68,51,65,48,70,45,52,65,52,65,45,48,57,48,52,45,68,51,67,65,45,50,56,54,50,49,57,55,52,49,67,66,67,0,144,227,131,157,141,43,174,2,0,0,7,149,163,5,15,230,138,128,230,156,175,231,155,145,231,157,163,229,177,128,150,163,5,7,53,56,48,48,48,48,53,151,163,5,2,53,48,152,163,5,7,49,49,48,51,48,48,53,153,163,5,2,53,48,154,163,5,7,53,53,48,48,48,48,49,155,163,5,2,53,48,0"  
2:51  "[Net Send]"  601  "[217,4,1,36,49,53,56,68,51,65,48,70,45,52,65,50,65,45,48,56,70,56,45,68,51,67,65,45,52,56,49,68,55,55,70,69,57,69,50,70,1]"  
2:51  "[Net Send]"  700  "[188,5]"  
2:51  "[Net Send]"  711  "[199,5]"  
2:51  "[Net Send]"  712  "[200,5]"  
2:51  "[Net Receive]"  1664  "128,13,36,49,53,57,51,65,48,70,52,45,50,49,67,53,45,48,51,56,57,45,70,67,56,69,45,68,67,55,67,49,65,54,67,52,54,57,65,6,54,54,54,54,54,54,9,231,136,177,232,191,170,231,148,159,7,53,54,49,48,48,48,49,0,1,49,1,48,3,49,56,48,1,49,5,51,50,53,57,48,1,51,36,49,53,56,51,51,52,57,54,45,55,48,67,48,45,48,68,68,68,45,69,53,70,50,45,57,48,52,49,53,67,66,54,55,48,51,54"  
2:51  "[Net Receive]"  0  "0,188,5,0,0"  
2:51  "[Net Receive]"  0  "0,199,5,0,0"  
2:53  "[Net Send]"  1500  "[220,11]"  
2:53  "[Net Receive]"  794  "154,6,0"  
2:53  "[Net Send]"  1200  "[176,9]"  
2:53  "[Net Receive]"  1599  "191,12,195,194,207,1,1,1,1,183,202,207,1"  
2:53  "[Net Receive]"  1599  "191,12,196,194,207,1,1,1,1,184,202,207,1"  
2:53  "[Net Receive]"  1599  "191,12,197,194,207,1,1,1,1,185,202,207,1"  
2:53  "[Net Receive]"  1599  "191,12,198,194,207,1,1,1,1,186,202,207,1"  
2:53  "[Net Receive]"  1599  "191,12,166,195,207,1,1,1,1,170,202,207,1"  
2:53  "[Net Receive]"  1599  "191,12,167,195,207,1,1,1,1,171,202,207,1"  
2:53  "[Net Receive]"  1599  "191,12,168,195,207,1,1,1,1,172,202,207,1"  
2:53  "[Net Receive]"  0  "0,220,11,0,0"  
2:53  "[Net Send]"  601  "[217,4,1,36,49,53,56,67,68,68,69,53,45,48,49,70,70,45,48,54,65,57,45,67,52,57,68,45,51,54,70,50,67,54,56,65,53,65,53,52,1]"  
2:53  "[Net Receive]"  1299  "147,10,212,219,183,1,1,176,201,205,204,147,43,174,215,226,174,236,212,255,255,255,1,185,178,116,1,1,0"  
2:53  "[Net Receive]"  1299  "147,10,213,219,183,1,1,152,209,205,204,147,43,174,215,226,174,236,212,255,255,255,1,137,194,116,1,1,0"  
2:53  "[Net Receive]"  1299  "147,10,214,219,183,1,1,128,217,205,204,147,43,174,215,226,174,236,212,255,255,255,0,0,0"  
2:53  "[Net Receive]"  1299  "147,10,249,161,184,1,1,248,180,213,204,146,43,174,215,226,174,236,212,255,255,255,1,185,178,116,1,0,0"  
2:53  "[Net Receive]"  1299  "147,10,233,169,184,1,2,192,151,215,201,147,43,175,240,157,22,1,203,153,67,144,78,0,0"  
2:53  "[Net Receive]"  1299  "147,10,241,169,184,1,2,192,151,215,201,147,43,175,240,157,22,0,0,0"  
2:53  "[Net Receive]"  1299  "147,10,209,204,188,1,3,248,180,213,204,146,43,174,215,226,174,236,212,255,255,255,0,0,0"  
2:53  "[Net Receive]"  1299  "147,10,211,204,188,1,3,248,180,213,204,146,43,174,215,226,174,236,212,255,255,255,1,233,166,73,232,7,1,0"  
2:53  "[Net Receive]"  1299  "147,10,212,204,188,1,3,248,180,213,204,146,43,174,215,226,174,236,212,255,255,255,0,0,0"  
2:53  "[Net Receive]"  1299  "147,10,213,204,188,1,3,248,180,213,204,146,43,174,215,226,174,236,212,255,255,255,1,193,194,207,1,1,1,0"  
2:53  "[Net Receive]"  1299  "147,10,163,243,219,2,4,192,151,215,201,147,43,175,240,157,22,0,0,0"  
6:59  "[Net Send]"  601  "[217,4,1,36,49,53,56,68,51,65,48,70,45,52,65,55,65,45,48,57,49,67,45,68,51,67,65,45,56,70,53,48,66,50,48,70,49,53,67,65,1]"  
6:59  "[Net Receive]"  698  "186,5,36,49,53,56,68,51,65,48,70,45,52,65,55,65,45,48,57,49,67,45,68,51,67,65,45,56,70,53,48,66,50,48,70,49,53,67,65,0,144,227,131,157,141,43,174,2,0,0,7,149,163,5,15,230,138,128,230,156,175,231,155,145,231,157,163,229,177,128,150,163,5,7,53,56,48,48,48,48,53,151,163,5,3,49,48,48,152,163,5,7,49,49,48,51,48,48,53,153,163,5,2,53,48,154,163,5,7,53,53,48,48,48,48,49,155,163,5,2,53,48,0"  
6:59  "[Net Receive]"  0  "0,217,4,0,0"  
6:59  "[Net Send]"  601  "[217,4,1,36,49,53,56,68,51,65,48,70,45,52,65,52,65,45,48,57,48,52,45,68,51,67,65,45,50,56,54,50,49,57,55,52,49,67,66,67,1]"  
6:59  "[Net Receive]"  698  "186,5,36,49,53,56,68,51,65,48,70,45,52,65,53,65,45,48,57,49,48,45,68,51,67,65,45,50,54,48,50,68,54,69,48,56,48,57,69,0,144,227,131,157,141,43,174,2,0,0,7,149,163,5,15,230,138,128,230,156,175,231,155,145,231,157,163,229,177,128,150,163,5,7,53,56,48,48,48,48,53,151,163,5,2,55,53,152,163,5,7,49,49,48,51,48,48,53,153,163,5,2,53,48,154,163,5,7,53,53,48,48,48,48,49,155,163,5,2,53,48,0"  
6:59  "[Net Receive]"  0  "0,217,4,0,0"  
6:59  "[Net Receive]"  698  "186,5,36,49,53,56,68,51,65,48,70,45,52,65,52,65,45,48,57,48,52,45,68,51,67,65,45,50,56,54,50,49,57,55,52,49,67,66,67,0,144,227,131,157,141,43,174,2,0,0,7,149,163,5,15,230,138,128,230,156,175,231,155,145,231,157,163,229,177,128,150,163,5,7,53,56,48,48,48,48,53,151,163,5,2,53,48,152,163,5,7,49,49,48,51,48,48,53,153,163,5,2,53,48,154,163,5,7,53,53,48,48,48,48,49,155,163,5,2,53,48,0"  
6:59  "!!!mainData.playerData.guideid>>>"  "16"  "1"  
6:59  "[Net Send]"  712  "[200,5]"  
6:59  "[Net Receive]"  0  "0,217,4,0,0"  
6:59  "[Net Receive]"  298  "170,2,36,49,53,56,51,51,52,57,54,45,55,48,67,48,45,48,68,68,68,45,69,53,70,50,45,57,48,52,49,53,67,66,54,55,48,51,54,9,231,136,177,232,191,170,231,148,159,8,102,5,51,50,53,52,48,106,0,108,0,120,1,49,181,1,1,49,197,1,2,49,53,200,1,13,49,52,56,50,55,51,55,55,54,55,56,49,57,201,1,13,49,52,56,50,55,51,56,51,54,49,51,57,57,0,2,1,0"  
6:59  "[Net Receive]"  799  "159,6,36,49,53,56,51,51,52,57,54,45,55,48,67,48,45,48,68,68,68,45,69,53,70,50,45,57,48,52,49,53,67,66,54,55,48,51,54,1,0,232,154,228,239,140,43,0"  
7:0  "[Net Send]"  1500  "[220,11]"  
7:0  "[Net Receive]"  0  "0,199,5,0,0"  
7:1  "[Net Send]"  1200  "[176,9]"  
7:1  "[Net Receive]"  0  "0,201,5,0,0"  
7:1  "[Net Send]"  601  "[217,4,1,36,49,53,56,67,68,68,69,53,45,48,49,70,70,45,48,54,65,57,45,67,52,57,68,45,51,54,70,50,67,54,56,65,53,65,53,52,1]"  
7:1  "[Net Receive]"  1599  "191,12,193,194,207,1,3,2,1,181,202,207,1"  
7:1  "[Net Receive]"  1599  "191,12,196,194,207,1,1,1,1,184,202,207,1"  
7:1  "[Net Receive]"  1599  "191,12,197,194,207,1,1,1,1,185,202,207,1"  
7:1  "[Net Receive]"  1599  "191,12,165,195,207,1,1,1,1,169,202,207,1"  
7:1  "[Net Receive]"  1599  "191,12,167,195,207,1,1,1,1,171,202,207,1"  
7:1  "[Net Receive]"  0  "0,220,11,0,0"  
7:1  "[Net Send]"  0  "[0,0,0,0]"  
7:1  "[Net Receive]"  1299  "147,10,214,219,183,1,1,128,217,205,204,147,43,217,199,211,174,236,212,255,255,255,0,0,0"  
7:1  "[Net Receive]"  1299  "147,10,233,169,184,1,2,192,151,215,201,147,43,218,224,142,22,1,203,153,67,144,78,0,0"  
7:1  "[Net Receive]"  1299  "147,10,209,204,188,1,3,248,180,213,204,146,43,217,199,211,174,236,212,255,255,255,0,0,0"  
7:1  "[Net Receive]"  1299  "147,10,212,204,188,1,3,248,180,213,204,146,43,217,199,211,174,236,212,255,255,255,0,0,0"  
7:1  "[Net Receive]"  1299  "147,10,189,243,219,2,4,192,151,215,201,147,43,218,224,142,22,1,178,193,220,2,192,12,0,0"  
