44:43  "[Net Receive]"  0  "0,157,3,0,0"  
3,57,51,57,70,70,67,45,69,65,53,51,45,48,55,57,68,45,70,67,56,69,45,66,66,66,67,68,54,57,68,66,55,50,69,166,183,73,36,49,53,54,51,53,50,53,53,45,55,68,67,68,45,48,48,50,68,45,70,53,57,52,45,54,51,54,68,69,68,70,51,57,68,57,49,36,49,53,54,51,53,50,54,69,45,53,57,53,68,45,48,50,49,49,45,70,53,57,52,45,56,54,65,65,68,52,57,70,50,65,54,57,0,214,3,190,8,5,171,203,152,1,232,7,237,203,152,1,232,7,153,204,152,1,60,175,204,152,1,216,173,3,194,204,152,1,30,0,0,0,1,227,229,164,1,144,78,0"  
0,0,3,227,229,164,1,144,78,0,234,229,164,1,144,78,0,235,229,164,1,208,15,0"  
Net Receive]"  1299  "147,10,193,128,226,2,5,160,233,222,200,147,43,219,248,151,26,0,0,0"  
44:42  "[Net Receive]"  1299  "147,10,195,128,226,2,5,160,233,222,200,147,43,219,248,151,26,1,179,193,220,2,4,0,0"  
197,1,2,49,53,200,1,13,49,52,56,50,55,51,55,55,54,55,56,49,57,201,1,0,0,2,1,1"  
44:41  "[Net Receive]"  799  "159,6,36,49,53,56,51,51,52,57,54,45,55,48,67,48,45,48,68,68,68,45,69,53,70,50,45,57,48,52,49,53,67,66,54,55,48,51,54,1,0,200,153,197,246,140,43,1"  
"[Net Receive]"  496  "240,3,36,49,53,54,51,53,50,54,69,45,53,57,53,68,45,48,50,49,49,45,70,53,57,52,45,56,54,65,65,68,52,57,70,50,65,54,57,207,167,73,0,1"  
32:38  "[Net Receive]"  496  "240,3,36,49,53,54,51,53,50,54,69,45,53,57,53,68,45,48,50,49,49,45,70,53,57,52,45,56,54,65,65,68,52,57,70,50,65,54,57,209,167,73,0,1"  
32:38  "[Net Receive]"  496  "240,3,36,49,53,54,51,53,50,54,69,45,53,57,53,68,45,48,50,49,49,45,70,53,57,52,45,56,54,65,65,68,52,57,70,50,65,54,57,211,167,73,0,1"  
32:38  "[Net Receive]"  496  "240,3,36,49,53,54,51,53,50,54,69,45,53,57,53,68,45,48,50,49,49,45,70,53,57,52,45,56,54,65,65,68,52,57,70,50,65,54,57,213,167,73,0,1"  
32:38  "[Net Receive]"  496  "240,3,36,49,53,54,51,53,50,54,69,45,53,57,53,68,45,48,50,49,49,45,70,53,57,52,45,56,54,65,65,68,52,57,70,50,65,54,57,177,168,73,163,1,0"  
32:38  "[Net Receive]"  496  "240,3,36,49,53,54,51,53,50,54,69,45,53,57,53,68,45,48,50,49,49,45,70,53,57,52,45,56,54,65,65,68,52,57,70,50,65,54,57,179,168,73,0,1"  
32:38  "[Net Receive]"  496  "240,3,36,49,53,54,51,53,50,54,69,45,53,57,53,68,45,48,50,49,49,45,70,53,57,52,45,56,54,65,65,68,52,57,70,50,65,54,57,181,168,73,0,1"  
32:38  "[Net Receive]"  496  "240,3,36,49,53,54,51,53,50,54,69,45,53,57,53,68,45,48,50,49,49,45,70,53,57,52,45,56,54,65,65,68,52,57,70,50,65,54,57,183,168,73,0,1"  
32:38  "[Net Receive]"  496  "240,3,36,49,53,54,51,53,50,54,69,45,53,57,53,68,45,48,50,49,49,45,70,53,57,52,45,56,54,65,65,68,52,57,70,50,65,54,57,185,168,73,0,1"  
32:38  "[Net Receive]"  496  "240,3,36,49,53,54,51,53,50,54,69,45,53,57,53,68,45,48,50,49,49,45,70,53,57,52,45,56,54,65,65,68,52,57,70,50,65,54,57,181,175,73,211,1,0"  
32:38  "[Net Receive]"  496  "240,3,36,49,53,54,51,53,50,54,69,45,53,57,53,68,45,48,50,49,49,45,70,53,57,52,45,56,54,65,65,68,52,57,70,50,65,54,57,183,175,73,0,1"  
32:38  "[Net Receive]"  496  "240,3,36,49,53,54,51,53,50,54,69,45,53,57,53,68,45,48,50,49,49,45,70,53,57,52,45,56,54,65,65,68,52,57,70,50,65,54,57,185,175,73,0,1"  
32:38  "[Net Receive]"  496  "240,3,36,49,53,54,51,53,50,54,69,45,53,57,53,68,45,48,50,49,49,45,70,53,57,52,45,56,54,65,65,68,52,57,70,50,65,54,57,187,175,73,155,3,1"  
32:38  "[Net Receive]"  496  "240,3,36,49,53,54,51,53,50,54,69,45,53,57,53,68,45,48,50,49,49,45,70,53,57,52,45,56,54,65,65,68,52,57,70,50,65,54,57,155,176,73,0,1"  
32:38  "[Net Receive]"  496  "240,3,36,49,53,54,51,53,50,54,69,45,53,57,53,68,45,48,50,49,49,45,70,53,57,52,45,56,54,65,65,68,52,57,70,50,65,54,57,157,176,73,0,1"  
32:38  "[Net Receive]"  496  "240,3,36,49,53,54,51,53,50,54,69,45,53,57,53,68,45,48,50,49,49,45,70,53,57,52,45,56,54,65,65,68,52,57,70,50,65,54,57,157,183,73,219,1,0"  
32:38  "[Net Receive]"  496  "240,3,36,49,53,54,51,53,50,54,69,45,53,57,53,68,45,48,50,49,49,45,70,53,57,52,45,56,54,65,65,68,52,57,70,50,65,54,57,159,183,73,0,1"  
32:38  "[Net Receive]"  496  "240,3,36,49,53,54,51,53,50,54,69,45,53,57,53,68,45,48,50,49,49,45,70,53,57,52,45,56,54,65,65,68,52,57,70,50,65,54,57,161,183,73,0,1"  
32:38  "[Net Receive]"  496  "240,3,36,49,53,54,51,53,50,54,69,45,53,57,53,68,45,48,50,49,49,45,70,53,57,52,45,56,54,65,65,68,52,57,70,50,65,54,57,163,183,73,148,5,1"  
32:38  "[Net Receive]"  496  "240,3,36,49,53,54,51,53,50,54,69,45,53,57,53,68,45,48,50,49,49,45,70,53,57,52,45,56,54,65,65,68,52,57,70,50,65,54,57,166,183,73,235,6,1"  
32:38  "[Net Receive]"  496  "240,3,36,49,53,54,51,53,50,54,69,45,53,57,53,68,45,48,50,49,49,45,70,53,57,52,45,56,54,65,65,68,52,57,70,50,65,54,57,130,184,73,0,1"  
32:38  "[Net Receive]"  496  "240,3,36,49,53,54,51,53,50,54,69,45,53,57,53,68,45,48,50,49,49,45,70,53,57,52,45,56,54,65,65,68,52,57,70,50,65,54,57,132,184,73,0,1"  
32:38  "[Net Receive]"  496  "240,3,36,49,53,54,51,53,50,54,69,45,53,57,53,68,45,48,50,49,49,45,70,53,57,52,45,56,54,65,65,68,52,57,70,50,65,54,57,134,184,73,0,1"  
32:38  "[Net Receive]"  496  "240,3,36,49,53,54,51,53,50,54,69,45,53,57,53,68,45,48,50,49,49,45,70,53,57,52,45,56,54,65,65,68,52,57,70,50,65,54,57,136,184,73,0,1"  
32:38  "[Net Receive]"  496  "240,3,36,49,53,54,51,53,50,54,69,45,53,57,53,68,45,48,50,49,49,45,70,53,57,52,45,56,54,65,65,68,52,57,70,50,65,54,57,138,184,73,0,1"  
32:38  "[Net Receive]"  496  "240,3,36,49,53,54,51,53,50,54,69,45,53,57,53,68,45,48,50,49,49,45,70,53,57,52,45,56,54,65,65,68,52,57,70,50,65,54,57,135,191,73,0,1"  
32:38  "[Net Receive]"  496  "240,3,36,49,53,54,51,53,50,54,69,45,53,57,53,68,45,48,50,49,49,45,70,53,57,52,45,56,54,65,65,68,52,57,70,50,65,54,57,137,191,73,0,1"  
32:38  "[Net Receive]"  495  "239,3,36,49,53,54,51,53,50,54,69,45,53,57,53,68,45,48,50,49,49,45,70,53,57,52,45,56,54,65,65,68,52,57,70,50,65,54,57,2,0,0,0,0"  
32:38  "[Net Receive]"  495  "239,3,36,49,53,54,51,53,50,54,69,45,53,57,53,68,45,48,50,49,49,45,70,53,57,52,45,56,54,65,65,68,52,57,70,50,65,54,57,4,0,0,0,0"  
32:38  "[Net Receive]"  494  "238,3,36,49,53,54,51,53,50,54,69,45,53,57,53,68,45,48,50,49,49,45,70,53,57,52,45,56,54,65,65,68,52,57,70,50,65,54,57,206,167,73,19"  
32:38  "[Net Receive]"  494  "238,3,36,49,53,54,51,53,50,54,69,45,53,57,53,68,45,48,50,49,49,45,70,53,57,52,45,56,54,65,65,68,52,57,70,50,65,54,57,177,168,73,24"  
32:38  "[Net Receive]"  494  "238,3,36,49,53,54,51,53,50,54,69,45,53,57,53,68,45,48,50,49,49,45,70,53,57,52,45,56,54,65,65,68,52,57,70,50,65,54,57,184,175,73,0"  
32:38  "[Net Receive]"  494  "238,3,36,49,53,54,51,53,50,54,69,45,53,57,53,68,45,48,50,49,49,45,70,53,57,52,45,56,54,65,65,68,52,57,70,50,65,54,57,157,183,73,0"  
32:38  "[Net Receive]"  494  "238,3,36,49,53,54,51,53,50,54,69,45,53,57,53,68,45,48,50,49,49,45,70,53,57,52,45,56,54,65,65,68,52,57,70,50,65,54,57,164,183,73,106"  
32:38  "[Net Receive]"  494  "238,3,36,49,53,54,51,53,50,54,69,45,53,57,53,68,45,48,50,49,49,45,70,53,57,52,45,56,54,65,65,68,52,57,70,50,65,54,57,129,184,73,0"  
32:38  "[Net Receive]"  492  "236,3,36,49,53,54,51,53,50,54,69,45,53,57,53,68,45,48,50,49,49,45,70,53,57,52,45,56,54,65,65,68,52,57,70,50,65,54,57,2,1"  
32:38  "[Net Receive]"  492  "236,3,36,49,53,54,51,53,50,54,69,45,53,57,53,68,45,48,50,49,49,45,70,53,57,52,45,56,54,65,65,68,52,57,70,50,65,54,57,4,1"  
32:38  "[Net Receive]"  491  "235,3,36,49,53,54,51,53,50,54,69,45,53,57,53,68,45,48,50,49,49,45,70,53,57,52,45,56,54,65,65,68,52,57,70,50,65,54,57,202,153,67,0"  
32:38  "[Net Receive]"  491  "235,3,36,49,53,54,51,53,50,54,69,45,53,57,53,68,45,48,50,49,49,45,70,53,57,52,45,56,54,65,65,68,52,57,70,50,65,54,57,178,161,67,0"  
32:38  "[Net Receive]"  397  "141,3,36,49,53,57,50,65,66,67,68,45,50,65,66,54,45,48,57,57,57,45,67,67,65,70,45,69,51,48,52,49,55,55,56,50,70,54,49,166,183,73,36,49,53,54,51,53,50,53,53,45,55,68,67,68,45,48,48,50,68,45,70,53,57,52,45,54,51,54,68,69,68,70,51,57,68,57,49,36,49,53,54,51,53,50,54,69,45,53,57,53,68,45,48,50,49,49,45,70,53,57,52,45,56,54,65,65,68,52,57,70,50,65,54,57,0,216,3,190,8,7,171,203,152,1,232,7,237,203,152,1,232,7,134,204,152,1,0,153,204,152,1,60,168,204,152,1,0,175,204,152,1,216,173,3,194,204,152,1,30,0,0,0,3,227,229,164,1,144,78,0,234,229,164,1,144,78,0,235,229,164,1,208,15,0"  
32:38  "[Net Receive]"  397  "141,3,36,49,53,57,50,65,66,67,68,45,67,52,56,54,45,48,65,50,49,45,67,67,65,70,45,68,55,67,69,48,55,68,67,53,67,51,54,166,183,73,36,49,53,54,51,53,50,53,53,45,55,68,67,68,45,48,48,50,68,45,70,53,57,52,45,54,51,54,68,69,68,70,51,57,68,57,49,36,49,53,54,51,53,50,54,69,45,53,57,53,68,45,48,50,49,49,45,70,53,57,52,45,56,54,65,65,68,52,57,70,50,65,54,57,0,214,3,192,8,5,171,203,152,1,232,7,237,203,152,1,232,7,153,204,152,1,60,175,204,152,1,216,173,3,194,204,152,1,30,0,0,0,1,227,229,164,1,144,78,0"  
32:38  "[Net Receive]"  397  "141,3,36,49,53,57,51,57,70,70,68,45,65,48,57,51,45,48,55,65,49,45,70,67,56,69,45,54,51,52,65,68,65,65,70,49,66,52,50,166,183,73,36,49,53,54,51,53,50,53,53,45,55,68,67,68,45,48,48,50,68,45,70,53,57,52,45,54,51,54,68,69,68,70,51,57,68,57,49,36,49,53,54,51,53,50,54,69,45,53,57,53,68,45,48,50,49,49,45,70,53,57,52,45,56,54,65,65,68,52,57,70,50,65,54,57,0,214,3,188,8,5,171,203,152,1,232,7,237,203,152,1,232,7,153,204,152,1,60,175,204,152,1,216,173,3,194,204,152,1,30,0,0,0,1,227,229,164,1,144,78,0"  
32:38  "[Net Receive]"  398  "142,3,200,3,198,8,36,49,53,54,51,53,50,54,69,45,53,57,53,68,45,48,50,49,49,45,70,53,57,52,45,56,54,65,65,68,52,57,70,50,65,54,57,36,49,53,54,51,53,50,53,53,45,55,68,67,68,45,48,48,50,68,45,70,53,57,52,45,54,51,54,68,69,68,70,51,57,68,57,49,3,49,48,51,1,181,150,128,1,203,153,67,18,2,171,203,152,1,160,31,237,203,152,1,160,31,148,5,192,27,206,3,202,8,0,0,0,0,0,0"  
32:38  "[Net Receive]"  1662  "254,12,0"  
43:37  "[Net Send]"  601  "[217,4,1,36,49,53,57,50,48,50,55,52,45,65,49,55,54,45,48,51,70,56,45,68,55,67,68,45,66,51,66,53,69,70,65,49,52,70,70,68,1]"  
43:37  "[Net Receive]"  698  "186,5,36,49,53,57,50,48,50,55,52,45,65,49,55,54,45,48,51,70,56,45,68,55,67,68,45,66,51,66,53,69,70,65,49,52,70,70,68,0,144,141,157,129,146,43,174,2,0,0,7,149,163,5,5,51,51,51,51,51,150,163,5,7,53,56,48,48,48,48,49,151,163,5,2,50,53,152,163,5,7,49,49,48,51,48,48,53,153,163,5,2,53,48,154,163,5,7,53,53,48,48,48,48,49,155,163,5,2,53,48,0"  
43:37  "[Net Send]"  601  "[217,4,1,36,49,53,56,66,56,67,68,55,45,48,51,68,49,45,48,49,67,57,45,69,55,69,66,45,49,68,57,70,53,69,53,50,70,57,49,65,1]"  
43:37  "[Net Receive]"  698  "186,5,36,49,53,56,66,56,67,68,55,45,48,51,68,49,45,48,49,67,57,45,69,55,69,66,45,49,68,57,70,53,69,53,50,70,57,49,65,0,136,223,181,198,139,43,174,2,0,0,7,149,163,5,5,116,101,115,116,51,150,163,5,7,53,56,48,48,48,48,49,151,163,5,2,53,48,152,163,5,7,49,49,48,51,48,48,53,153,163,5,2,53,48,154,163,5,7,53,53,48,48,48,48,49,155,163,5,2,53,48,0"  
43:37  "[Net Receive]"  698  "186,5,36,49,53,56,66,56,67,68,50,45,65,68,70,48,45,48,70,67,53,45,69,55,69,66,45,52,56,69,50,57,51,52,57,67,49,70,57,0,184,210,180,198,139,43,174,2,0,0,7,149,163,5,5,116,101,115,116,51,150,163,5,7,53,56,48,48,48,48,49,151,163,5,2,50,53,152,163,5,7,49,49,48,51,48,48,53,153,163,5,2,53,48,154,163,5,7,53,53,48,48,48,48,49,155,163,5,2,53,48,0"  
43:37  "[Net Send]"  700  "[188,5]"  
43:37  "[Net Receive]"  298  "170,2,36,49,53,56,51,51,52,57,54,45,55,48,67,48,45,48,68,68,68,45,69,53,70,50,45,57,48,52,49,53,67,66,54,55,48,51,54,9,231,136,177,232,191,170,231,148,159,8,102,5,51,50,53,52,48,106,0,108,0,120,1,49,181,1,1,49,197,1,2,49,53,200,1,13,49,52,56,50,55,51,55,55,54,55,56,49,57,201,1,0,0,2,1,1"  
,45,48,68,68,68,45,69,53,70,50,45,57,48,52,49,53,67,66,54,55,48,51,54"  
108,105,115,116,34,58,91,123,125,44,123,125,44,123,125,44,123,125,93,125,200,1,13,49,52,56,49,55,56,57,53,52,53,57,56,56,201,1,13,49,52,56,49,55,56,57,54,49,54,52,57,56,0,12,1,0"  
43:37  "[Net Receive]"  0  "0,188,5,0,0"  
43:37  "[Net Receive]"  795  "155,6,0"  
43:37  "[Net Receive]"  0  "0,199,5,0,0"  
43:37  "[Net Send]"  713  "[201,5]"  
43:38  "[Net Send]"  1500  "[220,11]"  
43:38  "[Net Receive]"  794  "154,6,1,36,49,53,50,51,70,67,66,52,45,54,65,56,48,45,48,48,49,49,45,67,50,57,65,45,50,66,55,69,54,53,50,56,55,57,49,56,224,140,197,176,145,43,0"  
43:38  "[Net Receive]"  0  "0,201,5,0,0"  
43:38  "[Net Send]"  1200  "[176,9]"  
43:38  "[Net Receive]"  0  "0,220,11,0,0"  
43:38  "[Net Receive]"  1299  "147,10,211,219,183,1,1,184,209,231,183,143,43,161,151,169,175,236,212,255,255,255,1,153,147,116,1,1,0"  
43:38  "[Net Receive]"  1299  "147,10,214,219,183,1,1,184,255,132,197,143,43,161,151,169,175,236,212,255,255,255,1,129,155,116,1,1,0"  
43:38  "[Net Receive]"  1299  "147,10,217,219,183,1,1,240,150,133,197,143,43,161,151,169,175,236,212,255,255,255,1,177,139,116,1,1,0"  
43:38  "[Net Receive]"  1299  "147,10,232,219,183,1,1,216,158,133,197,143,43,161,151,169,175,236,212,255,255,255,1,201,131,116,1,1,0"  
43:38  "[Net Receive]"  1299  "147,10,235,219,183,1,1,168,174,133,197,143,43,161,151,169,175,236,212,255,255,255,1,185,178,116,1,1,0"  
43:38  "[Net Receive]"  1299  "147,10,238,219,183,1,1,200,205,133,197,143,43,161,151,169,175,236,212,255,255,255,1,178,139,116,1,1,0"  
43:38  "[Net Receive]"  1299  "147,10,241,219,183,1,1,232,236,133,197,143,43,161,151,169,175,236,212,255,255,255,1,180,139,116,1,1,0"  
43:38  "[Net Receive]"  1299  "147,10,244,219,183,1,1,208,244,133,197,143,43,161,151,169,175,236,212,255,255,255,1,209,170,116,1,1,0"  
43:38  "[Net Receive]"  1299  "147,10,247,219,183,1,1,184,252,133,197,143,43,161,151,169,175,236,212,255,255,255,1,137,194,116,1,1,0"  
43:38  "[Net Receive]"  1299  "147,10,250,219,183,1,1,144,179,134,197,143,43,161,151,169,175,236,212,255,255,255,1,179,139,116,1,1,0"  
43:38  "[Net Receive]"  1299  "147,10,253,219,183,1,1,248,186,134,197,143,43,161,151,169,175,236,212,255,255,255,1,169,225,116,1,1,0"  
43:38  "[Net Receive]"  1299  "147,10,225,169,184,1,2,200,206,165,202,147,43,162,176,228,22,1,201,153,67,160,141,6,0,0"  
43:38  "[Net Receive]"  1299  "147,10,237,169,184,1,2,240,156,192,251,146,43,0,1,179,161,67,196,19,0,0"  
43:38  "[Net Receive]"  1299  "147,10,210,204,188,1,1,208,128,157,185,144,43,161,151,169,175,236,212,255,255,255,1,183,193,220,2,1,1,0"  
43:38  "[Net Receive]"  1299  "147,10,213,204,188,1,1,208,128,157,185,144,43,161,151,169,175,236,212,255,255,255,0,0,0"  
43:38  "[Net Receive]"  1299  "147,10,238,243,219,2,4,200,206,165,202,147,43,162,176,228,22,1,179,193,220,2,4,0,0"  
43:38  "[Net Receive]"  1299  "147,10,194,128,226,2,5,160,233,222,200,147,43,162,234,155,26,1,178,193,220,2,244,3,1,0"  
43:38  "[Net Receive]"  1298  "146,10,7,0"  
43:39  "[Net Send]"  0  "[0,0,0,0]"  
43:39  "[Net Receive]"  0  "0,0,2,0"  
43:39  "[Net Send]"  400  "[144,3,36,49,53,54,51,53,50,54,69,45,53,57,53,68,45,48,50,49,49,45,70,53,57,52,45,56,54,65,65,68,52,57,70,50,65,54,57]"  
43:39  "[Net Send]"  413  "[157,3,36,49,53,54,51,53,50,54,69,45,53,57,53,68,45,48,50,49,49,45,70,53,57,52,45,56,54,65,65,68,52,57,70,50,65,54,57]"  
43:39  "[Net Receive]"  493  "237,3,36,49,53,54,51,53,50,54,69,45,53,57,53,68,45,48,50,49,49,45,70,53,57,52,45,56,54,65,65,68,52,57,70,50,65,54,57,6,205,167,73,0,181,175,73,0,184,175,73,0,157,183,73,0,163,183,73,0,129,184,73,0,0,0"  
43:39  "[Net Receive]"  499  "243,3,36,49,53,54,51,53,50,54,69,45,53,57,53,68,45,48,50,49,49,45,70,53,57,52,45,56,54,65,65,68,52,57,70,50,65,54,57,1,249,240,116,1,0,0,0,0,0"  
43:39  "[Net Receive]"  499  "243,3,36,49,53,54,51,53,50,54,69,45,53,57,53,68,45,48,50,49,49,45,70,53,57,52,45,56,54,65,65,68,52,57,70,50,65,54,57,3,178,139,116,30,0,0,0,0,0"  
43:39  "[Net Receive]"  499  "243,3,36,49,53,54,51,53,50,54,69,45,53,57,53,68,45,48,50,49,49,45,70,53,57,52,45,56,54,65,65,68,52,57,70,50,65,54,57,5,180,139,116,17,0,0,0,0,0"  
43:39  "[Net Receive]"  499  "243,3,36,49,53,54,51,53,50,54,69,45,53,57,53,68,45,48,50,49,49,45,70,53,57,52,45,56,54,65,65,68,52,57,70,50,65,54,57,7,241,201,116,1,0,0,0,0,0"  
43:39  "[Net Receive]"  499  "243,3,36,49,53,54,51,53,50,54,69,45,53,57,53,68,45,48,50,49,49,45,70,53,57,52,45,56,54,65,65,68,52,57,70,50,65,54,57,9,153,147,116,30,0,0,0,0,0"  
43:39  "[Net Receive]"  499  "243,3,36,49,53,54,51,53,50,54,69,45,53,57,53,68,45,48,50,49,49,45,70,53,57,52,45,56,54,65,65,68,52,57,70,50,65,54,57,11,129,155,116,13,0,0,0,0,0"  
43:39  "[Net Receive]"  499  "243,3,36,49,53,54,51,53,50,54,69,45,53,57,53,68,45,48,50,49,49,45,70,53,57,52,45,56,54,65,65,68,52,57,70,50,65,54,57,13,129,155,116,3,0,0,0,0,0"  
43:39  "[Net Receive]"  499  "243,3,36,49,53,54,51,53,50,54,69,45,53,57,53,68,45,48,50,49,49,45,70,53,57,52,45,56,54,65,65,68,52,57,70,50,65,54,57,15,185,178,116,30,0,0,0,0,0"  
43:39  "[Net Receive]"  499  "243,3,36,49,53,54,51,53,50,54,69,45,53,57,53,68,45,48,50,49,49,45,70,53,57,52,45,56,54,65,65,68,52,57,70,50,65,54,57,17,137,194,116,30,0,0,0,0,0"  
43:39  "[Net Receive]"  499  "243,3,36,49,53,54,51,53,50,54,69,45,53,57,53,68,45,48,50,49,49,45,70,53,57,52,45,56,54,65,65,68,52,57,70,50,65,54,57,19,169,225,116,12,0,0,0,0,0"  
43:39  "[Net Receive]"  499  "243,3,36,49,53,54,51,53,50,54,69,45,53,57,53,68,45,48,50,49,49,45,70,53,57,52,45,56,54,65,65,68,52,57,70,50,65,54,57,21,203,128,117,1,0,0,0,0,0"  
43:39  "[Net Receive]"  499  "243,3,36,49,53,54,51,53,50,54,69,45,53,57,53,68,45,48,50,49,49,45,70,53,57,52,45,56,54,65,65,68,52,57,70,50,65,54,57,23,204,128,117,2,0,0,0,0,0"  
43:39  "[Net Receive]"  499  "243,3,36,49,53,54,51,53,50,54,69,45,53,57,53,68,45,48,50,49,49,45,70,53,57,52,45,56,54,65,65,68,52,57,70,50,65,54,57,25,0,0,0,0,0,0,0"  
43:39  "[Net Receive]"  499  "243,3,36,49,53,54,51,53,50,54,69,45,53,57,53,68,45,48,50,49,49,45,70,53,57,52,45,56,54,65,65,68,52,57,70,50,65,54,57,27,0,0,0,0,0,0,0"  
43:39  "[Net Receive]"  499  "243,3,36,49,53,54,51,53,50,54,69,45,53,57,53,68,45,48,50,49,49,45,70,53,57,52,45,56,54,65,65,68,52,57,70,50,65,54,57,29,203,128,117,1,0,0,0,0,0"  
43:39  "[Net Receive]"  499  "243,3,36,49,53,54,51,53,50,54,69,45,53,57,53,68,45,48,50,49,49,45,70,53,57,52,45,56,54,65,65,68,52,57,70,50,65,54,57,31,0,0,0,0,0,0,0"  
43:39  "[Net Receive]"  499  "243,3,36,49,53,54,51,53,50,54,69,45,53,57,53,68,45,48,50,49,49,45,70,53,57,52,45,56,54,65,65,68,52,57,70,50,65,54,57,36,129,152,117,1,0,0,0,0,0"  
43:39  "[Net Receive]"  497  "241,3,36,49,53,54,51,53,50,54,69,45,53,57,53,68,45,48,50,49,49,45,70,53,57,52,45,56,54,65,65,68,52,57,70,50,65,54,57,217,195,79,2,0,0,0,0,0"  
43:39  "[Net Receive]"  497  "241,3,36,49,53,54,51,53,50,54,69,45,53,57,53,68,45,48,50,49,49,45,70,53,57,52,45,56,54,65,65,68,52,57,70,50,65,54,57,169,211,79,2,0,0,0,0,0"  
43:39  "[Net Receive]"  497  "241,3,36,49,53,54,51,53,50,54,69,45,53,57,53,68,45,48,50,49,49,45,70,53,57,52,45,56,54,65,65,68,52,57,70,50,65,54,57,249,226,79,1,0,0,0,0,0"  
43:39  "[Net Receive]"  498  "242,3,36,49,53,54,51,53,50,54,69,45,53,57,53,68,45,48,50,49,49,45,70,53,57,52,45,56,54,65,65,68,52,57,70,50,65,54,57,201,153,67,247,157,88"  
43:39  "[Net Receive]"  498  "242,3,36,49,53,54,51,53,50,54,69,45,53,57,53,68,45,48,50,49,49,45,70,53,57,52,45,56,54,65,65,68,52,57,70,50,65,54,57,203,153,67,230,235,57"  
43:39  "[Net Receive]"  498  "242,3,36,49,53,54,51,53,50,54,69,45,53,57,53,68,45,48,50,49,49,45,70,53,57,52,45,56,54,65,65,68,52,57,70,50,65,54,57,145,155,67,247,172,171,192,18"  
43:39  "[Net Receive]"  498  "242,3,36,49,53,54,51,53,50,54,69,45,53,57,53,68,45,48,50,49,49,45,70,53,57,52,45,56,54,65,65,68,52,57,70,50,65,54,57,147,155,67,207,178,155,187,9"  
43:39  "[Net Receive]"  498  "242,3,36,49,53,54,51,53,50,54,69,45,53,57,53,68,45,48,50,49,49,45,70,53,57,52,45,56,54,65,65,68,52,57,70,50,65,54,57,178,161,67,201,229,181,183,142,17"  
43:39  "[Net Receive]"  498  "242,3,36,49,53,54,51,53,50,54,69,45,53,57,53,68,45,48,50,49,49,45,70,53,57,52,45,56,54,65,65,68,52,57,70,50,65,54,57,180,161,67,174,174,155,129,250,46"  
43:39  "[Net Receive]"  498  "242,3,36,49,53,54,51,53,50,54,69,45,53,57,53,68,45,48,50,49,49,45,70,53,57,52,45,56,54,65,65,68,52,57,70,50,65,54,57,233,184,67,10"  
43:39  "[Net Receive]"  496  "240,3,36,49,53,54,51,53,50,54,69,45,53,57,53,68,45,48,50,49,49,45,70,53,57,52,45,56,54,65,65,68,52,57,70,50,65,54,57,206,167,73,0,1"  
43:39  "[Net Receive]"  496  "240,3,36,49,53,54,51,53,50,54,69,45,53,57,53,68,45,48,50,49,49,45,70,53,57,52,45,56,54,65,65,68,52,57,70,50,65,54,57,208,167,73,0,1"  
43:39  "[Net Receive]"  496  "240,3,36,49,53,54,51,53,50,54,69,45,53,57,53,68,45,48,50,49,49,45,70,53,57,52,45,56,54,65,65,68,52,57,70,50,65,54,57,210,167,73,0,1"  
43:39  "[Net Receive]"  496  "240,3,36,49,53,54,51,53,50,54,69,45,53,57,53,68,45,48,50,49,49,45,70,53,57,52,45,56,54,65,65,68,52,57,70,50,65,54,57,212,167,73,146,3,1"  
43:39  "[Net Receive]"  496  "240,3,36,49,53,54,51,53,50,54,69,45,53,57,53,68,45,48,50,49,49,45,70,53,57,52,45,56,54,65,65,68,52,57,70,50,65,54,57,214,167,73,92,1"  
43:39  "[Net Receive]"  496  "240,3,36,49,53,54,51,53,50,54,69,45,53,57,53,68,45,48,50,49,49,45,70,53,57,52,45,56,54,65,65,68,52,57,70,50,65,54,57,178,168,73,0,1"  
43:39  "[Net Receive]"  496  "240,3,36,49,53,54,51,53,50,54,69,45,53,57,53,68,45,48,50,49,49,45,70,53,57,52,45,56,54,65,65,68,52,57,70,50,65,54,57,180,168,73,0,1"  
43:39  "[Net Receive]"  496  "240,3,36,49,53,54,51,53,50,54,69,45,53,57,53,68,45,48,50,49,49,45,70,53,57,52,45,56,54,65,65,68,52,57,70,50,65,54,57,182,168,73,0,1"  
43:39  "[Net Receive]"  496  "240,3,36,49,53,54,51,53,50,54,69,45,53,57,53,68,45,48,50,49,49,45,70,53,57,52,45,56,54,65,65,68,52,57,70,50,65,54,57,185,168,73,0,1"  
43:39  "[Net Receive]"  496  "240,3,36,49,53,54,51,53,50,54,69,45,53,57,53,68,45,48,50,49,49,45,70,53,57,52,45,56,54,65,65,68,52,57,70,50,65,54,57,181,175,73,211,1,0"  
43:39  "[Net Receive]"  496  "240,3,36,49,53,54,51,53,50,54,69,45,53,57,53,68,45,48,50,49,49,45,70,53,57,52,45,56,54,65,65,68,52,57,70,50,65,54,57,183,175,73,0,1"  
43:39  "[Net Receive]"  496  "240,3,36,49,53,54,51,53,50,54,69,45,53,57,53,68,45,48,50,49,49,45,70,53,57,52,45,56,54,65,65,68,52,57,70,50,65,54,57,185,175,73,0,1"  
43:39  "[Net Receive]"  496  "240,3,36,49,53,54,51,53,50,54,69,45,53,57,53,68,45,48,50,49,49,45,70,53,57,52,45,56,54,65,65,68,52,57,70,50,65,54,57,187,175,73,155,3,1"  
43:39  "[Net Receive]"  496  "240,3,36,49,53,54,51,53,50,54,69,45,53,57,53,68,45,48,50,49,49,45,70,53,57,52,45,56,54,65,65,68,52,57,70,50,65,54,57,155,176,73,0,1"  
43:39  "[Net Receive]"  496  "240,3,36,49,53,54,51,53,50,54,69,45,53,57,53,68,45,48,50,49,49,45,70,53,57,52,45,56,54,65,65,68,52,57,70,50,65,54,57,157,176,73,0,1"  
43:39  "[Net Receive]"  496  "240,3,36,49,53,54,51,53,50,54,69,45,53,57,53,68,45,48,50,49,49,45,70,53,57,52,45,56,54,65,65,68,52,57,70,50,65,54,57,157,183,73,219,1,0"  
43:39  "[Net Receive]"  496  "240,3,36,49,53,54,51,53,50,54,69,45,53,57,53,68,45,48,50,49,49,45,70,53,57,52,45,56,54,65,65,68,52,57,70,50,65,54,57,159,183,73,0,1"  
43:39  "[Net Receive]"  496  "240,3,36,49,53,54,51,53,50,54,69,45,53,57,53,68,45,48,50,49,49,45,70,53,57,52,45,56,54,65,65,68,52,57,70,50,65,54,57,161,183,73,0,1"  
43:39  "[Net Receive]"  496  "240,3,36,49,53,54,51,53,50,54,69,45,53,57,53,68,45,48,50,49,49,45,70,53,57,52,45,56,54,65,65,68,52,57,70,50,65,54,57,163,183,73,148,5,1"  
43:39  "[Net Receive]"  496  "240,3,36,49,53,54,51,53,50,54,69,45,53,57,53,68,45,48,50,49,49,45,70,53,57,52,45,56,54,65,65,68,52,57,70,50,65,54,57,165,183,73,175,23,1"  
43:39  "[Net Receive]"  496  "240,3,36,49,53,54,51,53,50,54,69,45,53,57,53,68,45,48,50,49,49,45,70,53,57,52,45,56,54,65,65,68,52,57,70,50,65,54,57,129,184,73,18,0"  
43:39  "[Net Receive]"  496  "240,3,36,49,53,54,51,53,50,54,69,45,53,57,53,68,45,48,50,49,49,45,70,53,57,52,45,56,54,65,65,68,52,57,70,50,65,54,57,131,184,73,0,1"  
43:39  "[Net Receive]"  496  "240,3,36,49,53,54,51,53,50,54,69,45,53,57,53,68,45,48,50,49,49,45,70,53,57,52,45,56,54,65,65,68,52,57,70,50,65,54,57,133,184,73,0,1"  
43:39  "[Net Receive]"  496  "240,3,36,49,53,54,51,53,50,54,69,45,53,57,53,68,45,48,50,49,49,45,70,53,57,52,45,56,54,65,65,68,52,57,70,50,65,54,57,135,184,73,0,1"  
43:39  "[Net Receive]"  496  "240,3,36,49,53,54,51,53,50,54,69,45,53,57,53,68,45,48,50,49,49,45,70,53,57,52,45,56,54,65,65,68,52,57,70,50,65,54,57,137,184,73,201,1,1"  
43:39  "[Net Receive]"  496  "240,3,36,49,53,54,51,53,50,54,69,45,53,57,53,68,45,48,50,49,49,45,70,53,57,52,45,56,54,65,65,68,52,57,70,50,65,54,57,134,191,73,0,1"  
43:39  "[Net Receive]"  496  "240,3,36,49,53,54,51,53,50,54,69,45,53,57,53,68,45,48,50,49,49,45,70,53,57,52,45,56,54,65,65,68,52,57,70,50,65,54,57,136,191,73,0,1"  
43:39  "[Net Receive]"  496  "240,3,36,49,53,54,51,53,50,54,69,45,53,57,53,68,45,48,50,49,49,45,70,53,57,52,45,56,54,65,65,68,52,57,70,50,65,54,57,138,191,73,0,1"  
43:39  "[Net Receive]"  495  "239,3,36,49,53,54,51,53,50,54,69,45,53,57,53,68,45,48,50,49,49,45,70,53,57,52,45,56,54,65,65,68,52,57,70,50,65,54,57,3,0,0,0,0"  
43:39  "[Net Receive]"  494  "238,3,36,49,53,54,51,53,50,54,69,45,53,57,53,68,45,48,50,49,49,45,70,53,57,52,45,56,54,65,65,68,52,57,70,50,65,54,57,205,167,73,0"  
43:39  "[Net Receive]"  494  "238,3,36,49,53,54,51,53,50,54,69,45,53,57,53,68,45,48,50,49,49,45,70,53,57,52,45,56,54,65,65,68,52,57,70,50,65,54,57,214,167,73,59"  
43:39  "[Net Receive]"  494  "238,3,36,49,53,54,51,53,50,54,69,45,53,57,53,68,45,48,50,49,49,45,70,53,57,52,45,56,54,65,65,68,52,57,70,50,65,54,57,181,175,73,0"  
43:39  "[Net Receive]"  494  "238,3,36,49,53,54,51,53,50,54,69,45,53,57,53,68,45,48,50,49,49,45,70,53,57,52,45,56,54,65,65,68,52,57,70,50,65,54,57,185,175,73,11"  
43:39  "[Net Receive]"  494  "238,3,36,49,53,54,51,53,50,54,69,45,53,57,53,68,45,48,50,49,49,45,70,53,57,52,45,56,54,65,65,68,52,57,70,50,65,54,57,163,183,73,0"  
43:39  "[Net Receive]"  494  "238,3,36,49,53,54,51,53,50,54,69,45,53,57,53,68,45,48,50,49,49,45,70,53,57,52,45,56,54,65,65,68,52,57,70,50,65,54,57,166,183,73,48"  
43:39  "[Net Receive]"  493  "237,3,36,49,53,54,51,53,50,54,69,45,53,57,53,68,45,48,50,49,49,45,70,53,57,52,45,56,54,65,65,68,52,57,70,50,65,54,57,6,205,167,73,0,181,175,73,0,184,175,73,0,157,183,73,0,163,183,73,0,129,184,73,0,0,0"  
43:39  "[Net Receive]"  492  "236,3,36,49,53,54,51,53,50,54,69,45,53,57,53,68,45,48,50,49,49,45,70,53,57,52,45,56,54,65,65,68,52,57,70,50,65,54,57,3,1"  
43:39  "[Net Receive]"  491  "235,3,36,49,53,54,51,53,50,54,69,45,53,57,53,68,45,48,50,49,49,45,70,53,57,52,45,56,54,65,65,68,52,57,70,50,65,54,57,201,153,67,0"  
43:39  "[Net Receive]"  491  "235,3,36,49,53,54,51,53,50,54,69,45,53,57,53,68,45,48,50,49,49,45,70,53,57,52,45,56,54,65,65,68,52,57,70,50,65,54,57,203,153,67,0"  
43:39  "[Net Receive]"  397  "141,3,36,49,53,57,50,53,54,66,49,45,48,66,52,51,45,48,49,52,67,45,69,49,56,70,45,57,51,67,53,56,53,68,48,70,66,53,67,166,183,73,36,49,53,54,51,53,50,53,53,45,55,68,67,68,45,48,48,50,68,45,70,53,57,52,45,54,51,54,68,69,68,70,51,57,68,57,49,36,49,53,54,51,53,50,54,69,45,53,57,53,68,45,48,50,49,49,45,70,53,57,52,45,56,54,65,65,68,52,57,70,50,65,54,57,0,216,3,192,8,6,171,203,152,1,196,2,237,203,152,1,232,7,128,204,152,1,0,153,204,152,1,60,175,204,152,1,234,138,1,194,204,152,1,30,0,0,0,4,227,229,164,1,144,78,0,228,229,164,1,0,0,229,229,164,1,0,0,234,229,164,1,144,78,0"  
43:39  "[Net Receive]"  397  "141,3,36,49,53,57,50,65,66,67,68,45,57,52,68,54,45,48,65,48,53,45,67,67,65,70,45,51,66,66,51,48,50,65,49,70,49,66,54,166,183,73,36,49,53,54,51,53,50,53,53,45,55,68,67,68,45,48,48,50,68,45,70,53,57,52,45,54,51,54,68,69,68,70,51,57,68,57,49,36,49,53,54,51,53,50,54,69,45,53,57,53,68,45,48,50,49,49,45,70,53,57,52,45,56,54,65,65,68,52,57,70,50,65,54,57,0,216,3,188,8,6,171,203,152,1,232,7,237,203,152,1,232,7,153,204,152,1,60,168,204,152,1,0,175,204,152,1,216,173,3,194,204,152,1,30,0,0,0,1,227,229,164,1,144,78,0"  
43:39  "[Net Receive]"  397  "141,3,36,49,53,57,51,57,70,70,67,45,69,65,53,51,45,48,55,57,68,45,70,67,56,69,45,66,66,66,67,68,54,57,68,66,55,50,69,166,183,73,36,49,53,54,51,53,50,53,53,45,55,68,67,68,45,48,48,50,68,45,70,53,57,52,45,54,51,54,68,69,68,70,51,57,68,57,49,36,49,53,54,51,53,50,54,69,45,53,57,53,68,45,48,50,49,49,45,70,53,57,52,45,56,54,65,65,68,52,57,70,50,65,54,57,0,214,3,190,8,5,171,203,152,1,232,7,237,203,152,1,232,7,153,204,152,1,60,175,204,152,1,216,173,3,194,204,152,1,30,0,0,0,1,227,229,164,1,144,78,0"  
43:39  "[Net Receive]"  0  "0,144,3,0,0"  
43:39  "[Net Receive]"  398  "142,3,200,3,198,8,36,49,53,54,51,53,50,54,69,45,53,57,53,68,45,48,50,49,49,45,70,53,57,52,45,56,54,65,65,68,52,57,70,50,65,54,57,36,49,53,54,51,53,50,53,53,45,55,68,67,68,45,48,48,50,68,45,70,53,57,52,45,54,51,54,68,69,68,70,51,57,68,57,49,3,49,48,51,1,181,150,128,1,203,153,67,25,2,171,203,152,1,160,31,237,203,152,1,160,31,148,5,192,27,206,3,202,8,0,0,0,0,0,0"  
43:39  "[Net Receive]"  1662  "254,12,0"  
43:41  "[Net Send]"  0  "[0,0,0,0]"  
43:41  "[Net Receive]"  0  "0,0,2,0"  
44:40  "[Net Send]"  601  "[217,4,1,36,49,53,57,50,48,50,55,52,45,65,49,55,54,45,48,51,70,56,45,68,55,67,68,45,66,51,66,53,69,70,65,49,52,70,70,68,1]"  
44:40  "[Net Receive]"  698  "186,5,36,49,53,57,50,48,50,55,52,45,65,49,55,54,45,48,51,70,56,45,68,55,67,68,45,66,51,66,53,69,70,65,49,52,70,70,68,0,144,141,157,129,146,43,174,2,0,0,7,149,163,5,5,51,51,51,51,51,150,163,5,7,53,56,48,48,48,48,49,151,163,5,2,50,53,152,163,5,7,49,49,48,51,48,48,53,153,163,5,2,53,48,154,163,5,7,53,53,48,48,48,48,49,155,163,5,2,53,48,0"  
44:40  "[Net Receive]"  698  "186,5,36,49,53,56,66,56,67,68,55,45,48,51,68,49,45,48,49,67,57,45,69,55,69,66,45,49,68,57,70,53,69,53,50,70,57,49,65,0,136,223,181,198,139,43,174,2,0,0,7,149,163,5,5,116,101,115,116,51,150,163,5,7,53,56,48,48,48,48,49,151,163,5,2,53,48,152,163,5,7,49,49,48,51,48,48,53,153,163,5,2,53,48,154,163,5,7,53,53,48,48,48,48,49,155,163,5,2,53,48,0"  
44:41  "[Net Receive]"  698  "186,5,36,49,53,56,66,56,67,68,50,45,65,68,70,48,45,48,70,67,53,45,69,55,69,66,45,52,56,69,50,57,51,52,57,67,49,70,57,0,184,210,180,198,139,43,174,2,0,0,7,149,163,5,5,116,101,115,116,51,150,163,5,7,53,56,48,48,48,48,49,151,163,5,2,50,53,152,163,5,7,49,49,48,51,48,48,53,153,163,5,2,53,48,154,163,5,7,53,53,48,48,48,48,49,155,163,5,2,53,48,0"  
44:41  "!!!mainData.playerData.guideid>>>"  "152"  "1"  
44:41  "[Net Send]"  711  "[199,5]"  
44:41  "[Net Send]"  712  "[200,5]"  
44:41  "[Net Receive]"  799  "159,6,36,49,53,50,51,70,67,66,52,45,54,65,56,48,45,48,48,49,49,45,67,50,57,65,45,50,66,55,69,54,53,50,56,55,57,49,56,1,0,224,179,188,145,141,43,0"  
44:41  "[Net Receive]"  1664  "128,13,36,49,53,57,51,65,48,70,52,45,50,49,67,53,45,48,51,56,57,45,70,67,56,69,45,68,67,55,67,49,65,54,67,52,54,57,65,6,54,54,54,54,54,54,9,231,136,177,232,191,170,231,148,159,7,53,54,49,48,48,48,49,0,1,49,1,48,3,49,56,48,1,49,5,51,50,53,57,48,1,51,36,49,53,56,51,51,52,57,54,45,55,48,67,48,45,48,68,68,68,45,69,53,70,50,45,57,48,52,49,53,67,66,54,55,48,51,54"  
44:41  "[Net Receive]"  298  "170,2,36,49,53,56,53,50,66,57,53,45,51,50,67,50,45,48,68,53,48,45,69,55,65,55,45,52,67,70,66,68,69,65,69,55,69,57,52,0,1,181,1,1,49,0,1,0,0"  
44:41  "[Net Receive]"  799  "159,6,36,49,53,56,53,50,66,57,53,45,51,50,67,50,45,48,68,53,48,45,69,55,65,55,45,52,67,70,66,68,69,65,69,55,69,57,52,2,0,248,133,243,245,140,43,0"  
44:41  "[Net Receive]"  795  "155,6,0"  
44:41  "[Net Send]"  713  "[201,5]"  
44:42  "[Net Send]"  1500  "[220,11]"  
44:42  "[Net Receive]"  0  "0,201,5,0,0"  
44:42  "[Net Send]"  1200  "[176,9]"  
44:42  "[Net Receive]"  1299  "147,10,211,219,183,1,1,184,209,231,183,143,43,218,165,165,175,236,212,255,255,255,1,153,147,116,1,1,0"  
44:42  "[Net Receive]"  1299  "147,10,214,219,183,1,1,184,255,132,197,143,43,218,165,165,175,236,212,255,255,255,1,129,155,116,1,1,0"  
44:42  "[Net Receive]"  1299  "147,10,216,219,183,1,1,136,143,133,197,143,43,218,165,165,175,236,212,255,255,255,1,179,139,116,1,1,0"  
44:42  "[Net Receive]"  1299  "147,10,218,219,183,1,1,240,150,133,197,143,43,218,165,165,175,236,212,255,255,255,1,180,139,116,1,1,0"  
44:42  "[Net Receive]"  1299  "147,10,232,219,183,1,1,216,158,133,197,143,43,218,165,165,175,236,212,255,255,255,1,201,131,116,1,1,0"  
44:42  "[Net Receive]"  1299  "147,10,233,219,183,1,1,192,166,133,197,143,43,218,165,165,175,236,212,255,255,255,1,209,170,116,1,1,0"  
44:42  "[Net Receive]"  1299  "147,10,234,219,183,1,1,192,166,133,197,143,43,218,165,165,175,236,212,255,255,255,1,153,147,116,1,1,0"  
44:42  "[Net Receive]"  1299  "147,10,236,219,183,1,1,144,182,133,197,143,43,218,165,165,175,236,212,255,255,255,1,137,194,116,1,1,0"  
44:42  "[Net Receive]"  1299  "147,10,238,219,183,1,1,200,205,133,197,143,43,218,165,165,175,236,212,255,255,255,1,178,139,116,1,1,0"  
44:42  "[Net Receive]"  1299  "147,10,240,219,183,1,1,128,229,133,197,143,43,218,165,165,175,236,212,255,255,255,1,177,139,116,1,1,0"  
44:42  "[Net Receive]"  1299  "147,10,242,219,183,1,1,232,236,133,197,143,43,218,165,165,175,236,212,255,255,255,1,169,225,116,1,1,0"  
44:42  "[Net Receive]"  1299  "147,10,244,219,183,1,1,208,244,133,197,143,43,218,165,165,175,236,212,255,255,255,1,209,170,116,1,1,0"  
44:42  "[Net Receive]"  1299  "147,10,245,219,183,1,1,184,252,133,197,143,43,218,165,165,175,236,212,255,255,255,1,153,147,116,1,1,0"  
44:42  "[Net Receive]"  1299  "147,10,247,219,183,1,1,184,252,133,197,143,43,218,165,165,175,236,212,255,255,255,1,137,194,116,1,1,0"  
44:42  "[Net Receive]"  1299  "147,10,249,219,183,1,1,144,179,134,197,143,43,218,165,165,175,236,212,255,255,255,1,178,139,116,1,1,0"  
44:42  "[Net Receive]"  1299  "147,10,251,219,183,1,1,248,186,134,197,143,43,218,165,165,175,236,212,255,255,255,1,177,139,116,1,1,0"  
44:42  "[Net Receive]"  1299  "147,10,253,219,183,1,1,248,186,134,197,143,43,218,165,165,175,236,212,255,255,255,1,169,225,116,1,1,0"  
44:42  "[Net Receive]"  1299  "147,10,249,161,184,1,1,224,206,130,197,143,43,218,165,165,175,236,212,255,255,255,1,185,178,116,1,0,0"  
44:42  "[Net Receive]"  1299  "147,10,233,169,184,1,2,200,206,165,202,147,43,219,190,224,22,1,203,153,67,144,78,0,0"  
44:42  "[Net Receive]"  1299  "147,10,237,169,184,1,2,240,156,192,251,146,43,0,1,179,161,67,196,19,0,0"  
44:42  "[Net Receive]"  1299  "147,10,209,204,188,1,1,208,128,157,185,144,43,218,165,165,175,236,212,255,255,255,0,0,0"  
44:42  "[Net Receive]"  1299  "147,10,211,204,188,1,1,208,128,157,185,144,43,218,165,165,175,236,212,255,255,255,0,0,0"  
44:42  "[Net Receive]"  1299  "147,10,213,204,188,1,1,208,128,157,185,144,43,218,165,165,175,236,212,255,255,255,0,0,0"  
44:42  "[Net Receive]"  1299  "147,10,212,243,219,2,4,200,206,165,202,147,43,219,190,224,22,1,178,193,220,2,188,30,0,0"  
44:42  "[Net Receive]"  1299  "147,10,136,244,219,2,4,200,206,165,202,147,43,219,190,224,22,0,0,0"  
44:42  "[Net Receive]"  1299  "147,10,194,128,226,2,5,160,233,222,200,147,43,219,248,151,26,1,178,193,220,2,244,3,1,0"  
44:42  "[Net Receive]"  1299  "147,10,197,128,226,2,5,160,233,222,200,147,43,219,248,151,26,0,0,0"  
44:42  "[Net Receive]"  1298  "146,10,7,0"  
44:42  "[Net Receive]"  1298  "146,10,8,4,25,1,50,1,75,1,100,1"  
44:42  "[Net Receive]"  0  "0,176,9,0,0"  
44:42  "[Net Send]"  0  "[0,0,0,0]"  
44:42  "[Net Send]"  400  "[144,3,36,49,53,54,51,53,50,54,69,45,53,57,53,68,45,48,50,49,49,45,70,53,57,52,45,56,54,65,65,68,52,57,70,50,65,54,57]"  
44:42  "[Net Send]"  413  "[157,3,36,49,53,54,51,53,50,54,69,45,53,57,53,68,45,48,50,49,49,45,70,53,57,52,45,56,54,65,65,68,52,57,70,50,65,54,57]"  
44:43  "[Net Receive]"  397  "141,3,36,49,53,54,51,53,50,54,69,45,53,57,53,68,45,48,50,49,49,45,70,53,57,52,45,56,54,65,65,68,52,57,70,50,65,54,57,137,198,73,36,49,53,54,51,53,50,53,53,45,55,68,67,68,45,48,48,50,68,45,70,53,57,52,45,54,51,54,68,69,68,70,51,57,68,57,49,0,3,103,121,121,206,3,202,8,25,161,203,152,1,202,202,2,167,203,152,1,60,171,203,152,1,2,237,203,152,1,2,138,204,152,1,0,139,204,152,1,0,148,204,152,1,40,149,204,152,1,208,15,153,204,152,1,60,155,204,152,1,20,163,204,152,1,150,8,164,204,152,1,246,4,175,204,152,1,192,207,36,176,204,152,1,128,133,159,3,177,204,152,1,224,167,18,188,204,152,1,160,141,6,189,204,152,1,160,31,192,204,152,1,128,133,159,3,193,204,152,1,224,167,18,194,204,152,1,30,137,211,152,1,192,87,241,218,152,1,184,48,217,226,152,1,200,198,2,193,234,152,1,200,1,196,234,152,1,200,1,0,0,0,8,225,229,164,1,128,242,208,44,0,226,229,164,1,128,184,153,41,0,227,229,164,1,144,78,0,228,229,164,1,0,0,229,229,164,1,0,0,230,229,164,1,0,0,232,229,164,1,0,0,234,229,164,1,144,78,0"  
44:43  "[Net Receive]"  493  "237,3,36,49,53,54,51,53,50,54,69,45,53,57,53,68,45,48,50,49,49,45,70,53,57,52,45,56,54,65,65,68,52,57,70,50,65,54,57,6,205,167,73,0,181,175,73,0,184,175,73,0,157,183,73,0,163,183,73,0,129,184,73,0,0,0"  
44:43  "[Net Receive]"  499  "243,3,36,49,53,54,51,53,50,54,69,45,53,57,53,68,45,48,50,49,49,45,70,53,57,52,45,56,54,65,65,68,52,57,70,50,65,54,57,2,177,139,116,21,0,0,0,0,0"  
44:43  "[Net Receive]"  499  "243,3,36,49,53,54,51,53,50,54,69,45,53,57,53,68,45,48,50,49,49,45,70,53,57,52,45,56,54,65,65,68,52,57,70,50,65,54,57,4,179,139,116,30,0,0,0,0,0"  
44:43  "[Net Receive]"  499  "243,3,36,49,53,54,51,53,50,54,69,45,53,57,53,68,45,48,50,49,49,45,70,53,57,52,45,56,54,65,65,68,52,57,70,50,65,54,57,6,217,209,116,1,0,0,0,0,0"  
44:43  "[Net Receive]"  499  "243,3,36,49,53,54,51,53,50,54,69,45,53,57,53,68,45,48,50,49,49,45,70,53,57,52,45,56,54,65,65,68,52,57,70,50,65,54,57,8,193,217,116,1,0,0,0,0,0"  
44:43  "[Net Receive]"  499  "243,3,36,49,53,54,51,53,50,54,69,45,53,57,53,68,45,48,50,49,49,45,70,53,57,52,45,56,54,65,65,68,52,57,70,50,65,54,57,10,209,170,116,30,0,0,0,0,0"  
44:43  "[Net Receive]"  499  "243,3,36,49,53,54,51,53,50,54,69,45,53,57,53,68,45,48,50,49,49,45,70,53,57,52,45,56,54,65,65,68,52,57,70,50,65,54,57,12,129,155,116,10,0,0,0,0,0"  
44:43  "[Net Receive]"  499  "243,3,36,49,53,54,51,53,50,54,69,45,53,57,53,68,45,48,50,49,49,45,70,53,57,52,45,56,54,65,65,68,52,57,70,50,65,54,57,14,129,155,116,4,0,0,0,0,0"  
44:43  "[Net Receive]"  499  "243,3,36,49,53,54,51,53,50,54,69,45,53,57,53,68,45,48,50,49,49,45,70,53,57,52,45,56,54,65,65,68,52,57,70,50,65,54,57,16,201,131,116,30,0,0,0,0,0"  
44:43  "[Net Receive]"  499  "243,3,36,49,53,54,51,53,50,54,69,45,53,57,53,68,45,48,50,49,49,45,70,53,57,52,45,56,54,65,65,68,52,57,70,50,65,54,57,18,169,225,116,2,0,0,0,0,0"  
44:43  "[Net Receive]"  499  "243,3,36,49,53,54,51,53,50,54,69,45,53,57,53,68,45,48,50,49,49,45,70,53,57,52,45,56,54,65,65,68,52,57,70,50,65,54,57,20,202,128,117,1,0,0,0,0,0"  
44:43  "[Net Receive]"  499  "243,3,36,49,53,54,51,53,50,54,69,45,53,57,53,68,45,48,50,49,49,45,70,53,57,52,45,56,54,65,65,68,52,57,70,50,65,54,57,22,202,128,117,6,0,0,0,0,0"  
44:43  "[Net Receive]"  499  "243,3,36,49,53,54,51,53,50,54,69,45,53,57,53,68,45,48,50,49,49,45,70,53,57,52,45,56,54,65,65,68,52,57,70,50,65,54,57,24,203,128,117,1,0,0,0,0,0"  
44:43  "[Net Receive]"  499  "243,3,36,49,53,54,51,53,50,54,69,45,53,57,53,68,45,48,50,49,49,45,70,53,57,52,45,56,54,65,65,68,52,57,70,50,65,54,57,26,0,0,0,0,0,0,0"  
44:43  "[Net Receive]"  499  "243,3,36,49,53,54,51,53,50,54,69,45,53,57,53,68,45,48,50,49,49,45,70,53,57,52,45,56,54,65,65,68,52,57,70,50,65,54,57,28,201,128,117,1,0,0,0,0,0"  
44:43  "[Net Receive]"  499  "243,3,36,49,53,54,51,53,50,54,69,45,53,57,53,68,45,48,50,49,49,45,70,53,57,52,45,56,54,65,65,68,52,57,70,50,65,54,57,30,0,0,0,0,0,0,0"  
44:43  "[Net Receive]"  499  "243,3,36,49,53,54,51,53,50,54,69,45,53,57,53,68,45,48,50,49,49,45,70,53,57,52,45,56,54,65,65,68,52,57,70,50,65,54,57,35,153,144,117,1,0,0,0,0,0"  
44:43  "[Net Receive]"  499  "243,3,36,49,53,54,51,53,50,54,69,45,53,57,53,68,45,48,50,49,49,45,70,53,57,52,45,56,54,65,65,68,52,57,70,50,65,54,57,37,185,175,117,1,0,0,0,0,0"  
44:43  "[Net Receive]"  497  "241,3,36,49,53,54,51,53,50,54,69,45,53,57,53,68,45,48,50,49,49,45,70,53,57,52,45,56,54,65,65,68,52,57,70,50,65,54,57,193,203,79,2,0,0,0,0,0"  
44:43  "[Net Receive]"  497  "241,3,36,49,53,54,51,53,50,54,69,45,53,57,53,68,45,48,50,49,49,45,70,53,57,52,45,56,54,65,65,68,52,57,70,50,65,54,57,145,219,79,2,0,0,0,0,0"  
44:43  "[Net Receive]"  497  "241,3,36,49,53,54,51,53,50,54,69,45,53,57,53,68,45,48,50,49,49,45,70,53,57,52,45,56,54,65,65,68,52,57,70,50,65,54,57,252,226,79,1,0,0,0,0,0"  
44:43  "[Net Receive]"  498  "242,3,36,49,53,54,51,53,50,54,69,45,53,57,53,68,45,48,50,49,49,45,70,53,57,52,45,56,54,65,65,68,52,57,70,50,65,54,57,202,153,67,211,154,46"  
44:43  "[Net Receive]"  498  "242,3,36,49,53,54,51,53,50,54,69,45,53,57,53,68,45,48,50,49,49,45,70,53,57,52,45,56,54,65,65,68,52,57,70,50,65,54,57,203,153,67,230,235,57"  
44:43  "[Net Receive]"  498  "242,3,36,49,53,54,51,53,50,54,69,45,53,57,53,68,45,48,50,49,49,45,70,53,57,52,45,56,54,65,65,68,52,57,70,50,65,54,57,145,155,67,209,169,171,192,18"  
44:43  "[Net Receive]"  498  "242,3,36,49,53,54,51,53,50,54,69,45,53,57,53,68,45,48,50,49,49,45,70,53,57,52,45,56,54,65,65,68,52,57,70,50,65,54,57,147,155,67,207,178,155,187,9"  
44:43  "[Net Receive]"  498  "242,3,36,49,53,54,51,53,50,54,69,45,53,57,53,68,45,48,50,49,49,45,70,53,57,52,45,56,54,65,65,68,52,57,70,50,65,54,57,179,161,67,184,154,193,249,254,56"  
44:43  "[Net Receive]"  498  "242,3,36,49,53,54,51,53,50,54,69,45,53,57,53,68,45,48,50,49,49,45,70,53,57,52,45,56,54,65,65,68,52,57,70,50,65,54,57,233,184,67,10"  
44:43  "[Net Receive]"  496  "240,3,36,49,53,54,51,53,50,54,69,45,53,57,53,68,45,48,50,49,49,45,70,53,57,52,45,56,54,65,65,68,52,57,70,50,65,54,57,207,167,73,0,1"  
44:43  "[Net Receive]"  496  "240,3,36,49,53,54,51,53,50,54,69,45,53,57,53,68,45,48,50,49,49,45,70,53,57,52,45,56,54,65,65,68,52,57,70,50,65,54,57,210,167,73,0,1"  
44:43  "[Net Receive]"  496  "240,3,36,49,53,54,51,53,50,54,69,45,53,57,53,68,45,48,50,49,49,45,70,53,57,52,45,56,54,65,65,68,52,57,70,50,65,54,57,213,167,73,0,1"  
44:43  "[Net Receive]"  496  "240,3,36,49,53,54,51,53,50,54,69,45,53,57,53,68,45,48,50,49,49,45,70,53,57,52,45,56,54,65,65,68,52,57,70,50,65,54,57,178,168,73,0,1"  
44:43  "[Net Receive]"  496  "240,3,36,49,53,54,51,53,50,54,69,45,53,57,53,68,45,48,50,49,49,45,70,53,57,52,45,56,54,65,65,68,52,57,70,50,65,54,57,181,168,73,0,1"  
44:43  "[Net Receive]"  496  "240,3,36,49,53,54,51,53,50,54,69,45,53,57,53,68,45,48,50,49,49,45,70,53,57,52,45,56,54,65,65,68,52,57,70,50,65,54,57,184,168,73,0,1"  
44:43  "[Net Receive]"  496  "240,3,36,49,53,54,51,53,50,54,69,45,53,57,53,68,45,48,50,49,49,45,70,53,57,52,45,56,54,65,65,68,52,57,70,50,65,54,57,181,175,73,211,1,0"  
44:43  "[Net Receive]"  496  "240,3,36,49,53,54,51,53,50,54,69,45,53,57,53,68,45,48,50,49,49,45,70,53,57,52,45,56,54,65,65,68,52,57,70,50,65,54,57,184,175,73,222,2,1"  
44:43  "[Net Receive]"  496  "240,3,36,49,53,54,51,53,50,54,69,45,53,57,53,68,45,48,50,49,49,45,70,53,57,52,45,56,54,65,65,68,52,57,70,50,65,54,57,187,175,73,155,3,1"  
44:43  "[Net Receive]"  496  "240,3,36,49,53,54,51,53,50,54,69,45,53,57,53,68,45,48,50,49,49,45,70,53,57,52,45,56,54,65,65,68,52,57,70,50,65,54,57,156,176,73,0,1"  
44:43  "[Net Receive]"  496  "240,3,36,49,53,54,51,53,50,54,69,45,53,57,53,68,45,48,50,49,49,45,70,53,57,52,45,56,54,65,65,68,52,57,70,50,65,54,57,157,183,73,219,1,0"  
44:43  "[Net Receive]"  496  "240,3,36,49,53,54,51,53,50,54,69,45,53,57,53,68,45,48,50,49,49,45,70,53,57,52,45,56,54,65,65,68,52,57,70,50,65,54,57,160,183,73,0,1"  
44:43  "[Net Receive]"  496  "240,3,36,49,53,54,51,53,50,54,69,45,53,57,53,68,45,48,50,49,49,45,70,53,57,52,45,56,54,65,65,68,52,57,70,50,65,54,57,163,183,73,148,5,1"  
44:43  "[Net Receive]"  496  "240,3,36,49,53,54,51,53,50,54,69,45,53,57,53,68,45,48,50,49,49,45,70,53,57,52,45,56,54,65,65,68,52,57,70,50,65,54,57,166,183,73,235,6,1"  
44:43  "[Net Receive]"  496  "240,3,36,49,53,54,51,53,50,54,69,45,53,57,53,68,45,48,50,49,49,45,70,53,57,52,45,56,54,65,65,68,52,57,70,50,65,54,57,131,184,73,0,1"  
44:43  "[Net Receive]"  496  "240,3,36,49,53,54,51,53,50,54,69,45,53,57,53,68,45,48,50,49,49,45,70,53,57,52,45,56,54,65,65,68,52,57,70,50,65,54,57,134,184,73,0,1"  
44:43  "[Net Receive]"  496  "240,3,36,49,53,54,51,53,50,54,69,45,53,57,53,68,45,48,50,49,49,45,70,53,57,52,45,56,54,65,65,68,52,57,70,50,65,54,57,137,184,73,201,1,1"  
44:43  "[Net Receive]"  496  "240,3,36,49,53,54,51,53,50,54,69,45,53,57,53,68,45,48,50,49,49,45,70,53,57,52,45,56,54,65,65,68,52,57,70,50,65,54,57,135,191,73,0,1"  
44:43  "[Net Receive]"  496  "240,3,36,49,53,54,51,53,50,54,69,45,53,57,53,68,45,48,50,49,49,45,70,53,57,52,45,56,54,65,65,68,52,57,70,50,65,54,57,138,191,73,0,1"  
44:43  "[Net Receive]"  495  "239,3,36,49,53,54,51,53,50,54,69,45,53,57,53,68,45,48,50,49,49,45,70,53,57,52,45,56,54,65,65,68,52,57,70,50,65,54,57,4,0,0,0,0"  
44:43  "[Net Receive]"  494  "238,3,36,49,53,54,51,53,50,54,69,45,53,57,53,68,45,48,50,49,49,45,70,53,57,52,45,56,54,65,65,68,52,57,70,50,65,54,57,214,167,73,59"  
44:43  "[Net Receive]"  494  "238,3,36,49,53,54,51,53,50,54,69,45,53,57,53,68,45,48,50,49,49,45,70,53,57,52,45,56,54,65,65,68,52,57,70,50,65,54,57,184,175,73,0"  
44:43  "[Net Receive]"  494  "238,3,36,49,53,54,51,53,50,54,69,45,53,57,53,68,45,48,50,49,49,45,70,53,57,52,45,56,54,65,65,68,52,57,70,50,65,54,57,163,183,73,0"  
44:43  "[Net Receive]"  494  "238,3,36,49,53,54,51,53,50,54,69,45,53,57,53,68,45,48,50,49,49,45,70,53,57,52,45,56,54,65,65,68,52,57,70,50,65,54,57,129,184,73,0"  
44:43  "[Net Receive]"  492  "236,3,36,49,53,54,51,53,50,54,69,45,53,57,53,68,45,48,50,49,49,45,70,53,57,52,45,56,54,65,65,68,52,57,70,50,65,54,57,3,1"  
44:43  "[Net Receive]"  491  "235,3,36,49,53,54,51,53,50,54,69,45,53,57,53,68,45,48,50,49,49,45,70,53,57,52,45,56,54,65,65,68,52,57,70,50,65,54,57,202,153,67,0"  
44:43  "[Net Receive]"  397  "141,3,36,49,53,57,50,53,54,66,49,45,48,66,52,51,45,48,49,52,67,45,69,49,56,70,45,57,51,67,53,56,53,68,48,70,66,53,67,166,183,73,36,49,53,54,51,53,50,53,53,45,55,68,67,68,45,48,48,50,68,45,70,53,57,52,45,54,51,54,68,69,68,70,51,57,68,57,49,36,49,53,54,51,53,50,54,69,45,53,57,53,68,45,48,50,49,49,45,70,53,57,52,45,56,54,65,65,68,52,57,70,50,65,54,57,0,216,3,192,8,6,171,203,152,1,196,2,237,203,152,1,232,7,128,204,152,1,0,153,204,152,1,60,175,204,152,1,234,138,1,194,204,152,1,30,0,0,0,4,227,229,164,1,144,78,0,228,229,164,1,0,0,229,229,164,1,0,0,234,229,164,1,144,78,0"  
44:43  "[Net Receive]"  397  "141,3,36,49,53,57,50,65,66,67,68,45,67,52,56,54,45,48,65,50,49,45,67,67,65,70,45,68,55,67,69,48,55,68,67,53,67,51,54,166,183,73,36,49,53,54,51,53,50,53,53,45,55,68,67,68,45,48,48,50,68,45,70,53,57,52,45,54,51,54,68,69,68,70,51,57,68,57,49,36,49,53,54,51,53,50,54,69,45,53,57,53,68,45,48,50,49,49,45,70,53,57,52,45,56,54,65,65,68,52,57,70,50,65,54,57,0,214,3,192,8,5,171,203,152,1,232,7,237,203,152,1,232,7,153,204,152,1,60,175,204,152,1,216,173,3,194,204,152,1,30,0,0,0,1,227,229,164,1,144,78,0"  
44:43  "[Net Receive]"  398  "142,3,200,3,198,8,36,49,53,54,51,53,50,54,69,45,53,57,53,68,45,48,50,49,49,45,70,53,57,52,45,56,54,65,65,68,52,57,70,50,65,54,57,36,49,53,54,51,53,50,53,53,45,55,68,67,68,45,48,48,50,68,45,70,53,57,52,45,54,51,54,68,69,68,70,51,57,68,57,49,3,49,48,51,1,181,150,128,1,203,153,67,26,2,171,203,152,1,160,31,237,203,152,1,160,31,148,5,192,27,206,3,202,8,0,0,0,0,0,0"  
