22:11  "[Net Send]"  1630  "[222,12]"  
  
04,188,1,3,238,174,227,209,147,43,138,136,156,174,236,212,255,255,255,0,0,0"  
"  
22:9  "[Net Receive]"  0  "0,199,5,0,0"  
22:9  "[Net Send]"  713  "[201,5]"  
22:10  "[Net Send]"  1500  "[220,11]"  
22:10  "[Net Receive]"  0  "0,201,5,0,0"  
22:10  "[Net Send]"  1200  "[176,9]"  
22:10  "[Net Send]"  0  "[0,0,0,0]"  
22:10  "[Net Receive]"  1299  "147,10,249,161,184,1,1,238,174,227,209,147,43,138,136,156,174,236,212,255,255,255,1,185,178,116,1,0,0"  
22:10  "[Net Receive]"  1299  "147,10,225,169,184,1,2,241,174,227,209,147,43,139,161,215,21,0,0,0"  
22:10  "[Net Receive]"  1299  "147,10,245,169,184,1,2,241,174,227,209,147,43,139,161,215,21,0,0,0"  
22:10  "[Net Receive]"  1299  "147,10,209,204,188,1,3,238,174,227,209,147,43,138,136,156,174,236,212,255,255,255,0,0,0"  
22:10  "[Net Receive]"  1299  "147,10,210,204,188,1,3,238,174,227,209,147,43,138,136,156,174,236,212,255,255,255,0,0,0"  
22:10  "[Net Receive]"  1299  "147,10,211,204,188,1,3,238,174,227,209,147,43,138,136,156,174,236,212,255,255,255,0,0,0"  
22:10  "[Net Receive]"  1299  "147,10,213,204,188,1,3,238,174,227,209,147,43,138,136,156,174,236,212,255,255,255,0,0,0"  
22:10  "[Net Receive]"  0  "0,0,2,0"  
22:11  "[Net Send]"  400  "[144,3,36,49,53,57,51,65,51,56,68,45,54,66,67,49,45,48,56,70,68,45,70,70,57,51,45,70,55,65,70,55,51,65,50,70,70,68,52]"  
22:11  "[Net Send]"  413  "[157,3,36,49,53,57,51,65,51,56,68,45,54,66,67,49,45,48,56,70,68,45,70,70,57,51,45,70,55,65,70,55,51,65,50,70,70,68,52]"  
22:11  "[Net Receive]"  397  "141,3,36,49,53,57,51,65,51,56,68,45,54,66,67,49,45,48,56,70,68,45,70,70,57,51,45,70,55,65,70,55,51,65,50,70,70,68,52,137,198,73,36,49,53,57,51,65,51,56,53,45,51,68,53,49,45,48,56,66,57,45,70,70,57,51,45,57,68,49,56,70,55,52,57,53,65,66,52,0,3,103,103,103,72,244,1,9,161,203,152,1,144,8,167,203,152,1,2,171,203,152,1,2,237,203,152,1,2,175,204,152,1,160,156,1,176,204,152,1,128,199,140,2,177,204,152,1,144,78,192,204,152,1,128,199,140,2,193,204,152,1,144,78,0,0,0,1,230,229,164,1,128,168,204,123,203,208,203,123"  
22:11  "[Net Receive]"  493  "237,3,36,49,53,57,51,65,51,56,68,45,54,66,67,49,45,48,56,70,68,45,70,70,57,51,45,70,55,65,70,55,51,65,50,70,70,68,52,0,0,0"  
22:11  "[Net Receive]"  493  "237,3,36,49,53,57,51,65,51,56,68,45,54,66,67,49,45,48,56,70,68,45,70,70,57,51,45,70,55,65,70,55,51,65,50,70,70,68,52,0,0,0"  
22:11  "[Net Receive]"  499  "243,3,36,49,53,57,51,65,51,56,68,45,54,66,67,49,45,48,56,70,68,45,70,70,57,51,45,70,55,65,70,55,51,65,50,70,70,68,52,1,249,240,116,1,0,0,0,0,0"  
22:11  "[Net Receive]"  499  "243,3,36,49,53,57,51,65,51,56,68,45,54,66,67,49,45,48,56,70,68,45,70,70,57,51,45,70,55,65,70,55,51,65,50,70,70,68,52,6,217,209,116,1,0,0,0,0,0"  
22:11  "[Net Receive]"  499  "243,3,36,49,53,57,51,65,51,56,68,45,54,66,67,49,45,48,56,70,68,45,70,70,57,51,45,70,55,65,70,55,51,65,50,70,70,68,52,7,241,201,116,1,0,0,0,0,0"  
22:11  "[Net Receive]"  499  "243,3,36,49,53,57,51,65,51,56,68,45,54,66,67,49,45,48,56,70,68,45,70,70,57,51,45,70,55,65,70,55,51,65,50,70,70,68,52,8,193,217,116,1,0,0,0,0,0"  
22:11  "[Net Receive]"  499  "243,3,36,49,53,57,51,65,51,56,68,45,54,66,67,49,45,48,56,70,68,45,70,70,57,51,45,70,55,65,70,55,51,65,50,70,70,68,52,10,209,170,116,1,0,0,0,0,0"  
22:11  "[Net Receive]"  499  "243,3,36,49,53,57,51,65,51,56,68,45,54,66,67,49,45,48,56,70,68,45,70,70,57,51,45,70,55,65,70,55,51,65,50,70,70,68,52,15,185,178,116,1,0,0,0,0,0"  
22:11  "[Net Receive]"  499  "243,3,36,49,53,57,51,65,51,56,68,45,54,66,67,49,45,48,56,70,68,45,70,70,57,51,45,70,55,65,70,55,51,65,50,70,70,68,52,16,201,131,116,1,0,0,0,0,0"  
22:11  "[Net Receive]"  499  "243,3,36,49,53,57,51,65,51,56,68,45,54,66,67,49,45,48,56,70,68,45,70,70,57,51,45,70,55,65,70,55,51,65,50,70,70,68,52,18,169,225,116,1,0,0,0,0,0"  
22:11  "[Net Receive]"  499  "243,3,36,49,53,57,51,65,51,56,68,45,54,66,67,49,45,48,56,70,68,45,70,70,57,51,45,70,55,65,70,55,51,65,50,70,70,68,52,19,169,225,116,1,0,0,0,0,0"  
22:11  "[Net Receive]"  499  "243,3,36,49,53,57,51,65,51,56,68,45,54,66,67,49,45,48,56,70,68,45,70,70,57,51,45,70,55,65,70,55,51,65,50,70,70,68,52,20,177,136,117,1,0,0,0,0,0"  
22:11  "[Net Receive]"  499  "243,3,36,49,53,57,51,65,51,56,68,45,54,66,67,49,45,48,56,70,68,45,70,70,57,51,45,70,55,65,70,55,51,65,50,70,70,68,52,21,177,136,117,1,0,0,0,0,0"  
