24:11  "[Net Receive]"  397  "141,3,36,49,53,57,51,65,55,48,55,45,56,55,66,48,45,48,49,51,67,45,67,68,66,67,45,68,65,51,56,68,70,54,56,70,52,49,66,229,240,158,1,0,0,0,42,136,2,5,171,203,152,1,220,11,237,203,152,1,220,11,136,204,152,1,42,137,204,152,1,136,2,175,204,152,1,172,143,4,0,0,0,0"  
  
5,70,55,65,70,55,51,65,50,70,70,68,52,181,175,73,200,1,0"  
17:21  "[Net Receive]"  496  "240,3,36,49,53,57,51,65,51,56,68,45,54,66,67,49,45,48,56,70,68,45,70,70,57,51,45,70,55,65,70,55,51,65,50,70,70,68,52,157,183,73,200,1,0"  
17:21  "[Net Receive]"  0  "0,209,15,0,0"  
17:23  "[Net Send]"  0  "[0,0,0,0]"  
17:23  "[Net Receive]"  0  "0,0,2,0"  
17:25  "[Net Send]"  0  "[0,0,0,0]"  
17:25  "[Net Receive]"  0  "0,0,2,0"  
17:27  "[Net Send]"  0  "[0,0,0,0]"  
17:27  "[Net Receive]"  0  "0,0,2,0"  
17:29  "[Net Send]"  0  "[0,0,0,0]"  
17:29  "[Net Receive]"  0  "0,0,2,0"  
17:31  "[Net Send]"  0  "[0,0,0,0]"  
17:31  "[Net Receive]"  0  "0,0,2,0"  
17:33  "[Net Send]"  0  "[0,0,0,0]"  
17:33  "[Net Receive]"  0  "0,0,2,0"  
17:35  "[Net Send]"  0  "[0,0,0,0]"  
17:35  "[Net Receive]"  0  "0,0,2,0"  
17:37  "[Net Send]"  0  "[0,0,0,0]"  
17:37  "[Net Receive]"  0  "0,0,2,0"  
17:39  "[Net Send]"  0  "[0,0,0,0]"  
17:39  "[Net Receive]"  0  "0,0,2,0"  
17:41  "[Net Send]"  0  "[0,0,0,0]"  
17:41  "[Net Receive]"  0  "0,0,2,0"  
17:43  "[Net Send]"  0  "[0,0,0,0]"  
17:43  "[Net Receive]"  0  "0,0,2,0"  
17:44  "[Net Receive]"  397  "141,3,36,49,53,57,51,65,51,56,68,45,68,67,69,49,45,48,65,52,53,45,70,70,57,51,45,53,56,68,69,65,68,55,52,56,55,66,70,221,240,158,1,0,0,0,50,166,2,5,171,203,152,1,204,8,237,203,152,1,204,8,136,204,152,1,50,137,204,152,1,166,2,175,204,152,1,236,214,1,0,0,0,0"  
17:44  "[Net Receive]"  397  "141,3,36,49,53,57,51,65,51,56,68,45,68,66,50,49,45,48,57,70,53,45,70,70,57,51,45,57,48,57,54,50,66,66,65,49,51,67,50,227,240,158,1,0,0,0,48,164,2,5,171,203,152,1,248,10,237,203,152,1,248,10,136,204,152,1,48,137,204,152,1,164,2,175,204,152,1,152,236,3,0,0,0,0"  
17:44  "[Net Receive]"  397  "141,3,36,49,53,57,51,65,51,56,68,45,68,65,68,49,45,48,57,69,57,45,70,70,57,51,45,49,55,56,52,67,66,51,56,67,70,52,56,249,225,158,1,0,0,0,34,130,2,5,171,203,152,1,244,8,237,203,152,1,244,8,136,204,152,1,34,137,204,152,1,130,2,175,204,152,1,188,199,8,0,0,0,0"  
17:44  "[Net Receive]"  397  "141,3,36,49,53,57,51,65,51,56,68,45,69,53,56,49,45,48,66,53,57,45,70,70,57,51,45,53,48,48,53,67,67,67,68,52,51,48,53,242,225,158,1,0,0,0,106,172,2,5,171,203,152,1,136,4,237,203,152,1,136,4,136,204,152,1,106,137,204,152,1,172,2,175,204,152,1,224,180,2,0,0,0,0"  
17:44  "[Net Receive]"  397  "141,3,36,49,53,57,51,65,51,56,68,45,69,51,68,49,45,48,66,49,57,45,70,70,57,51,45,49,51,70,51,65,69,69,53,66,54,51,48,249,225,158,1,0,0,0,78,174,2,5,171,203,152,1,244,8,237,203,152,1,244,8,136,204,152,1,78,137,204,152,1,174,2,175,204,152,1,188,199,8,0,0,0,0"  
17:44  "[Net Receive]"  397  "141,3,36,49,53,57,51,65,51,56,68,45,69,51,65,49,45,48,66,49,49,45,70,70,57,51,45,66,65,48,50,48,56,55,51,54,67,70,50,230,240,158,1,0,0,0,96,138,2,5,171,203,152,1,142,12,237,203,152,1,142,12,136,204,152,1,96,137,204,152,1,138,2,175,204,152,1,130,154,5,0,0,0,0"  
17:44  "[Net Receive]"  397  "141,3,36,49,53,57,51,65,51,56,68,45,69,51,54,49,45,48,66,48,57,45,70,70,57,51,45,49,51,66,57,55,68,51,67,55,70,50,68,231,240,158,1,0,0,0,90,150,2,5,171,203,152,1,192,12,237,203,152,1,192,12,136,204,152,1,90,137,204,152,1,150,2,175,204,152,1,192,175,5,0,0,0,0"  
17:44  "[Net Receive]"  397  "141,3,36,49,53,57,51,65,51,56,68,45,69,53,67,49,45,48,66,54,57,45,70,70,57,51,45,65,50,50,65,65,50,56,69,49,51,68,54,241,225,158,1,0,0,0,104,160,2,5,171,203,152,1,204,3,237,203,152,1,204,3,136,204,152,1,104,137,204,152,1,160,2,175,204,152,1,144,145,2,0,0,0,0"  
17:44  "[Net Receive]"  397  "141,3,36,49,53,57,51,65,51,56,68,45,68,66,66,49,45,48,65,48,53,45,70,70,57,51,45,56,54,55,67,56,66,70,49,53,55,66,56,225,240,158,1,0,0,0,58,154,2,5,171,203,152,1,148,10,237,203,152,1,148,10,136,204,152,1,58,137,204,152,1,154,2,175,204,152,1,188,227,2,0,0,0,0"  
17:44  "[Net Receive]"  397  "141,3,36,49,53,57,51,65,51,56,68,45,68,67,67,49,45,48,65,51,53,45,70,70,57,51,45,48,67,56,56,56,49,57,69,70,53,57,67,241,225,158,1,0,0,0,36,174,2,5,171,203,152,1,204,3,237,203,152,1,204,3,136,204,152,1,36,137,204,152,1,174,2,175,204,152,1,144,145,2,0,0,0,0"  
17:44  "[Net Receive]"  397  "141,3,36,49,53,57,51,65,51,56,68,45,69,48,68,49,45,48,65,66,53,45,70,70,57,51,45,56,68,69,56,50,57,48,68,56,49,67,54,223,240,158,1,0,0,0,100,196,1,5,171,203,152,1,176,9,237,203,152,1,176,9,136,204,152,1,100,137,204,152,1,196,1,175,204,152,1,176,234,1,0,0,0,0"  
22:52  "!!!mainData.playerData.guideid>>>"  ""  ""  
22:56  "[Net Send]"  0  "[0,0,0,0]"  
22:56  "[Net Send]"  2001  "[209,15,248,161,184,1,1]"  
22:56  "[Net Receive]"  496  "240,3,36,49,53,57,51,65,51,56,68,45,54,66,67,49,45,48,56,70,68,45,70,70,57,51,45,70,55,65,70,55,51,65,50,70,70,68,52,177,168,73,144,3,0"  
22:56  "[Net Receive]"  0  "0,209,15,0,0"  
22:58  "[Net Send]"  0  "[0,0,0,0]"  
22:58  "[Net Receive]"  0  "0,0,2,0"  
23:0  "[Net Send]"  0  "[0,0,0,0]"  
23:0  "[Net Receive]"  0  "0,0,2,0"  
23:2  "[Net Send]"  0  "[0,0,0,0]"  
23:2  "[Net Receive]"  0  "0,0,2,0"  
23:4  "[Net Send]"  0  "[0,0,0,0]"  
23:4  "[Net Receive]"  0  "0,0,2,0"  
23:6  "[Net Send]"  0  "[0,0,0,0]"  
23:6  "[Net Receive]"  0  "0,0,2,0"  
23:8  "[Net Send]"  0  "[0,0,0,0]"  
23:8  "[Net Receive]"  0  "0,0,2,0"  
23:10  "[Net Send]"  0  "[0,0,0,0]"  
23:10  "[Net Receive]"  0  "0,0,2,0"  
23:12  "[Net Send]"  0  "[0,0,0,0]"  
23:12  "[Net Receive]"  0  "0,0,2,0"  
23:14  "[Net Send]"  0  "[0,0,0,0]"  
23:14  "[Net Receive]"  0  "0,0,2,0"  
23:16  "[Net Send]"  0  "[0,0,0,0]"  
23:16  "[Net Receive]"  0  "0,0,2,0"  
23:18  "[Net Send]"  0  "[0,0,0,0]"  
23:18  "[Net Receive]"  0  "0,0,2,0"  
23:20  "[Net Send]"  0  "[0,0,0,0]"  
23:20  "[Net Receive]"  0  "0,0,2,0"  
23:22  "[Net Send]"  0  "[0,0,0,0]"  
23:22  "[Net Receive]"  0  "0,0,2,0"  
23:24  "[Net Send]"  0  "[0,0,0,0]"  
23:24  "[Net Receive]"  0  "0,0,2,0"  
23:26  "[Net Send]"  0  "[0,0,0,0]"  
23:26  "[Net Receive]"  0  "0,0,2,0"  
23:28  "[Net Send]"  0  "[0,0,0,0]"  
23:28  "[Net Receive]"  0  "0,0,2,0"  
23:30  "[Net Send]"  0  "[0,0,0,0]"  
23:30  "[Net Receive]"  0  "0,0,2,0"  
23:32  "[Net Send]"  0  "[0,0,0,0]"  
23:32  "[Net Receive]"  0  "0,0,2,0"  
23:34  "[Net Send]"  0  "[0,0,0,0]"  
23:34  "[Net Receive]"  0  "0,0,2,0"  
23:36  "[Net Send]"  0  "[0,0,0,0]"  
23:36  "[Net Receive]"  0  "0,0,2,0"  
23:38  "[Net Send]"  0  "[0,0,0,0]"  
23:38  "[Net Receive]"  0  "0,0,2,0"  
23:41  "[Net Send]"  0  "[0,0,0,0]"  
23:41  "[Net Receive]"  0  "0,0,2,0"  
23:43  "[Net Send]"  0  "[0,0,0,0]"  
23:43  "[Net Receive]"  0  "0,0,2,0"  
23:45  "[Net Send]"  0  "[0,0,0,0]"  
23:45  "[Net Receive]"  0  "0,0,2,0"  
23:47  "[Net Send]"  0  "[0,0,0,0]"  
23:47  "[Net Receive]"  0  "0,0,2,0"  
23:49  "[Net Send]"  0  "[0,0,0,0]"  
23:49  "[Net Receive]"  0  "0,0,2,0"  
23:51  "[Net Send]"  0  "[0,0,0,0]"  
23:51  "[Net Receive]"  0  "0,0,2,0"  
23:53  "[Net Send]"  0  "[0,0,0,0]"  
23:53  "[Net Receive]"  0  "0,0,2,0"  
23:55  "[Net Send]"  0  "[0,0,0,0]"  
23:55  "[Net Send]"  700  "[188,5]"  
23:55  "[Net Send]"  711  "[199,5]"  
23:55  "[Net Receive]"  0  "0,0,2,0"  
23:56  "[Net Send]"  713  "[201,5]"  
23:56  "[Net Receive]"  0  "0,188,5,0,0"  
23:57  "[Net Send]"  1500  "[220,11]"  
23:57  "[Net Receive]"  0  "0,200,5,0,0"  
23:57  "[Net Send]"  1200  "[176,9]"  
23:58  "[Net Send]"  0  "[0,0,0,0]"  
23:58  "[Net Receive]"  1299  "147,10,249,161,184,1,1,192,168,227,209,147,43,217,229,185,172,236,212,255,255,255,1,185,178,116,1,0,0"  
23:58  "[Net Receive]"  1299  "147,10,229,169,184,1,2,192,168,227,209,147,43,218,254,244,19,0,0,0"  
23:58  "[Net Receive]"  1299  "147,10,209,204,188,1,3,192,168,227,209,147,43,217,229,185,172,236,212,255,255,255,0,0,0"  
23:58  "[Net Receive]"  1299  "147,10,210,204,188,1,3,192,168,227,209,147,43,217,229,185,172,236,212,255,255,255,0,0,0"  
23:58  "[Net Receive]"  1299  "147,10,211,204,188,1,3,192,168,227,209,147,43,217,229,185,172,236,212,255,255,255,0,0,0"  
23:58  "[Net Receive]"  1299  "147,10,213,204,188,1,3,192,168,227,209,147,43,217,229,185,172,236,212,255,255,255,0,0,0"  
23:58  "[Net Receive]"  0  "0,176,9,0,0"  
23:58  "[Net Receive]"  0  "0,0,2,0"  
23:59  "[Net Send]"  400  "[144,3,36,49,53,57,51,65,51,56,68,45,54,66,67,49,45,48,56,70,68,45,70,70,57,51,45,70,55,65,70,55,51,65,50,70,70,68,52]"  
23:59  "[Net Send]"  413  "[157,3,36,49,53,57,51,65,51,56,68,45,54,66,67,49,45,48,56,70,68,45,70,70,57,51,45,70,55,65,70,55,51,65,50,70,70,68,52]"  
23:59  "[Net Receive]"  380  "252,2,36,49,53,57,51,65,51,56,68,45,54,66,67,49,45,48,56,70,68,45,70,70,57,51,45,70,55,65,70,55,51,65,50,70,70,68,52,0,0,0,0,36,48,48,48,48,48,48,48,48,45,48,48,48,48,45,48,48,48,48,45,48,48,48,48,45,48,48,48,48,48,48,48,48,48,48,48,48"  
23:59  "[Net Receive]"  493  "237,3,36,49,53,57,51,65,51,56,68,45,54,66,67,49,45,48,56,70,68,45,70,70,57,51,45,70,55,65,70,55,51,65,50,70,70,68,52,0,0,0"  
23:59  "[Net Receive]"  499  "243,3,36,49,53,57,51,65,51,56,68,45,54,66,67,49,45,48,56,70,68,45,70,70,57,51,45,70,55,65,70,55,51,65,50,70,70,68,52,1,249,240,116,1,0,0,0,0,0"  
23:59  "[Net Receive]"  499  "243,3,36,49,53,57,51,65,51,56,68,45,54,66,67,49,45,48,56,70,68,45,70,70,57,51,45,70,55,65,70,55,51,65,50,70,70,68,52,7,241,201,116,1,0,0,0,0,0"  
23:59  "[Net Receive]"  499  "243,3,36,49,53,57,51,65,51,56,68,45,54,66,67,49,45,48,56,70,68,45,70,70,57,51,45,70,55,65,70,55,51,65,50,70,70,68,52,10,209,170,116,1,0,0,0,0,0"  
23:59  "[Net Receive]"  499  "243,3,36,49,53,57,51,65,51,56,68,45,54,66,67,49,45,48,56,70,68,45,70,70,57,51,45,70,55,65,70,55,51,65,50,70,70,68,52,16,201,131,116,1,0,0,0,0,0"  
23:59  "[Net Receive]"  499  "243,3,36,49,53,57,51,65,51,56,68,45,54,66,67,49,45,48,56,70,68,45,70,70,57,51,45,70,55,65,70,55,51,65,50,70,70,68,52,18,169,225,116,1,0,0,0,0,0"  
23:59  "[Net Receive]"  499  "243,3,36,49,53,57,51,65,51,56,68,45,54,66,67,49,45,48,56,70,68,45,70,70,57,51,45,70,55,65,70,55,51,65,50,70,70,68,52,21,177,136,117,1,0,0,0,0,0"  
23:59  "[Net Receive]"  499  "243,3,36,49,53,57,51,65,51,56,68,45,54,66,67,49,45,48,56,70,68,45,70,70,57,51,45,70,55,65,70,55,51,65,50,70,70,68,52,23,177,136,117,1,0,0,0,0,0"  
23:59  "[Net Receive]"  499  "243,3,36,49,53,57,51,65,51,56,68,45,54,66,67,49,45,48,56,70,68,45,70,70,57,51,45,70,55,65,70,55,51,65,50,70,70,68,52,25,177,136,117,1,0,0,0,0,0"  
23:59  "[Net Receive]"  499  "243,3,36,49,53,57,51,65,51,56,68,45,54,66,67,49,45,48,56,70,68,45,70,70,57,51,45,70,55,65,70,55,51,65,50,70,70,68,52,27,177,136,117,1,0,0,0,0,0"  
23:59  "[Net Receive]"  499  "243,3,36,49,53,57,51,65,51,56,68,45,54,66,67,49,45,48,56,70,68,45,70,70,57,51,45,70,55,65,70,55,51,65,50,70,70,68,52,29,177,136,117,1,0,0,0,0,0"  
23:59  "[Net Receive]"  499  "243,3,36,49,53,57,51,65,51,56,68,45,54,66,67,49,45,48,56,70,68,45,70,70,57,51,45,70,55,65,70,55,51,65,50,70,70,68,52,31,177,136,117,1,0,0,0,0,0"  
23:59  "[Net Receive]"  499  "243,3,36,49,53,57,51,65,51,56,68,45,54,66,67,49,45,48,56,70,68,45,70,70,57,51,45,70,55,65,70,55,51,65,50,70,70,68,52,37,185,175,117,1,0,0,0,0,0"  
23:59  "[Net Receive]"  498  "242,3,36,49,53,57,51,65,51,56,68,45,54,66,67,49,45,48,56,70,68,45,70,70,57,51,45,70,55,65,70,55,51,65,50,70,70,68,52,201,153,67,130,141,6"  
23:59  "[Net Receive]"  498  "242,3,36,49,53,57,51,65,51,56,68,45,54,66,67,49,45,48,56,70,68,45,70,70,57,51,45,70,55,65,70,55,51,65,50,70,70,68,52,204,153,67,144,78"  
23:59  "[Net Receive]"  498  "242,3,36,49,53,57,51,65,51,56,68,45,54,66,67,49,45,48,56,70,68,45,70,70,57,51,45,70,55,65,70,55,51,65,50,70,70,68,52,177,161,67,160,141,6"  
23:59  "[Net Receive]"  498  "242,3,36,49,53,57,51,65,51,56,68,45,54,66,67,49,45,48,56,70,68,45,70,70,57,51,45,70,55,65,70,55,51,65,50,70,70,68,52,179,161,67,160,141,6"  
24:0  "[Net Receive]"  498  "242,3,36,49,53,57,51,65,51,56,68,45,54,66,67,49,45,48,56,70,68,45,70,70,57,51,45,70,55,65,70,55,51,65,50,70,70,68,52,233,184,67,10"  
24:0  "[Net Receive]"  496  "240,3,36,49,53,57,51,65,51,56,68,45,54,66,67,49,45,48,56,70,68,45,70,70,57,51,45,70,55,65,70,55,51,65,50,70,70,68,52,177,168,73,144,3,0"  
24:0  "[Net Receive]"  496  "240,3,36,49,53,57,51,65,51,56,68,45,54,66,67,49,45,48,56,70,68,45,70,70,57,51,45,70,55,65,70,55,51,65,50,70,70,68,52,157,183,73,144,3,0"  
24:0  "[Net Receive]"  0  "0,144,3,0,0"  
24:0  "[Net Send]"  1630  "[222,12]"  
24:0  "[Net Receive]"  0  "0,157,3,248,219,8,36,49,53,57,51,65,51,56,68,45,54,66,67,49,45,48,56,70,68,45,70,70,57,51,45,70,55,65,70,55,51,65,50,70,70,68,52"  
24:0  "[Net Send]"  0  "[0,0,0,0]"  
24:0  "[Net Receive]"  0  "0,222,12,214,244,8,0"  
24:0  "[Net Send]"  1619  "[211,12]"  
24:0  "[Net Receive]"  1658  "250,12,0"  
24:1  "[Net Send]"  0  "[0,0,0,0]"  
24:2  "[Net Receive]"  0  "0,0,2,0"  
24:3  "[Net Send]"  0  "[0,0,0,0]"  
24:3  "[Net Receive]"  0  "0,0,2,0"  
24:5  "[Net Send]"  0  "[0,0,0,0]"  
24:6  "[Net Receive]"  0  "0,0,2,0"  
24:7  "[Net Send]"  0  "[0,0,0,0]"  
24:8  "[Net Receive]"  0  "0,0,2,0"  
24:10  "[Net Send]"  0  "[0,0,0,0]"  
24:10  "[Net Send]"  206  "[206,1,3,97,98,99]"  
24:10  "[Net Send]"  301  "[173,2,40,216,1,32,28]"  
24:10  "[Net Send]"  302  "[174,2,40,216,1,32,28]"  
24:11  "[Net Receive]"  397  "141,3,36,49,53,57,51,65,55,48,55,45,56,52,70,48,45,48,48,70,67,45,67,68,66,67,45,67,51,67,49,67,54,55,68,70,55,49,52,242,225,158,1,0,0,0,40,250,1,5,171,203,152,1,136,4,237,203,152,1,136,4,136,204,152,1,40,137,204,152,1,250,1,175,204,152,1,224,180,2,0,0,0,0"  
24:11  "[Net Receive]"  397  "141,3,36,49,53,57,51,65,51,56,68,45,68,55,49,49,45,48,57,54,49,45,70,70,57,51,45,54,65,56,54,48,48,53,68,50,52,69,57,247,225,158,1,0,0,0,44,222,1,5,171,203,152,1,252,7,237,203,152,1,252,7,136,204,152,1,44,137,204,152,1,222,1,175,204,152,1,148,212,7,0,0,0,0"  
24:11  "[Net Receive]"  397  "141,3,36,49,53,57,51,65,51,56,68,45,68,55,70,49,45,48,57,56,57,45,70,70,57,51,45,51,70,49,55,66,51,65,65,57,66,55,68,223,240,158,1,0,0,0,44,232,1,5,171,203,152,1,176,9,237,203,152,1,176,9,136,204,152,1,44,137,204,152,1,232,1,175,204,152,1,176,234,1,0,0,0,0"  
24:11  "[Net Receive]"  397  "141,3,36,49,53,57,51,65,51,56,68,45,68,55,51,49,45,48,57,54,53,45,70,70,57,51,45,66,70,65,57,53,70,52,50,49,57,66,54,226,240,158,1,0,0,0,44,236,1,5,171,203,152,1,198,10,237,203,152,1,198,10,136,204,152,1,44,137,204,152,1,236,1,175,204,152,1,146,241,2,0,0,0,0"  
24:11  "[Net Receive]"  397  "141,3,36,49,53,57,51,65,51,56,68,45,68,56,53,49,45,48,57,65,53,45,70,70,57,51,45,54,55,57,66,69,69,49,57,68,68,52,52,241,225,158,1,0,0,0,44,244,1,5,171,203,152,1,204,3,237,203,152,1,204,3,136,204,152,1,44,137,204,152,1,244,1,175,204,152,1,144,145,2,0,0,0,0"  
24:11  "[Net Receive]"  397  "141,3,36,49,53,57,51,65,51,56,68,45,68,56,67,49,45,48,57,66,53,45,70,70,57,51,45,53,51,69,54,57,51,65,70,57,50,52,51,255,225,158,1,0,0,0,44,128,2,5,171,203,152,1,236,14,237,203,152,1,236,14,136,204,152,1,44,137,204,152,1,128,2,175,204,152,1,204,204,19,0,0,0,0"  
24:11  "[Net Receive]"  397  "141,3,36,49,53,57,51,65,55,48,55,45,56,56,53,48,45,48,49,53,48,45,67,68,66,67,45,67,54,55,52,66,65,66,56,51,49,52,52,247,225,158,1,0,0,0,44,134,2,5,171,203,152,1,252,7,237,203,152,1,252,7,136,204,152,1,44,137,204,152,1,134,2,175,204,152,1,148,212,7,0,0,0,0"  
24:11  "[Net Receive]"  397  "141,3,36,49,53,57,51,65,51,56,68,45,68,54,49,49,45,48,57,52,57,45,70,70,57,51,45,68,68,69,48,50,68,70,67,48,70,69,53,230,240,158,1,0,0,0,46,222,1,5,171,203,152,1,142,12,237,203,152,1,142,12,136,204,152,1,46,137,204,152,1,222,1,175,204,152,1,130,154,5,0,0,0,0"  
24:11  "[Net Receive]"  397  "141,3,36,49,53,57,51,65,51,56,68,45,68,53,52,49,45,48,57,50,57,45,70,70,57,51,45,50,56,52,56,49,67,66,56,48,50,70,67,234,240,158,1,0,0,0,46,236,1,5,171,203,152,1,214,13,237,203,152,1,214,13,136,204,152,1,46,137,204,152,1,236,1,175,204,152,1,214,248,6,0,0,0,0"  
24:11  "[Net Receive]"  397  "141,3,36,49,53,57,51,65,51,56,68,45,68,56,55,49,45,48,57,65,57,45,70,70,57,51,45,67,69,56,53,51,69,65,55,49,54,53,49,221,240,158,1,0,0,0,46,240,1,5,171,203,152,1,204,8,237,203,152,1,204,8,136,204,152,1,46,137,204,152,1,240,1,175,204,152,1,236,214,1,0,0,0,0"  
24:11  "[Net Receive]"  397  "141,3,36,49,53,57,51,65,51,56,68,45,68,56,51,49,45,48,57,57,57,45,70,70,57,51,45,50,67,65,68,70,65,56,67,50,52,52,54,222,240,158,1,0,0,0,48,216,1,5,171,203,152,1,254,8,237,203,152,1,254,8,136,204,152,1,48,137,204,152,1,216,1,175,204,152,1,206,224,1,0,0,0,0"  
