1:9  "[Net Receive]"  0  "0,206,1,0,0"  


,8,0"  
53,56,50,51,55,49,57,45,53,56,48,49,45,48,66,51,48,45,69,68,56,52,45,50,57,48,53,51,53,52,50,50,69,56,50"  
,49,53,56,50,51,55,49,54,45,69,50,49,49,45,48,66,50,52,45,69,68,56,52,45,52,55,57,66,54,69,54,69,50,67,50,69,36,49,53,56,50,51,55,49,57,45,53,56,48,49,45,48,66,51,48,45,69,68,56,52,45,50,57,48,53,51,53,52,50,50,69,56,50,0,195,8,203,6,3,171,203,152,1,232,7,237,203,152,1,232,7,175,204,152,1,216,173,3,1,0,0,0"  
,207,1,2,1,0"  
0:40  "[Net Receive]"  1599  "191,12,165,195,207,1,19,4,1,169,202,207,1"  
0:40  "[Net Receive]"  1599  "191,12,167,195,207,1,29,6,1,171,202,207,1"  
0:40  "[Net Receive]"  1599  "191,12,169,195,207,1,37,4,1,173,202,207,1"  
0:40  "[Net Receive]"  1599  "191,12,137,196,207,1,8,6,1,175,202,207,1"  
0:40  "[Net Receive]"  1599  "191,12,139,196,207,1,30,12,1,177,202,207,1"  
0:40  "[Net Receive]"  1599  "191,12,141,196,207,1,19,3,1,179,202,207,1"  
0:40  "[Net Receive]"  1599  "191,12,142,196,207,1,23,6,1,180,202,207,1"  
0:40  "[Net Receive]"  1599  "191,12,238,196,207,1,13,1,1,188,202,207,1"  
0:40  "[Net Receive]"  1599  "191,12,240,196,207,1,9,2,1,190,202,207,1"  
0:40  "[Net Receive]"  1599  "191,12,242,196,207,1,21,4,1,192,202,207,1"  
0:40  "[Net Receive]"  1599  "191,12,210,197,207,1,6,1,1,194,202,207,1"  
0:40  "[Net Receive]"  1599  "191,12,211,197,207,1,7,2,1,195,202,207,1"  
0:40  "[Net Receive]"  1299  "147,10,211,219,183,1,1,184,209,231,183,143,43,170,134,143,173,236,212,255,255,255,1,153,147,116,1,0,0"  
0:40  "[Net Receive]"  1299  "147,10,225,169,184,1,2,232,251,187,207,147,43,171,159,202,20,0,0,0"  
0:40  "[Net Receive]"  1299  "147,10,229,169,184,1,2,160,181,152,246,146,43,0,1,202,153,67,144,78,0,0"  
0:40  "[Net Receive]"  1299  "147,10,237,169,184,1,2,232,251,187,207,147,43,171,159,202,20,0,0,0"  
0:40  "[Net Receive]"  1299  "147,10,245,169,184,1,2,232,251,187,207,147,43,171,159,202,20,1,180,161,67,196,19,0,0"  
0:40  "[Net Receive]"  1299  "147,10,210,204,188,1,1,248,250,140,168,145,43,170,134,143,173,236,212,255,255,255,0,0,0"  
0:40  "[Net Receive]"  1299  "147,10,212,204,188,1,1,248,250,140,168,145,43,170,134,143,173,236,212,255,255,255,0,0,0"  
0:40  "[Net Receive]"  1299  "147,10,213,204,188,1,1,248,250,140,168,145,43,170,134,143,173,236,212,255,255,255,0,0,0"  
0:41  "[Net Send]"  0  "[0,0,0,0]"  
0:41  "[Net Send]"  400  "[144,3,36,49,53,56,50,51,55,49,57,45,53,56,48,49,45,48,66,51,48,45,69,68,56,52,45,50,57,48,53,51,53,52,50,50,69,56,50]"  
0:41  "[Net Send]"  413  "[157,3,36,49,53,56,50,51,55,49,57,45,53,56,48,49,45,48,66,51,48,45,69,68,56,52,45,50,57,48,53,51,53,52,50,50,69,56,50]"  
0:41  "[Net Receive]"  397  "141,3,36,49,53,56,50,51,55,49,57,45,53,56,48,49,45,48,66,51,48,45,69,68,56,52,45,50,57,48,53,51,53,52,50,50,69,56,50,137,198,73,36,49,53,56,50,51,55,49,54,45,69,50,49,49,45,48,66,50,52,45,69,68,56,52,45,52,55,57,66,54,69,54,69,50,67,50,69,0,6,231,185,129,229,141,142,195,8,203,6,11,161,203,152,1,250,229,1,167,203,152,1,60,171,203,152,1,2,237,203,152,1,2,163,204,152,1,195,8,164,204,152,1,203,6,175,204,152,1,192,207,36,176,204,152,1,128,199,140,2,177,204,152,1,224,167,18,192,204,152,1,128,199,140,2,193,204,152,1,224,167,18,0,0,0,1,230,229,164,1,0,0"  
0:41  "[Net Receive]"  493  "237,3,36,49,53,56,50,51,55,49,57,45,53,56,48,49,45,48,66,51,48,45,69,68,56,52,45,50,57,48,53,51,53,52,50,50,69,56,50,0,0,0"  
0:41  "[Net Receive]"  499  "243,3,36,49,53,56,50,51,55,49,57,45,53,56,48,49,45,48,66,51,48,45,69,68,56,52,45,50,57,48,53,51,53,52,50,50,69,56,50,3,178,139,116,1,0,0,0,0,0"  
0:41  "[Net Receive]"  499  "243,3,36,49,53,56,50,51,55,49,57,45,53,56,48,49,45,48,66,51,48,45,69,68,56,52,45,50,57,48,53,51,53,52,50,50,69,56,50,7,241,201,116,1,0,0,0,0,0"  
0:41  "[Net Receive]"  499  "243,3,36,49,53,56,50,51,55,49,57,45,53,56,48,49,45,48,66,51,48,45,69,68,56,52,45,50,57,48,53,51,53,52,50,50,69,56,50,11,129,155,116,1,0,0,0,0,0"  
0:41  "[Net Receive]"  499  "243,3,36,49,53,56,50,51,55,49,57,45,53,56,48,49,45,48,66,51,48,45,69,68,56,52,45,50,57,48,53,51,53,52,50,50,69,56,50,15,185,178,116,30,0,0,0,0,0"  
0:41  "[Net Receive]"  499  "243,3,36,49,53,56,50,51,55,49,57,45,53,56,48,49,45,48,66,51,48,45,69,68,56,52,45,50,57,48,53,51,53,52,50,50,69,56,50,19,169,225,116,1,0,0,0,0,0"  
0:41  "[Net Receive]"  499  "243,3,36,49,53,56,50,51,55,49,57,45,53,56,48,49,45,48,66,51,48,45,69,68,56,52,45,50,57,48,53,51,53,52,50,50,69,56,50,23,177,136,117,1,0,0,0,0,0"  
0:41  "[Net Receive]"  499  "243,3,36,49,53,56,50,51,55,49,57,45,53,56,48,49,45,48,66,51,48,45,69,68,56,52,45,50,57,48,53,51,53,52,50,50,69,56,50,27,177,136,117,1,0,0,0,0,0"  
0:41  "[Net Receive]"  499  "243,3,36,49,53,56,50,51,55,49,57,45,53,56,48,49,45,48,66,51,48,45,69,68,56,52,45,50,57,48,53,51,53,52,50,50,69,56,50,31,177,136,117,1,0,0,0,0,0"  
0:41  "[Net Receive]"  498  "242,3,36,49,53,56,50,51,55,49,57,45,53,56,48,49,45,48,66,51,48,45,69,68,56,52,45,50,57,48,53,51,53,52,50,50,69,56,50,201,153,67,176,234,187,187,200,46"  
0:41  "[Net Receive]"  498  "242,3,36,49,53,56,50,51,55,49,57,45,53,56,48,49,45,48,66,51,48,45,69,68,56,52,45,50,57,48,53,51,53,52,50,50,69,56,50,145,155,67,221,241,232,201,20"  
0:41  "[Net Receive]"  498  "242,3,36,49,53,56,50,51,55,49,57,45,53,56,48,49,45,48,66,51,48,45,69,68,56,52,45,50,57,48,53,51,53,52,50,50,69,56,50,178,161,67,196,236,179,130,233,5"  
0:41  "[Net Receive]"  498  "242,3,36,49,53,56,50,51,55,49,57,45,53,56,48,49,45,48,66,51,48,45,69,68,56,52,45,50,57,48,53,51,53,52,50,50,69,56,50,233,184,67,10"  
0:41  "[Net Receive]"  496  "240,3,36,49,53,56,50,51,55,49,57,45,53,56,48,49,45,48,66,51,48,45,69,68,56,52,45,50,57,48,53,51,53,52,50,50,69,56,50,183,175,73,0,1"  
0:41  "[Net Receive]"  496  "240,3,36,49,53,56,50,51,55,49,57,45,53,56,48,49,45,48,66,51,48,45,69,68,56,52,45,50,57,48,53,51,53,52,50,50,69,56,50,187,175,73,0,1"  
0:41  "[Net Receive]"  496  "240,3,36,49,53,56,50,51,55,49,57,45,53,56,48,49,45,48,66,51,48,45,69,68,56,52,45,50,57,48,53,51,53,52,50,50,69,56,50,157,183,73,128,12,0"  
0:41  "[Net Receive]"  493  "237,3,36,49,53,56,50,51,55,49,57,45,53,56,48,49,45,48,66,51,48,45,69,68,56,52,45,50,57,48,53,51,53,52,50,50,69,56,50,0,0,0"  
0:41  "[Net Receive]"  397  "141,3,36,49,53,57,50,66,51,53,69,45,51,69,54,56,45,48,53,56,49,45,68,56,68,49,45,49,65,68,48,68,65,51,54,57,54,54,55,166,183,73,36,49,53,56,50,51,55,49,54,45,69,50,49,49,45,48,66,50,52,45,69,68,56,52,45,52,55,57,66,54,69,54,69,50,67,50,69,36,49,53,56,50,51,55,49,57,45,53,56,48,49,45,48,66,51,48,45,69,68,56,52,45,50,57,48,53,51,53,52,50,50,69,56,50,0,195,8,203,6,3,171,203,152,1,138,7,237,203,152,1,232,7,175,204,152,1,204,132,3,1,0,0,0"  
0:41  "[Net Receive]"  397  "141,3,36,49,53,57,50,66,51,53,70,45,55,55,69,56,45,48,53,57,53,45,68,56,68,49,45,55,54,53,48,48,68,67,69,65,49,55,66,166,183,73,36,49,53,56,50,51,55,49,54,45,69,50,49,49,45,48,66,50,52,45,69,68,56,52,45,52,55,57,66,54,69,54,69,50,67,50,69,36,49,53,56,50,51,55,49,57,45,53,56,48,49,45,48,66,51,48,45,69,68,56,52,45,50,57,48,53,51,53,52,50,50,69,56,50,0,195,8,203,6,3,171,203,152,1,232,7,237,203,152,1,232,7,175,204,152,1,216,173,3,1,0,0,0"  
0:41  "[Net Send]"  1619  "[211,12]"  
0:42  "[Net Receive]"  1658  "250,12,0"  
0:43  "[Net Send]"  0  "[0,0,0,0]"  
0:43  "[Net Receive]"  0  "0,0,2,0"  
0:45  "[Net Send]"  0  "[0,0,0,0]"  
0:45  "[Net Receive]"  0  "0,0,2,0"  
0:47  "[Net Send]"  0  "[0,0,0,0]"  
0:47  "[Net Receive]"  0  "0,0,2,0"  
0:49  "[Net Send]"  0  "[0,0,0,0]"  
0:49  "[Net Receive]"  0  "0,0,2,0"  
0:51  "[Net Send]"  0  "[0,0,0,0]"  
0:51  "[Net Receive]"  0  "0,0,2,0"  
0:53  "[Net Send]"  0  "[0,0,0,0]"  
0:53  "[Net Receive]"  0  "0,0,2,0"  
0:54  "[Net Send]"  206  "[206,1,3,97,98,99]"  
0:54  "[Net Receive]"  296  "168,2,3,97,98,99,249,230,241,210,147,43"  
0:55  "[Net Send]"  0  "[0,0,0,0]"  
0:55  "[Net Receive]"  0  "0,0,2,0"  
0:57  "[Net Send]"  0  "[0,0,0,0]"  
0:57  "[Net Receive]"  0  "0,0,2,0"  
0:59  "[Net Send]"  0  "[0,0,0,0]"  
0:59  "[Net Receive]"  0  "0,0,2,0"  
1:1  "[Net Send]"  0  "[0,0,0,0]"  
1:1  "[Net Receive]"  0  "0,0,2,0"  
1:3  "[Net Send]"  0  "[0,0,0,0]"  
1:3  "[Net Receive]"  0  "0,0,2,0"  
1:5  "[Net Send]"  0  "[0,0,0,0]"  
1:5  "[Net Receive]"  0  "0,0,2,0"  
1:7  "[Net Send]"  0  "[0,0,0,0]"  
1:7  "[Net Receive]"  0  "0,0,2,0"  
1:9  "[Net Send]"  0  "[0,0,0,0]"  
1:9  "[Net Receive]"  0  "0,0,2,0"  
1:9  "[Net Send]"  206  "[206,1,3,97,98,99]"  
1:9  "[Net Receive]"  296  "168,2,3,97,98,99,161,220,242,210,147,43"  
1:11  "[Net Send]"  0  "[0,0,0,0]"  
1:11  "[Net Receive]"  0  "0,0,2,0"  
1:13  "[Net Send]"  0  "[0,0,0,0]"  
1:13  "[Net Receive]"  0  "0,0,2,0"  
1:15  "[Net Send]"  0  "[0,0,0,0]"  
1:15  "[Net Receive]"  0  "0,0,2,0"  
1:17  "[Net Send]"  0  "[0,0,0,0]"  
1:17  "[Net Receive]"  0  "0,0,2,0"  
1:19  "[Net Send]"  0  "[0,0,0,0]"  
1:19  "[Net Receive]"  0  "0,0,2,0"  
